<?xml version="1.0" encoding="UTF-8"?>
<!-- Generated by org.testng.reporters.JUnitXMLReporter -->
<testsuite hostname="DESKTOP-U3PMRBE" ignored="23" name="Default test" tests="1" failures="1" timestamp="2019-11-25T17:30:43 IST" time="133.754" errors="0">
  <testcase name="verifybalancecheckinsubaccounts" time="124.997" classname="GT.GT.AccountPageTest">
    <failure type="org.openqa.selenium.NoSuchWindowException" message="no such window: target window already closed
from unknown error: web view not found
  (Session info: chrome=78.0.3904.108)
  (Driver info: chromedriver=2.43.600210 (68dcf5eebde37173d4027fa8635e332711d2874a),platform=Windows NT 10.0.17763 x86_64) (WARNING: The server did not provide any stacktrace information)
Command duration or timeout: 0 milliseconds
Build info: version: &amp;apos;3.10.0&amp;apos;, revision: &amp;apos;176b4a9&amp;apos;, time: &amp;apos;2018-03-02T19:03:16.397Z&amp;apos;
System info: host: &amp;apos;DESKTOP-U3PMRBE&amp;apos;, ip: &amp;apos;169.254.86.53&amp;apos;, os.name: &amp;apos;Windows 10&amp;apos;, os.arch: &amp;apos;amd64&amp;apos;, os.version: &amp;apos;10.0&amp;apos;, java.version: &amp;apos;1.8.0_221&amp;apos;
Driver info: org.openqa.selenium.chrome.ChromeDriver
Capabilities {acceptInsecureCerts: false, acceptSslCerts: false, applicationCacheEnabled: false, browserConnectionEnabled: false, browserName: chrome, chrome: {chromedriverVersion: 2.43.600210 (68dcf5eebde371..., userDataDir: C:\Users\smsc\AppData\Local...}, cssSelectorsEnabled: true, databaseEnabled: false, goog:chromeOptions: {debuggerAddress: localhost:40674}, handlesAlerts: true, hasTouchScreen: false, javascriptEnabled: true, locationContextEnabled: true, mobileEmulationEnabled: false, nativeEvents: true, networkConnectionEnabled: false, pageLoadStrategy: normal, platform: XP, platformName: XP, rotatable: false, setWindowRect: true, takesHeapSnapshot: true, takesScreenshot: true, unexpectedAlertBehaviour: , unhandledPromptBehavior: , version: 78.0.3904.108, webStorageEnabled: true}
Session ID: 54e3c93134de8f91b417633edb408ccc
*** Element info: {Using=xpath, value=//*[@class=&amp;quot;col-xs-4 col-sm-3 oncall-admin&amp;quot;]//*[@class=&amp;quot;persn-phnm-det&amp;quot;]}">
      <![CDATA[org.openqa.selenium.NoSuchWindowException: no such window: target window already closed
from unknown error: web view not found
  (Session info: chrome=78.0.3904.108)
  (Driver info: chromedriver=2.43.600210 (68dcf5eebde37173d4027fa8635e332711d2874a),platform=Windows NT 10.0.17763 x86_64) (WARNING: The server did not provide any stacktrace information)
Command duration or timeout: 0 milliseconds
Build info: version: '3.10.0', revision: '176b4a9', time: '2018-03-02T19:03:16.397Z'
System info: host: 'DESKTOP-U3PMRBE', ip: '169.254.86.53', os.name: 'Windows 10', os.arch: 'amd64', os.version: '10.0', java.version: '1.8.0_221'
Driver info: org.openqa.selenium.chrome.ChromeDriver
Capabilities {acceptInsecureCerts: false, acceptSslCerts: false, applicationCacheEnabled: false, browserConnectionEnabled: false, browserName: chrome, chrome: {chromedriverVersion: 2.43.600210 (68dcf5eebde371..., userDataDir: C:\Users\smsc\AppData\Local...}, cssSelectorsEnabled: true, databaseEnabled: false, goog:chromeOptions: {debuggerAddress: localhost:40674}, handlesAlerts: true, hasTouchScreen: false, javascriptEnabled: true, locationContextEnabled: true, mobileEmulationEnabled: false, nativeEvents: true, networkConnectionEnabled: false, pageLoadStrategy: normal, platform: XP, platformName: XP, rotatable: false, setWindowRect: true, takesHeapSnapshot: true, takesScreenshot: true, unexpectedAlertBehaviour: , unhandledPromptBehavior: , version: 78.0.3904.108, webStorageEnabled: true}
Session ID: 54e3c93134de8f91b417633edb408ccc
*** Element info: {Using=xpath, value=//*[@class="col-xs-4 col-sm-3 oncall-admin"]//*[@class="persn-phnm-det"]}
at sun.reflect.NativeConstructorAccessorImpl.newInstance0(Native Method)
at sun.reflect.NativeConstructorAccessorImpl.newInstance(Unknown Source)
at sun.reflect.DelegatingConstructorAccessorImpl.newInstance(Unknown Source)
at java.lang.reflect.Constructor.newInstance(Unknown Source)
at org.openqa.selenium.remote.ErrorHandler.createThrowable(ErrorHandler.java:214)
at org.openqa.selenium.remote.ErrorHandler.throwIfResponseFailed(ErrorHandler.java:166)
at org.openqa.selenium.remote.http.JsonHttpResponseCodec.reconstructValue(JsonHttpResponseCodec.java:40)
at org.openqa.selenium.remote.http.AbstractHttpResponseCodec.decode(AbstractHttpResponseCodec.java:80)
at org.openqa.selenium.remote.http.AbstractHttpResponseCodec.decode(AbstractHttpResponseCodec.java:44)
at org.openqa.selenium.remote.HttpCommandExecutor.execute(HttpCommandExecutor.java:160)
at org.openqa.selenium.remote.service.DriverCommandExecutor.execute(DriverCommandExecutor.java:83)
at org.openqa.selenium.remote.RemoteWebDriver.execute(RemoteWebDriver.java:601)
at org.openqa.selenium.remote.RemoteWebDriver.findElements(RemoteWebDriver.java:398)
at org.openqa.selenium.remote.RemoteWebDriver.findElementsByXPath(RemoteWebDriver.java:477)
at org.openqa.selenium.By$ByXPath.findElements(By.java:356)
at org.openqa.selenium.remote.RemoteWebDriver.findElements(RemoteWebDriver.java:359)
at GT.GT.GrpTalks.getAllMembers(GrpTalks.java:308)
at GT.GT.AccountPageTest.verifybalancecheckinsubaccounts(AccountPageTest.java:814)
at sun.reflect.NativeMethodAccessorImpl.invoke0(Native Method)
at sun.reflect.NativeMethodAccessorImpl.invoke(Unknown Source)
at sun.reflect.DelegatingMethodAccessorImpl.invoke(Unknown Source)
at java.lang.reflect.Method.invoke(Unknown Source)
at org.testng.internal.MethodInvocationHelper.invokeMethod(MethodInvocationHelper.java:133)
at org.testng.internal.TestInvoker.invokeMethod(TestInvoker.java:584)
at org.testng.internal.TestInvoker.invokeTestMethod(TestInvoker.java:172)
at org.testng.internal.MethodRunner.runInSequence(MethodRunner.java:46)
at org.testng.internal.TestInvoker$MethodInvocationAgent.invoke(TestInvoker.java:804)
at org.testng.internal.TestInvoker.invokeTestMethods(TestInvoker.java:145)
at org.testng.internal.TestMethodWorker.invokeTestMethods(TestMethodWorker.java:146)
at org.testng.internal.TestMethodWorker.run(TestMethodWorker.java:128)
at java.util.ArrayList.forEach(Unknown Source)
at org.testng.TestRunner.privateRun(TestRunner.java:770)
at org.testng.TestRunner.run(TestRunner.java:591)
at org.testng.SuiteRunner.runTest(SuiteRunner.java:402)
at org.testng.SuiteRunner.runSequentially(SuiteRunner.java:396)
at org.testng.SuiteRunner.privateRun(SuiteRunner.java:355)
at org.testng.SuiteRunner.run(SuiteRunner.java:304)
at org.testng.SuiteRunnerWorker.runSuite(SuiteRunnerWorker.java:53)
at org.testng.SuiteRunnerWorker.run(SuiteRunnerWorker.java:96)
at org.testng.TestNG.runSuitesSequentially(TestNG.java:1180)
at org.testng.TestNG.runSuitesLocally(TestNG.java:1102)
at org.testng.TestNG.runSuites(TestNG.java:1032)
at org.testng.TestNG.run(TestNG.java:1000)
at org.testng.remote.AbstractRemoteTestNG.run(AbstractRemoteTestNG.java:115)
at org.testng.remote.RemoteTestNG.initAndRun(RemoteTestNG.java:251)
at org.testng.remote.RemoteTestNG.main(RemoteTestNG.java:77)
]]>
    </failure>
  </testcase> <!-- verifybalancecheckinsubaccounts -->
  <testcase name="verifyConfigureClipsFunctionalityOnProfilePage" time="0.0" classname="GT.GT.AccountPageTest">
    <ignored/>
  </testcase> <!-- verifyConfigureClipsFunctionalityOnProfilePage -->
  <testcase name="verifyViewSubAccountDetailsFunctionalityInSubAccountsTab" time="0.0" classname="GT.GT.AccountPageTest">
    <ignored/>
  </testcase> <!-- verifyViewSubAccountDetailsFunctionalityInSubAccountsTab -->
  <testcase name="verifycallManagerFunctionalityInAccountManagersTab" time="0.0" classname="GT.GT.AccountPageTest">
    <ignored/>
  </testcase> <!-- verifycallManagerFunctionalityInAccountManagersTab -->
  <testcase name="verifyTotalAmountUsedByUser" time="0.0" classname="GT.GT.AccountPageTest">
    <ignored/>
  </testcase> <!-- verifyTotalAmountUsedByUser -->
  <testcase name="checkAccountDetails" time="0.0" classname="GT.GT.AccountPageTest">
    <ignored/>
  </testcase> <!-- checkAccountDetails -->
  <testcase name="verifyAddSubAccountFunctionalityByGivingNonRegisteredNumberInSubAccountsTab" time="0.0" classname="GT.GT.AccountPageTest">
    <ignored/>
  </testcase> <!-- verifyAddSubAccountFunctionalityByGivingNonRegisteredNumberInSubAccountsTab -->
  <testcase name="verifyErrorMsgOnAddSubAccountOverlayWhenMemeberLimitExceedsMainAccountMaxMemberLimit" time="0.0" classname="GT.GT.AccountPageTest">
    <ignored/>
  </testcase> <!-- verifyErrorMsgOnAddSubAccountOverlayWhenMemeberLimitExceedsMainAccountMaxMemberLimit -->
  <testcase name="verifyRechargeWithPaytm" time="0.0" classname="GT.GT.AccountPageTest">
    <ignored/>
  </testcase> <!-- verifyRechargeWithPaytm -->
  <testcase name="verifyAccountManagerFunctionalityInAccountManagersTab" time="0.0" classname="GT.GT.AccountPageTest">
    <ignored/>
  </testcase> <!-- verifyAccountManagerFunctionalityInAccountManagersTab -->
  <testcase name="verifyAddSubAccountFunctionalityWithAlreadyExistedSubAccount" time="0.0" classname="GT.GT.AccountPageTest">
    <ignored/>
  </testcase> <!-- verifyAddSubAccountFunctionalityWithAlreadyExistedSubAccount -->
  <testcase name="verifyAddSubAccountFunctionalityWithAlreadyExistedMainAccount" time="0.0" classname="GT.GT.AccountPageTest">
    <ignored/>
  </testcase> <!-- verifyAddSubAccountFunctionalityWithAlreadyExistedMainAccount -->
  <testcase name="verifyTheCountOfAccountManagersInAccountManagersTab" time="0.0" classname="GT.GT.AccountPageTest">
    <ignored/>
  </testcase> <!-- verifyTheCountOfAccountManagersInAccountManagersTab -->
  <testcase name="verifyAddBalanceFunctionalityToExistingSubAccountInSubAccountsTab" time="0.0" classname="GT.GT.AccountPageTest">
    <ignored/>
  </testcase> <!-- verifyAddBalanceFunctionalityToExistingSubAccountInSubAccountsTab -->
  <testcase name="verifyAddSubAccountFunctionalityInSubAccountsTab" time="0.0" classname="GT.GT.AccountPageTest">
    <ignored/>
  </testcase> <!-- verifyAddSubAccountFunctionalityInSubAccountsTab -->
  <testcase name="verifyErrorMsgOnAddSubAccountOverlayWhenTransferAmountExceedsMainAccountAvailableAmountLimit" time="0.0" classname="GT.GT.AccountPageTest">
    <ignored/>
  </testcase> <!-- verifyErrorMsgOnAddSubAccountOverlayWhenTransferAmountExceedsMainAccountAvailableAmountLimit -->
  <testcase name="verifyAllAndRechargesTabsOnMyAccountPage" time="0.0" classname="GT.GT.AccountPageTest">
    <ignored/>
  </testcase> <!-- verifyAllAndRechargesTabsOnMyAccountPage -->
  <testcase name="verifyAddSubAccountFunctionalityWhenSelectPoolAsSubAccountType" time="0.0" classname="GT.GT.AccountPageTest">
    <ignored/>
  </testcase> <!-- verifyAddSubAccountFunctionalityWhenSelectPoolAsSubAccountType -->
  <testcase name="verifyEditSubAccountFunctionalityInSubAccountsTab" time="0.0" classname="GT.GT.AccountPageTest">
    <ignored/>
  </testcase> <!-- verifyEditSubAccountFunctionalityInSubAccountsTab -->
  <testcase name="verifyExistingSubAccountFunctionalityInSubAccountsTab" time="0.0" classname="GT.GT.AccountPageTest">
    <ignored/>
  </testcase> <!-- verifyExistingSubAccountFunctionalityInSubAccountsTab -->
  <testcase name="verifyPromocode" time="0.0" classname="GT.GT.AccountPageTest">
    <ignored/>
  </testcase> <!-- verifyPromocode -->
  <testcase name="verifyAllTabsAreDisplayedOnMyAccountPage" time="0.0" classname="GT.GT.AccountPageTest">
    <ignored/>
  </testcase> <!-- verifyAllTabsAreDisplayedOnMyAccountPage -->
  <testcase name="verifyAddAccountManagerFunctionalityByGivingNonRegisteredNumberInAccountManagersTab" time="0.0" classname="GT.GT.AccountPageTest">
    <ignored/>
  </testcase> <!-- verifyAddAccountManagerFunctionalityByGivingNonRegisteredNumberInAccountManagersTab -->
  <testcase name="verifyEditUserProfile" time="0.0" classname="GT.GT.AccountPageTest">
    <ignored/>
  </testcase> <!-- verifyEditUserProfile -->
</testsuite> <!-- Default test -->
