<?xml version="1.0" encoding="UTF-8"?>
<!-- Generated by org.testng.reporters.JUnitReportReporter -->
<testsuite skipped="3" hostname="DESKTOP-U3PMRBE" name="GT.GT.AccountPageTest" tests="24" failures="1" timestamp="2019-12-06T19:21:02 IST" time="865.297" errors="1">
  <testcase name="verifyAllTabsAreDisplayedOnMyAccountPage" time="21.383" classname="GT.GT.AccountPageTest"/>
  <testcase name="verifyTheCountOfAccountManagersInAccountManagersTab" time="32.945" classname="GT.GT.AccountPageTest"/>
  <testcase name="verifyViewSubAccountDetailsFunctionalityInSubAccountsTab" time="39.435" classname="GT.GT.AccountPageTest"/>
  <testcase name="verifybalancecheckinsubaccounts" time="119.992" classname="GT.GT.AccountPageTest"/>
  <testcase name="verifyAddSubAccountFunctionalityByGivingNonRegisteredNumberInSubAccountsTab" time="37.671" classname="GT.GT.AccountPageTest"/>
  <testcase name="verifyConfigureClipsFunctionalityOnProfilePage" time="51.252" classname="GT.GT.AccountPageTest"/>
  <testcase name="verifyErrorMsgOnAddSubAccountOverlayWhenTransferAmountExceedsMainAccountAvailableAmountLimit" time="31.622" classname="GT.GT.AccountPageTest"/>
  <testcase name="verifyErrorMsgOnAddSubAccountOverlayWhenMemeberLimitExceedsMainAccountMaxMemberLimit" time="25.667" classname="GT.GT.AccountPageTest"/>
  <testcase name="verifyTotalAmountUsedByUser" time="133.695" classname="GT.GT.AccountPageTest">
    <failure type="java.lang.AssertionError" message="expected:&lt;40.0&gt; but was:&lt;0.0&gt;">
      <![CDATA[java.lang.AssertionError: expected:<40.0> but was:<0.0>
at org.testng.AssertJUnit.fail(AssertJUnit.java:47)
at org.testng.AssertJUnit.failNotEquals(AssertJUnit.java:330)
at org.testng.AssertJUnit.assertEquals(AssertJUnit.java:66)
at org.testng.AssertJUnit.assertEquals(AssertJUnit.java:71)
at GT.GT.AccountPageTest.verifyTotalAmountUsedByUser(AccountPageTest.java:253)
at sun.reflect.NativeMethodAccessorImpl.invoke0(Native Method)
at sun.reflect.NativeMethodAccessorImpl.invoke(Unknown Source)
at sun.reflect.DelegatingMethodAccessorImpl.invoke(Unknown Source)
at java.lang.reflect.Method.invoke(Unknown Source)
at org.testng.internal.MethodInvocationHelper.invokeMethod(MethodInvocationHelper.java:133)
at org.testng.internal.TestInvoker.invokeMethod(TestInvoker.java:584)
at org.testng.internal.TestInvoker.invokeTestMethod(TestInvoker.java:172)
at org.testng.internal.MethodRunner.runInSequence(MethodRunner.java:46)
at org.testng.internal.TestInvoker$MethodInvocationAgent.invoke(TestInvoker.java:804)
at org.testng.internal.TestInvoker.invokeTestMethods(TestInvoker.java:145)
at org.testng.internal.TestMethodWorker.invokeTestMethods(TestMethodWorker.java:146)
at org.testng.internal.TestMethodWorker.run(TestMethodWorker.java:128)
at java.util.ArrayList.forEach(Unknown Source)
at org.testng.TestRunner.privateRun(TestRunner.java:770)
at org.testng.TestRunner.run(TestRunner.java:591)
at org.testng.SuiteRunner.runTest(SuiteRunner.java:402)
at org.testng.SuiteRunner.runSequentially(SuiteRunner.java:396)
at org.testng.SuiteRunner.privateRun(SuiteRunner.java:355)
at org.testng.SuiteRunner.run(SuiteRunner.java:304)
at org.testng.SuiteRunnerWorker.runSuite(SuiteRunnerWorker.java:53)
at org.testng.SuiteRunnerWorker.run(SuiteRunnerWorker.java:96)
at org.testng.TestNG.runSuitesSequentially(TestNG.java:1180)
at org.testng.TestNG.runSuitesLocally(TestNG.java:1102)
at org.testng.TestNG.runSuites(TestNG.java:1032)
at org.testng.TestNG.run(TestNG.java:1000)
at org.testng.remote.AbstractRemoteTestNG.run(AbstractRemoteTestNG.java:115)
at org.testng.remote.RemoteTestNG.initAndRun(RemoteTestNG.java:251)
at org.testng.remote.RemoteTestNG.main(RemoteTestNG.java:77)
]]>
    </failure>
  </testcase> <!-- verifyTotalAmountUsedByUser -->
  <testcase name="verifyEditSubAccountFunctionalityInSubAccountsTab" time="31.076" classname="GT.GT.AccountPageTest">
    <error type="org.openqa.selenium.ElementNotVisibleException" message="element not interactable
  (Session info: chrome=78.0.3904.108)
  (Driver info: chromedriver=2.43.600210 (68dcf5eebde37173d4027fa8635e332711d2874a),platform=Windows NT 10.0.17763 x86_64) (WARNING: The server did not provide any stacktrace information)
Command duration or timeout: 0 milliseconds
Build info: version: &#039;3.10.0&#039;, revision: &#039;176b4a9&#039;, time: &#039;2018-03-02T19:03:16.397Z&#039;
System info: host: &#039;DESKTOP-U3PMRBE&#039;, ip: &#039;169.254.86.53&#039;, os.name: &#039;Windows 10&#039;, os.arch: &#039;amd64&#039;, os.version: &#039;10.0&#039;, java.version: &#039;1.8.0_221&#039;
Driver info: org.openqa.selenium.chrome.ChromeDriver
Capabilities {acceptInsecureCerts: false, acceptSslCerts: false, applicationCacheEnabled: false, browserConnectionEnabled: false, browserName: chrome, chrome: {chromedriverVersion: 2.43.600210 (68dcf5eebde371..., userDataDir: C:\Users\smsc\AppData\Local...}, cssSelectorsEnabled: true, databaseEnabled: false, goog:chromeOptions: {debuggerAddress: localhost:12032}, handlesAlerts: true, hasTouchScreen: false, javascriptEnabled: true, locationContextEnabled: true, mobileEmulationEnabled: false, nativeEvents: true, networkConnectionEnabled: false, pageLoadStrategy: normal, platform: XP, platformName: XP, rotatable: false, setWindowRect: true, takesHeapSnapshot: true, takesScreenshot: true, unexpectedAlertBehaviour: , unhandledPromptBehavior: , version: 78.0.3904.108, webStorageEnabled: true}
Session ID: 2898b45643dbde52a4d2b29e9463ff64">
      <![CDATA[org.openqa.selenium.ElementNotVisibleException: element not interactable
  (Session info: chrome=78.0.3904.108)
  (Driver info: chromedriver=2.43.600210 (68dcf5eebde37173d4027fa8635e332711d2874a),platform=Windows NT 10.0.17763 x86_64) (WARNING: The server did not provide any stacktrace information)
Command duration or timeout: 0 milliseconds
Build info: version: '3.10.0', revision: '176b4a9', time: '2018-03-02T19:03:16.397Z'
System info: host: 'DESKTOP-U3PMRBE', ip: '169.254.86.53', os.name: 'Windows 10', os.arch: 'amd64', os.version: '10.0', java.version: '1.8.0_221'
Driver info: org.openqa.selenium.chrome.ChromeDriver
Capabilities {acceptInsecureCerts: false, acceptSslCerts: false, applicationCacheEnabled: false, browserConnectionEnabled: false, browserName: chrome, chrome: {chromedriverVersion: 2.43.600210 (68dcf5eebde371..., userDataDir: C:\Users\smsc\AppData\Local...}, cssSelectorsEnabled: true, databaseEnabled: false, goog:chromeOptions: {debuggerAddress: localhost:12032}, handlesAlerts: true, hasTouchScreen: false, javascriptEnabled: true, locationContextEnabled: true, mobileEmulationEnabled: false, nativeEvents: true, networkConnectionEnabled: false, pageLoadStrategy: normal, platform: XP, platformName: XP, rotatable: false, setWindowRect: true, takesHeapSnapshot: true, takesScreenshot: true, unexpectedAlertBehaviour: , unhandledPromptBehavior: , version: 78.0.3904.108, webStorageEnabled: true}
Session ID: 2898b45643dbde52a4d2b29e9463ff64
at sun.reflect.NativeConstructorAccessorImpl.newInstance0(Native Method)
at sun.reflect.NativeConstructorAccessorImpl.newInstance(Unknown Source)
at sun.reflect.DelegatingConstructorAccessorImpl.newInstance(Unknown Source)
at java.lang.reflect.Constructor.newInstance(Unknown Source)
at org.openqa.selenium.remote.ErrorHandler.createThrowable(ErrorHandler.java:214)
at org.openqa.selenium.remote.ErrorHandler.throwIfResponseFailed(ErrorHandler.java:166)
at org.openqa.selenium.remote.http.JsonHttpResponseCodec.reconstructValue(JsonHttpResponseCodec.java:40)
at org.openqa.selenium.remote.http.AbstractHttpResponseCodec.decode(AbstractHttpResponseCodec.java:80)
at org.openqa.selenium.remote.http.AbstractHttpResponseCodec.decode(AbstractHttpResponseCodec.java:44)
at org.openqa.selenium.remote.HttpCommandExecutor.execute(HttpCommandExecutor.java:160)
at org.openqa.selenium.remote.service.DriverCommandExecutor.execute(DriverCommandExecutor.java:83)
at org.openqa.selenium.remote.RemoteWebDriver.execute(RemoteWebDriver.java:601)
at org.openqa.selenium.remote.RemoteWebElement.execute(RemoteWebElement.java:279)
at org.openqa.selenium.remote.RemoteWebElement.click(RemoteWebElement.java:83)
at GT.GT.AccountPage.clickQuotaSubAccountOnAddSubAccountOverlay(AccountPage.java:633)
at GT.GT.AccountPageTest.verifyEditSubAccountFunctionalityInSubAccountsTab(AccountPageTest.java:734)
at sun.reflect.NativeMethodAccessorImpl.invoke0(Native Method)
at sun.reflect.NativeMethodAccessorImpl.invoke(Unknown Source)
at sun.reflect.DelegatingMethodAccessorImpl.invoke(Unknown Source)
at java.lang.reflect.Method.invoke(Unknown Source)
at org.testng.internal.MethodInvocationHelper.invokeMethod(MethodInvocationHelper.java:133)
at org.testng.internal.TestInvoker.invokeMethod(TestInvoker.java:584)
at org.testng.internal.TestInvoker.invokeTestMethod(TestInvoker.java:172)
at org.testng.internal.MethodRunner.runInSequence(MethodRunner.java:46)
at org.testng.internal.TestInvoker$MethodInvocationAgent.invoke(TestInvoker.java:804)
at org.testng.internal.TestInvoker.invokeTestMethods(TestInvoker.java:145)
at org.testng.internal.TestMethodWorker.invokeTestMethods(TestMethodWorker.java:146)
at org.testng.internal.TestMethodWorker.run(TestMethodWorker.java:128)
at java.util.ArrayList.forEach(Unknown Source)
at org.testng.TestRunner.privateRun(TestRunner.java:770)
at org.testng.TestRunner.run(TestRunner.java:591)
at org.testng.SuiteRunner.runTest(SuiteRunner.java:402)
at org.testng.SuiteRunner.runSequentially(SuiteRunner.java:396)
at org.testng.SuiteRunner.privateRun(SuiteRunner.java:355)
at org.testng.SuiteRunner.run(SuiteRunner.java:304)
at org.testng.SuiteRunnerWorker.runSuite(SuiteRunnerWorker.java:53)
at org.testng.SuiteRunnerWorker.run(SuiteRunnerWorker.java:96)
at org.testng.TestNG.runSuitesSequentially(TestNG.java:1180)
at org.testng.TestNG.runSuitesLocally(TestNG.java:1102)
at org.testng.TestNG.runSuites(TestNG.java:1032)
at org.testng.TestNG.run(TestNG.java:1000)
at org.testng.remote.AbstractRemoteTestNG.run(AbstractRemoteTestNG.java:115)
at org.testng.remote.RemoteTestNG.initAndRun(RemoteTestNG.java:251)
at org.testng.remote.RemoteTestNG.main(RemoteTestNG.java:77)
]]>
    </error>
  </testcase> <!-- verifyEditSubAccountFunctionalityInSubAccountsTab -->
  <testcase name="verifyAddSubAccountFunctionalityWithAlreadyExistedMainAccount" time="27.467" classname="GT.GT.AccountPageTest"/>
  <testcase name="verifyAccountManagerFunctionalityInAccountManagersTab" time="58.572" classname="GT.GT.AccountPageTest"/>
  <testcase name="verifyAllAndRechargesTabsOnMyAccountPage" time="21.485" classname="GT.GT.AccountPageTest"/>
  <testcase name="verifyPromocode" time="38.388" classname="GT.GT.AccountPageTest"/>
  <testcase name="verifyAddAccountManagerFunctionalityByGivingNonRegisteredNumberInAccountManagersTab" time="27.812" classname="GT.GT.AccountPageTest"/>
  <testcase name="verifyEditUserProfile" time="36.415" classname="GT.GT.AccountPageTest"/>
  <testcase name="verifyRechargeWithPaytm" time="21.870" classname="GT.GT.AccountPageTest"/>
  <testcase name="verifyAddBalanceFunctionalityToExistingSubAccountInSubAccountsTab" time="33.768" classname="GT.GT.AccountPageTest"/>
  <testcase name="verifyAddSubAccountFunctionalityInSubAccountsTab" time="25.722" classname="GT.GT.AccountPageTest"/>
  <testcase name="verifyAddSubAccountFunctionalityWithAlreadyExistedSubAccount" time="27.568" classname="GT.GT.AccountPageTest"/>
  <testcase name="checkAccountDetails" time="21.492" classname="GT.GT.AccountPageTest"/>
  <testcase name="verifycallManagerFunctionalityInAccountManagersTab" classname="GT.GT.AccountPageTest">
    <skipped/>
  </testcase> <!-- verifycallManagerFunctionalityInAccountManagersTab -->
  <testcase name="verifyAddSubAccountFunctionalityWhenSelectPoolAsSubAccountType" classname="GT.GT.AccountPageTest">
    <skipped/>
  </testcase> <!-- verifyAddSubAccountFunctionalityWhenSelectPoolAsSubAccountType -->
  <testcase name="verifyExistingSubAccountFunctionalityInSubAccountsTab" classname="GT.GT.AccountPageTest">
    <skipped/>
  </testcase> <!-- verifyExistingSubAccountFunctionalityInSubAccountsTab -->
</testsuite> <!-- GT.GT.AccountPageTest -->
