<html>
<head>
<title>TestNG:  callpage</title>
<link href="../testng.css" rel="stylesheet" type="text/css" />
<link href="../my-testng.css" rel="stylesheet" type="text/css" />

<style type="text/css">
.log { display: none;} 
.stack-trace { display: none;} 
</style>
<script type="text/javascript">
<!--
function flip(e) {
  current = e.style.display;
  if (current == 'block') {
    e.style.display = 'none';
    return 0;
  }
  else {
    e.style.display = 'block';
    return 1;
  }
}

function toggleBox(szDivId, elem, msg1, msg2)
{
  var res = -1;  if (document.getElementById) {
    res = flip(document.getElementById(szDivId));
  }
  else if (document.all) {
    // this is the way old msie versions work
    res = flip(document.all[szDivId]);
  }
  if(elem) {
    if(res == 0) elem.innerHTML = msg1; else elem.innerHTML = msg2;
  }

}

function toggleAllBoxes() {
  if (document.getElementsByTagName) {
    d = document.getElementsByTagName('div');
    for (i = 0; i < d.length; i++) {
      if (d[i].className == 'log') {
        flip(d[i]);
      }
    }
  }
}

// -->
</script>

</head>
<body>
<h2 align='center'>callpage</h2><table border='1' align="center">
<tr>
<td>Tests passed/Failed/Skipped:</td><td>20/8/0</td>
</tr><tr>
<td>Started on:</td><td>Fri Nov 08 12:56:38 IST 2019</td>
</tr>
<tr><td>Total time:</td><td>2283 seconds (2283803 ms)</td>
</tr><tr>
<td>Included groups:</td><td></td>
</tr><tr>
<td>Excluded groups:</td><td></td>
</tr>
</table><p/>
<small><i>(Hover the method name to see the test class name)</i></small><p/>
<table width='100%' border='1' class='invocation-failed'>
<tr><td colspan='4' align='center'><b>FAILED TESTS</b></td></tr>
<tr><td><b>Test method</b></td>
<td width="30%"><b>Exception</b></td>
<td width="10%"><b>Time (seconds)</b></td>
<td><b>Instance</b></td>
</tr>
<tr>
<td title='GT.GT.CreateAndCallGroupTest.createAndSaveTheGroup()'><b>createAndSaveTheGroup</b><br>Test class: GT.GT.CreateAndCallGroupTest</td>
<td><div><pre>org.openqa.selenium.WebDriverException: unknown error: Element &lt;td style=&quot;width:200px;&quot; class=&quot;grpList_569307&quot; id=&quot;grpDetails&quot; grpcallname=&quot;Sec1573198006700&quot;&gt;...&lt;/td&gt; is not clickable at point (177, 279). Other element would receive the click: &lt;div class=&quot;blockUI blockOverlay&quot; style=&quot;z-index: 1000; border: none; margin: 0px; padding: 0px; width: 100%; height: 100%; top: 0px; left: 0px; background-color: rgb(0, 0, 0); cursor: default; position: fixed; opacity: 0.480126;&quot;&gt;&lt;/div&gt;
  (Session info: chrome=78.0.3904.87)
  (Driver info: chromedriver=2.43.600210 (68dcf5eebde37173d4027fa8635e332711d2874a),platform=Windows NT 10.0.17763 x86_64) (WARNING: The server did not provide any stacktrace information)
Command duration or timeout: 0 milliseconds
Build info: version: &apos;3.10.0&apos;, revision: &apos;176b4a9&apos;, time: &apos;2018-03-02T19:03:16.397Z&apos;
System info: host: &apos;DESKTOP-U3PMRBE&apos;, ip: &apos;169.254.86.53&apos;, os.name: &apos;Windows 10&apos;, os.arch: &apos;amd64&apos;, os.version: &apos;10.0&apos;, java.version: &apos;1.8.0_221&apos;
Driver info: org.openqa.selenium.chrome.ChromeDriver
Capabilities {acceptInsecureCerts: false, acceptSslCerts: false, applicationCacheEnabled: false, browserConnectionEnabled: false, browserName: chrome, chrome: {chromedriverVersion: 2.43.600210 (68dcf5eebde371..., userDataDir: C:\Users\smsc\AppData\Local...}, cssSelectorsEnabled: true, databaseEnabled: false, goog:chromeOptions: {debuggerAddress: localhost:3622}, handlesAlerts: true, hasTouchScreen: false, javascriptEnabled: true, locationContextEnabled: true, mobileEmulationEnabled: false, nativeEvents: true, networkConnectionEnabled: false, pageLoadStrategy: normal, platform: XP, platformName: XP, rotatable: false, setWindowRect: true, takesHeapSnapshot: true, takesScreenshot: true, unexpectedAlertBehaviour: , unhandledPromptBehavior: , version: 78.0.3904.87, webStorageEnabled: true}
Session ID: 36dae3b9702ea47cc01af64aeaa31a33
	at org.openqa.selenium.remote.ErrorHandler.createThrowable(ErrorHandler.java:214)
	at org.openqa.selenium.remote.ErrorHandler.throwIfResponseFailed(ErrorHandler.java:166)
	at org.openqa.selenium.remote.http.JsonHttpResponseCodec.reconstructValue(JsonHttpResponseCodec.java:40)
	at org.openqa.selenium.remote.http.AbstractHttpResponseCodec.decode(AbstractHttpResponseCodec.java:80)
	at org.openqa.selenium.remote.http.AbstractHttpResponseCodec.decode(AbstractHttpResponseCodec.java:44)
	at org.openqa.selenium.remote.HttpCommandExecutor.execute(HttpCommandExecutor.java:160)
	at org.openqa.selenium.remote.service.DriverCommandExecutor.execute(DriverCommandExecutor.java:83)
	at org.openqa.selenium.remote.RemoteWebDriver.execute(RemoteWebDriver.java:601)
	at org.openqa.selenium.remote.RemoteWebElement.execute(RemoteWebElement.java:279)
	at org.openqa.selenium.remote.RemoteWebElement.click(RemoteWebElement.java:83)
	at GT.GT.GrpTalks.selectSavedGroupByName(GrpTalks.java:871)
	at GT.GT.CreateAndCallGroupTest.createAndSaveTheGroup(CreateAndCallGroupTest.java:645)
	at java.util.ArrayList.forEach(Unknown Source)
... Removed 31 stack frames</pre></div><a href='#' onClick='toggleBox("stack-trace628392976", this, "Click to show all stack frames", "Click to hide stack frames")'>Click to show all stack frames</a>
<div class='stack-trace' id='stack-trace628392976'><pre>org.openqa.selenium.WebDriverException: unknown error: Element &lt;td style=&quot;width:200px;&quot; class=&quot;grpList_569307&quot; id=&quot;grpDetails&quot; grpcallname=&quot;Sec1573198006700&quot;&gt;...&lt;/td&gt; is not clickable at point (177, 279). Other element would receive the click: &lt;div class=&quot;blockUI blockOverlay&quot; style=&quot;z-index: 1000; border: none; margin: 0px; padding: 0px; width: 100%; height: 100%; top: 0px; left: 0px; background-color: rgb(0, 0, 0); cursor: default; position: fixed; opacity: 0.480126;&quot;&gt;&lt;/div&gt;
  (Session info: chrome=78.0.3904.87)
  (Driver info: chromedriver=2.43.600210 (68dcf5eebde37173d4027fa8635e332711d2874a),platform=Windows NT 10.0.17763 x86_64) (WARNING: The server did not provide any stacktrace information)
Command duration or timeout: 0 milliseconds
Build info: version: &apos;3.10.0&apos;, revision: &apos;176b4a9&apos;, time: &apos;2018-03-02T19:03:16.397Z&apos;
System info: host: &apos;DESKTOP-U3PMRBE&apos;, ip: &apos;169.254.86.53&apos;, os.name: &apos;Windows 10&apos;, os.arch: &apos;amd64&apos;, os.version: &apos;10.0&apos;, java.version: &apos;1.8.0_221&apos;
Driver info: org.openqa.selenium.chrome.ChromeDriver
Capabilities {acceptInsecureCerts: false, acceptSslCerts: false, applicationCacheEnabled: false, browserConnectionEnabled: false, browserName: chrome, chrome: {chromedriverVersion: 2.43.600210 (68dcf5eebde371..., userDataDir: C:\Users\smsc\AppData\Local...}, cssSelectorsEnabled: true, databaseEnabled: false, goog:chromeOptions: {debuggerAddress: localhost:3622}, handlesAlerts: true, hasTouchScreen: false, javascriptEnabled: true, locationContextEnabled: true, mobileEmulationEnabled: false, nativeEvents: true, networkConnectionEnabled: false, pageLoadStrategy: normal, platform: XP, platformName: XP, rotatable: false, setWindowRect: true, takesHeapSnapshot: true, takesScreenshot: true, unexpectedAlertBehaviour: , unhandledPromptBehavior: , version: 78.0.3904.87, webStorageEnabled: true}
Session ID: 36dae3b9702ea47cc01af64aeaa31a33
	at sun.reflect.NativeConstructorAccessorImpl.newInstance0(Native Method)
	at sun.reflect.NativeConstructorAccessorImpl.newInstance(Unknown Source)
	at sun.reflect.DelegatingConstructorAccessorImpl.newInstance(Unknown Source)
	at java.lang.reflect.Constructor.newInstance(Unknown Source)
	at org.openqa.selenium.remote.ErrorHandler.createThrowable(ErrorHandler.java:214)
	at org.openqa.selenium.remote.ErrorHandler.throwIfResponseFailed(ErrorHandler.java:166)
	at org.openqa.selenium.remote.http.JsonHttpResponseCodec.reconstructValue(JsonHttpResponseCodec.java:40)
	at org.openqa.selenium.remote.http.AbstractHttpResponseCodec.decode(AbstractHttpResponseCodec.java:80)
	at org.openqa.selenium.remote.http.AbstractHttpResponseCodec.decode(AbstractHttpResponseCodec.java:44)
	at org.openqa.selenium.remote.HttpCommandExecutor.execute(HttpCommandExecutor.java:160)
	at org.openqa.selenium.remote.service.DriverCommandExecutor.execute(DriverCommandExecutor.java:83)
	at org.openqa.selenium.remote.RemoteWebDriver.execute(RemoteWebDriver.java:601)
	at org.openqa.selenium.remote.RemoteWebElement.execute(RemoteWebElement.java:279)
	at org.openqa.selenium.remote.RemoteWebElement.click(RemoteWebElement.java:83)
	at GT.GT.GrpTalks.selectSavedGroupByName(GrpTalks.java:871)
	at GT.GT.CreateAndCallGroupTest.createAndSaveTheGroup(CreateAndCallGroupTest.java:645)
	at sun.reflect.NativeMethodAccessorImpl.invoke0(Native Method)
	at sun.reflect.NativeMethodAccessorImpl.invoke(Unknown Source)
	at sun.reflect.DelegatingMethodAccessorImpl.invoke(Unknown Source)
	at java.lang.reflect.Method.invoke(Unknown Source)
	at org.testng.internal.MethodInvocationHelper.invokeMethod(MethodInvocationHelper.java:133)
	at org.testng.internal.TestInvoker.invokeMethod(TestInvoker.java:584)
	at org.testng.internal.TestInvoker.invokeTestMethod(TestInvoker.java:172)
	at org.testng.internal.MethodRunner.runInSequence(MethodRunner.java:46)
	at org.testng.internal.TestInvoker$MethodInvocationAgent.invoke(TestInvoker.java:804)
	at org.testng.internal.TestInvoker.invokeTestMethods(TestInvoker.java:145)
	at org.testng.internal.TestMethodWorker.invokeTestMethods(TestMethodWorker.java:146)
	at org.testng.internal.TestMethodWorker.run(TestMethodWorker.java:128)
	at java.util.ArrayList.forEach(Unknown Source)
	at org.testng.TestRunner.privateRun(TestRunner.java:770)
	at org.testng.TestRunner.run(TestRunner.java:591)
	at org.testng.SuiteRunner.runTest(SuiteRunner.java:402)
	at org.testng.SuiteRunner.runSequentially(SuiteRunner.java:396)
	at org.testng.SuiteRunner.privateRun(SuiteRunner.java:355)
	at org.testng.SuiteRunner.run(SuiteRunner.java:304)
	at org.testng.SuiteRunnerWorker.runSuite(SuiteRunnerWorker.java:53)
	at org.testng.SuiteRunnerWorker.run(SuiteRunnerWorker.java:96)
	at org.testng.TestNG.runSuitesSequentially(TestNG.java:1180)
	at org.testng.TestNG.runSuitesLocally(TestNG.java:1102)
	at org.testng.TestNG.runSuites(TestNG.java:1032)
	at org.testng.TestNG.run(TestNG.java:1000)
	at org.testng.remote.AbstractRemoteTestNG.run(AbstractRemoteTestNG.java:115)
	at org.testng.remote.RemoteTestNG.initAndRun(RemoteTestNG.java:251)
	at org.testng.remote.RemoteTestNG.main(RemoteTestNG.java:77)
</pre></div></td>
<td>17</td>
<td>GT.GT.CreateAndCallGroupTest@18bf3d14</td></tr>
<tr>
<td title='GT.GT.CreateAndCallGroupTest.verifyCallFunctionalityOfListMembers()'><b>verifyCallFunctionalityOfListMembers</b><br>Test class: GT.GT.CreateAndCallGroupTest</td>
<td><div><pre>java.lang.AssertionError: expected [2] but found [1]
	at GT.GT.CreateAndCallGroupTest.verifyCallFunctionalityOfListMembers(CreateAndCallGroupTest.java:701)
	at java.util.ArrayList.forEach(Unknown Source)
... Removed 32 stack frames</pre></div><a href='#' onClick='toggleBox("stack-trace854653864", this, "Click to show all stack frames", "Click to hide stack frames")'>Click to show all stack frames</a>
<div class='stack-trace' id='stack-trace854653864'><pre>java.lang.AssertionError: expected [2] but found [1]
	at org.testng.Assert.fail(Assert.java:97)
	at org.testng.Assert.assertEqualsImpl(Assert.java:136)
	at org.testng.Assert.assertEquals(Assert.java:118)
	at org.testng.Assert.assertEquals(Assert.java:839)
	at org.testng.Assert.assertEquals(Assert.java:849)
	at GT.GT.CreateAndCallGroupTest.verifyCallFunctionalityOfListMembers(CreateAndCallGroupTest.java:701)
	at sun.reflect.NativeMethodAccessorImpl.invoke0(Native Method)
	at sun.reflect.NativeMethodAccessorImpl.invoke(Unknown Source)
	at sun.reflect.DelegatingMethodAccessorImpl.invoke(Unknown Source)
	at java.lang.reflect.Method.invoke(Unknown Source)
	at org.testng.internal.MethodInvocationHelper.invokeMethod(MethodInvocationHelper.java:133)
	at org.testng.internal.TestInvoker.invokeMethod(TestInvoker.java:584)
	at org.testng.internal.TestInvoker.invokeTestMethod(TestInvoker.java:172)
	at org.testng.internal.MethodRunner.runInSequence(MethodRunner.java:46)
	at org.testng.internal.TestInvoker$MethodInvocationAgent.invoke(TestInvoker.java:804)
	at org.testng.internal.TestInvoker.invokeTestMethods(TestInvoker.java:145)
	at org.testng.internal.TestMethodWorker.invokeTestMethods(TestMethodWorker.java:146)
	at org.testng.internal.TestMethodWorker.run(TestMethodWorker.java:128)
	at java.util.ArrayList.forEach(Unknown Source)
	at org.testng.TestRunner.privateRun(TestRunner.java:770)
	at org.testng.TestRunner.run(TestRunner.java:591)
	at org.testng.SuiteRunner.runTest(SuiteRunner.java:402)
	at org.testng.SuiteRunner.runSequentially(SuiteRunner.java:396)
	at org.testng.SuiteRunner.privateRun(SuiteRunner.java:355)
	at org.testng.SuiteRunner.run(SuiteRunner.java:304)
	at org.testng.SuiteRunnerWorker.runSuite(SuiteRunnerWorker.java:53)
	at org.testng.SuiteRunnerWorker.run(SuiteRunnerWorker.java:96)
	at org.testng.TestNG.runSuitesSequentially(TestNG.java:1180)
	at org.testng.TestNG.runSuitesLocally(TestNG.java:1102)
	at org.testng.TestNG.runSuites(TestNG.java:1032)
	at org.testng.TestNG.run(TestNG.java:1000)
	at org.testng.remote.AbstractRemoteTestNG.run(AbstractRemoteTestNG.java:115)
	at org.testng.remote.RemoteTestNG.initAndRun(RemoteTestNG.java:251)
	at org.testng.remote.RemoteTestNG.main(RemoteTestNG.java:77)
</pre></div></td>
<td>67</td>
<td>GT.GT.CreateAndCallGroupTest@18bf3d14</td></tr>
<tr>
<td title='GT.GT.CreateAndCallGroupTest.verifyCreateListFromExcelUploadandphonecontacts()'><b>verifyCreateListFromExcelUploadandphonecontacts</b><br>Test class: GT.GT.CreateAndCallGroupTest</td>
<td><div><pre>java.lang.AssertionError: expected [0] but found [3]
	at GT.GT.CreateAndCallGroupTest.verifyCreateListFromExcelUploadandphonecontacts(CreateAndCallGroupTest.java:3963)
	at java.util.ArrayList.forEach(Unknown Source)
... Removed 32 stack frames</pre></div><a href='#' onClick='toggleBox("stack-trace164714495", this, "Click to show all stack frames", "Click to hide stack frames")'>Click to show all stack frames</a>
<div class='stack-trace' id='stack-trace164714495'><pre>java.lang.AssertionError: expected [0] but found [3]
	at org.testng.Assert.fail(Assert.java:97)
	at org.testng.Assert.assertEqualsImpl(Assert.java:136)
	at org.testng.Assert.assertEquals(Assert.java:118)
	at org.testng.Assert.assertEquals(Assert.java:839)
	at org.testng.Assert.assertEquals(Assert.java:849)
	at GT.GT.CreateAndCallGroupTest.verifyCreateListFromExcelUploadandphonecontacts(CreateAndCallGroupTest.java:3963)
	at sun.reflect.NativeMethodAccessorImpl.invoke0(Native Method)
	at sun.reflect.NativeMethodAccessorImpl.invoke(Unknown Source)
	at sun.reflect.DelegatingMethodAccessorImpl.invoke(Unknown Source)
	at java.lang.reflect.Method.invoke(Unknown Source)
	at org.testng.internal.MethodInvocationHelper.invokeMethod(MethodInvocationHelper.java:133)
	at org.testng.internal.TestInvoker.invokeMethod(TestInvoker.java:584)
	at org.testng.internal.TestInvoker.invokeTestMethod(TestInvoker.java:172)
	at org.testng.internal.MethodRunner.runInSequence(MethodRunner.java:46)
	at org.testng.internal.TestInvoker$MethodInvocationAgent.invoke(TestInvoker.java:804)
	at org.testng.internal.TestInvoker.invokeTestMethods(TestInvoker.java:145)
	at org.testng.internal.TestMethodWorker.invokeTestMethods(TestMethodWorker.java:146)
	at org.testng.internal.TestMethodWorker.run(TestMethodWorker.java:128)
	at java.util.ArrayList.forEach(Unknown Source)
	at org.testng.TestRunner.privateRun(TestRunner.java:770)
	at org.testng.TestRunner.run(TestRunner.java:591)
	at org.testng.SuiteRunner.runTest(SuiteRunner.java:402)
	at org.testng.SuiteRunner.runSequentially(SuiteRunner.java:396)
	at org.testng.SuiteRunner.privateRun(SuiteRunner.java:355)
	at org.testng.SuiteRunner.run(SuiteRunner.java:304)
	at org.testng.SuiteRunnerWorker.runSuite(SuiteRunnerWorker.java:53)
	at org.testng.SuiteRunnerWorker.run(SuiteRunnerWorker.java:96)
	at org.testng.TestNG.runSuitesSequentially(TestNG.java:1180)
	at org.testng.TestNG.runSuitesLocally(TestNG.java:1102)
	at org.testng.TestNG.runSuites(TestNG.java:1032)
	at org.testng.TestNG.run(TestNG.java:1000)
	at org.testng.remote.AbstractRemoteTestNG.run(AbstractRemoteTestNG.java:115)
	at org.testng.remote.RemoteTestNG.initAndRun(RemoteTestNG.java:251)
	at org.testng.remote.RemoteTestNG.main(RemoteTestNG.java:77)
</pre></div></td>
<td>276</td>
<td>GT.GT.CreateAndCallGroupTest@18bf3d14</td></tr>
<tr>
<td title='GT.GT.CreateAndCallGroupTest.verifyDialFunctionalityOfScheduleGroup()'><b>verifyDialFunctionalityOfScheduleGroup</b><br>Test class: GT.GT.CreateAndCallGroupTest</td>
<td><div><pre>org.openqa.selenium.TimeoutException: Expected condition failed: waiting for visibility of element located by By.xpath: //span[@class=&quot;oncall-bg bgGreen pull-right mr-2&quot;]//span[@class=&quot;oncall-text text-left&quot; and text()=&quot;ON CALL&quot;] (tried for 20 second(s) with 500 milliseconds interval)
	at org.openqa.selenium.support.ui.WebDriverWait.timeoutException(WebDriverWait.java:82)
	at org.openqa.selenium.support.ui.FluentWait.until(FluentWait.java:272)
	at utility.CommonMethods.explicitWaitForElementVisibility(CommonMethods.java:165)
	at GT.GT.GrpTalks.verifyLiveCallState(GrpTalks.java:1010)
	at GT.GT.CreateAndCallGroupTest.verifyDialFunctionalityOfScheduleGroup(CreateAndCallGroupTest.java:3555)
	at java.util.ArrayList.forEach(Unknown Source)
Caused by: org.openqa.selenium.NoSuchElementException: Cannot locate an element using By.xpath: //span[@class=&quot;oncall-bg bgGreen pull-right mr-2&quot;]//span[@class=&quot;oncall-text text-left&quot; and text()=&quot;ON CALL&quot;]
For documentation on this error, please visit: http://seleniumhq.org/exceptions/no_such_element.html
Build info: version: &apos;3.10.0&apos;, revision: &apos;176b4a9&apos;, time: &apos;2018-03-02T19:03:16.397Z&apos;
System info: host: &apos;DESKTOP-U3PMRBE&apos;, ip: &apos;169.254.86.53&apos;, os.name: &apos;Windows 10&apos;, os.arch: &apos;amd64&apos;, os.version: &apos;10.0&apos;, java.version: &apos;1.8.0_221&apos;
Driver info: driver.version: unknown
	at org.openqa.selenium.support.ui.ExpectedConditions.lambda$findElement$0(ExpectedConditions.java:896)
	at java.util.Optional.orElseThrow(Unknown Source)
	at org.openqa.selenium.support.ui.ExpectedConditions.findElement(ExpectedConditions.java:895)
	at org.openqa.selenium.support.ui.ExpectedConditions.access$000(ExpectedConditions.java:44)
	at org.openqa.selenium.support.ui.ExpectedConditions$7.apply(ExpectedConditions.java:206)
	at org.openqa.selenium.support.ui.ExpectedConditions$7.apply(ExpectedConditions.java:202)
	at org.openqa.selenium.support.ui.FluentWait.until(FluentWait.java:249)
	... 31 more
... Removed 27 stack frames</pre></div><a href='#' onClick='toggleBox("stack-trace532677950", this, "Click to show all stack frames", "Click to hide stack frames")'>Click to show all stack frames</a>
<div class='stack-trace' id='stack-trace532677950'><pre>org.openqa.selenium.TimeoutException: Expected condition failed: waiting for visibility of element located by By.xpath: //span[@class=&quot;oncall-bg bgGreen pull-right mr-2&quot;]//span[@class=&quot;oncall-text text-left&quot; and text()=&quot;ON CALL&quot;] (tried for 20 second(s) with 500 milliseconds interval)
	at org.openqa.selenium.support.ui.WebDriverWait.timeoutException(WebDriverWait.java:82)
	at org.openqa.selenium.support.ui.FluentWait.until(FluentWait.java:272)
	at utility.CommonMethods.explicitWaitForElementVisibility(CommonMethods.java:165)
	at GT.GT.GrpTalks.verifyLiveCallState(GrpTalks.java:1010)
	at GT.GT.CreateAndCallGroupTest.verifyDialFunctionalityOfScheduleGroup(CreateAndCallGroupTest.java:3555)
	at sun.reflect.NativeMethodAccessorImpl.invoke0(Native Method)
	at sun.reflect.NativeMethodAccessorImpl.invoke(Unknown Source)
	at sun.reflect.DelegatingMethodAccessorImpl.invoke(Unknown Source)
	at java.lang.reflect.Method.invoke(Unknown Source)
	at org.testng.internal.MethodInvocationHelper.invokeMethod(MethodInvocationHelper.java:133)
	at org.testng.internal.TestInvoker.invokeMethod(TestInvoker.java:584)
	at org.testng.internal.TestInvoker.invokeTestMethod(TestInvoker.java:172)
	at org.testng.internal.MethodRunner.runInSequence(MethodRunner.java:46)
	at org.testng.internal.TestInvoker$MethodInvocationAgent.invoke(TestInvoker.java:804)
	at org.testng.internal.TestInvoker.invokeTestMethods(TestInvoker.java:145)
	at org.testng.internal.TestMethodWorker.invokeTestMethods(TestMethodWorker.java:146)
	at org.testng.internal.TestMethodWorker.run(TestMethodWorker.java:128)
	at java.util.ArrayList.forEach(Unknown Source)
	at org.testng.TestRunner.privateRun(TestRunner.java:770)
	at org.testng.TestRunner.run(TestRunner.java:591)
	at org.testng.SuiteRunner.runTest(SuiteRunner.java:402)
	at org.testng.SuiteRunner.runSequentially(SuiteRunner.java:396)
	at org.testng.SuiteRunner.privateRun(SuiteRunner.java:355)
	at org.testng.SuiteRunner.run(SuiteRunner.java:304)
	at org.testng.SuiteRunnerWorker.runSuite(SuiteRunnerWorker.java:53)
	at org.testng.SuiteRunnerWorker.run(SuiteRunnerWorker.java:96)
	at org.testng.TestNG.runSuitesSequentially(TestNG.java:1180)
	at org.testng.TestNG.runSuitesLocally(TestNG.java:1102)
	at org.testng.TestNG.runSuites(TestNG.java:1032)
	at org.testng.TestNG.run(TestNG.java:1000)
	at org.testng.remote.AbstractRemoteTestNG.run(AbstractRemoteTestNG.java:115)
	at org.testng.remote.RemoteTestNG.initAndRun(RemoteTestNG.java:251)
	at org.testng.remote.RemoteTestNG.main(RemoteTestNG.java:77)
Caused by: org.openqa.selenium.NoSuchElementException: Cannot locate an element using By.xpath: //span[@class=&quot;oncall-bg bgGreen pull-right mr-2&quot;]//span[@class=&quot;oncall-text text-left&quot; and text()=&quot;ON CALL&quot;]
For documentation on this error, please visit: http://seleniumhq.org/exceptions/no_such_element.html
Build info: version: &apos;3.10.0&apos;, revision: &apos;176b4a9&apos;, time: &apos;2018-03-02T19:03:16.397Z&apos;
System info: host: &apos;DESKTOP-U3PMRBE&apos;, ip: &apos;169.254.86.53&apos;, os.name: &apos;Windows 10&apos;, os.arch: &apos;amd64&apos;, os.version: &apos;10.0&apos;, java.version: &apos;1.8.0_221&apos;
Driver info: driver.version: unknown
	at org.openqa.selenium.support.ui.ExpectedConditions.lambda$findElement$0(ExpectedConditions.java:896)
	at java.util.Optional.orElseThrow(Unknown Source)
	at org.openqa.selenium.support.ui.ExpectedConditions.findElement(ExpectedConditions.java:895)
	at org.openqa.selenium.support.ui.ExpectedConditions.access$000(ExpectedConditions.java:44)
	at org.openqa.selenium.support.ui.ExpectedConditions$7.apply(ExpectedConditions.java:206)
	at org.openqa.selenium.support.ui.ExpectedConditions$7.apply(ExpectedConditions.java:202)
	at org.openqa.selenium.support.ui.FluentWait.until(FluentWait.java:249)
	... 31 more
</pre></div></td>
<td>178</td>
<td>GT.GT.CreateAndCallGroupTest@18bf3d14</td></tr>
<tr>
<td title='GT.GT.CreateAndCallGroupTest.verifyErrorMessageWhenJunkDataGivenInSearchBox()'><b>verifyErrorMessageWhenJunkDataGivenInSearchBox</b><br>Test class: GT.GT.CreateAndCallGroupTest</td>
<td><div><pre>org.openqa.selenium.WebDriverException: unknown error: Element &lt;i id=&quot;createGrpTalkNew&quot; class=&quot;fa fa-plus-circle pull-right margin-top-10&quot;&gt;&lt;/i&gt; is not clickable at point (289, 110). Other element would receive the click: &lt;div class=&quot;blockUI blockOverlay&quot; style=&quot;z-index: 1000; border: none; margin: 0px; padding: 0px; width: 100%; height: 100%; top: 0px; left: 0px; background-color: rgb(0, 0, 0); cursor: wait; position: fixed; opacity: 0.6;&quot;&gt;&lt;/div&gt;
  (Session info: chrome=78.0.3904.87)
  (Driver info: chromedriver=2.43.600210 (68dcf5eebde37173d4027fa8635e332711d2874a),platform=Windows NT 10.0.17763 x86_64) (WARNING: The server did not provide any stacktrace information)
Command duration or timeout: 0 milliseconds
Build info: version: &apos;3.10.0&apos;, revision: &apos;176b4a9&apos;, time: &apos;2018-03-02T19:03:16.397Z&apos;
System info: host: &apos;DESKTOP-U3PMRBE&apos;, ip: &apos;169.254.86.53&apos;, os.name: &apos;Windows 10&apos;, os.arch: &apos;amd64&apos;, os.version: &apos;10.0&apos;, java.version: &apos;1.8.0_221&apos;
Driver info: org.openqa.selenium.chrome.ChromeDriver
Capabilities {acceptInsecureCerts: false, acceptSslCerts: false, applicationCacheEnabled: false, browserConnectionEnabled: false, browserName: chrome, chrome: {chromedriverVersion: 2.43.600210 (68dcf5eebde371..., userDataDir: C:\Users\smsc\AppData\Local...}, cssSelectorsEnabled: true, databaseEnabled: false, goog:chromeOptions: {debuggerAddress: localhost:3622}, handlesAlerts: true, hasTouchScreen: false, javascriptEnabled: true, locationContextEnabled: true, mobileEmulationEnabled: false, nativeEvents: true, networkConnectionEnabled: false, pageLoadStrategy: normal, platform: XP, platformName: XP, rotatable: false, setWindowRect: true, takesHeapSnapshot: true, takesScreenshot: true, unexpectedAlertBehaviour: , unhandledPromptBehavior: , version: 78.0.3904.87, webStorageEnabled: true}
Session ID: 36dae3b9702ea47cc01af64aeaa31a33
	at org.openqa.selenium.remote.ErrorHandler.createThrowable(ErrorHandler.java:214)
	at org.openqa.selenium.remote.ErrorHandler.throwIfResponseFailed(ErrorHandler.java:166)
	at org.openqa.selenium.remote.http.JsonHttpResponseCodec.reconstructValue(JsonHttpResponseCodec.java:40)
	at org.openqa.selenium.remote.http.AbstractHttpResponseCodec.decode(AbstractHttpResponseCodec.java:80)
	at org.openqa.selenium.remote.http.AbstractHttpResponseCodec.decode(AbstractHttpResponseCodec.java:44)
	at org.openqa.selenium.remote.HttpCommandExecutor.execute(HttpCommandExecutor.java:160)
	at org.openqa.selenium.remote.service.DriverCommandExecutor.execute(DriverCommandExecutor.java:83)
	at org.openqa.selenium.remote.RemoteWebDriver.execute(RemoteWebDriver.java:601)
	at org.openqa.selenium.remote.RemoteWebElement.execute(RemoteWebElement.java:279)
	at org.openqa.selenium.remote.RemoteWebElement.click(RemoteWebElement.java:83)
	at utility.CommonMethods.clickMethod(CommonMethods.java:35)
	at GT.GT.CreateAndCallGroupTest.verifyErrorMessageWhenJunkDataGivenInSearchBox(CreateAndCallGroupTest.java:336)
	at java.util.ArrayList.forEach(Unknown Source)
... Removed 31 stack frames</pre></div><a href='#' onClick='toggleBox("stack-trace2075372030", this, "Click to show all stack frames", "Click to hide stack frames")'>Click to show all stack frames</a>
<div class='stack-trace' id='stack-trace2075372030'><pre>org.openqa.selenium.WebDriverException: unknown error: Element &lt;i id=&quot;createGrpTalkNew&quot; class=&quot;fa fa-plus-circle pull-right margin-top-10&quot;&gt;&lt;/i&gt; is not clickable at point (289, 110). Other element would receive the click: &lt;div class=&quot;blockUI blockOverlay&quot; style=&quot;z-index: 1000; border: none; margin: 0px; padding: 0px; width: 100%; height: 100%; top: 0px; left: 0px; background-color: rgb(0, 0, 0); cursor: wait; position: fixed; opacity: 0.6;&quot;&gt;&lt;/div&gt;
  (Session info: chrome=78.0.3904.87)
  (Driver info: chromedriver=2.43.600210 (68dcf5eebde37173d4027fa8635e332711d2874a),platform=Windows NT 10.0.17763 x86_64) (WARNING: The server did not provide any stacktrace information)
Command duration or timeout: 0 milliseconds
Build info: version: &apos;3.10.0&apos;, revision: &apos;176b4a9&apos;, time: &apos;2018-03-02T19:03:16.397Z&apos;
System info: host: &apos;DESKTOP-U3PMRBE&apos;, ip: &apos;169.254.86.53&apos;, os.name: &apos;Windows 10&apos;, os.arch: &apos;amd64&apos;, os.version: &apos;10.0&apos;, java.version: &apos;1.8.0_221&apos;
Driver info: org.openqa.selenium.chrome.ChromeDriver
Capabilities {acceptInsecureCerts: false, acceptSslCerts: false, applicationCacheEnabled: false, browserConnectionEnabled: false, browserName: chrome, chrome: {chromedriverVersion: 2.43.600210 (68dcf5eebde371..., userDataDir: C:\Users\smsc\AppData\Local...}, cssSelectorsEnabled: true, databaseEnabled: false, goog:chromeOptions: {debuggerAddress: localhost:3622}, handlesAlerts: true, hasTouchScreen: false, javascriptEnabled: true, locationContextEnabled: true, mobileEmulationEnabled: false, nativeEvents: true, networkConnectionEnabled: false, pageLoadStrategy: normal, platform: XP, platformName: XP, rotatable: false, setWindowRect: true, takesHeapSnapshot: true, takesScreenshot: true, unexpectedAlertBehaviour: , unhandledPromptBehavior: , version: 78.0.3904.87, webStorageEnabled: true}
Session ID: 36dae3b9702ea47cc01af64aeaa31a33
	at sun.reflect.NativeConstructorAccessorImpl.newInstance0(Native Method)
	at sun.reflect.NativeConstructorAccessorImpl.newInstance(Unknown Source)
	at sun.reflect.DelegatingConstructorAccessorImpl.newInstance(Unknown Source)
	at java.lang.reflect.Constructor.newInstance(Unknown Source)
	at org.openqa.selenium.remote.ErrorHandler.createThrowable(ErrorHandler.java:214)
	at org.openqa.selenium.remote.ErrorHandler.throwIfResponseFailed(ErrorHandler.java:166)
	at org.openqa.selenium.remote.http.JsonHttpResponseCodec.reconstructValue(JsonHttpResponseCodec.java:40)
	at org.openqa.selenium.remote.http.AbstractHttpResponseCodec.decode(AbstractHttpResponseCodec.java:80)
	at org.openqa.selenium.remote.http.AbstractHttpResponseCodec.decode(AbstractHttpResponseCodec.java:44)
	at org.openqa.selenium.remote.HttpCommandExecutor.execute(HttpCommandExecutor.java:160)
	at org.openqa.selenium.remote.service.DriverCommandExecutor.execute(DriverCommandExecutor.java:83)
	at org.openqa.selenium.remote.RemoteWebDriver.execute(RemoteWebDriver.java:601)
	at org.openqa.selenium.remote.RemoteWebElement.execute(RemoteWebElement.java:279)
	at org.openqa.selenium.remote.RemoteWebElement.click(RemoteWebElement.java:83)
	at utility.CommonMethods.clickMethod(CommonMethods.java:35)
	at GT.GT.CreateAndCallGroupTest.verifyErrorMessageWhenJunkDataGivenInSearchBox(CreateAndCallGroupTest.java:336)
	at sun.reflect.NativeMethodAccessorImpl.invoke0(Native Method)
	at sun.reflect.NativeMethodAccessorImpl.invoke(Unknown Source)
	at sun.reflect.DelegatingMethodAccessorImpl.invoke(Unknown Source)
	at java.lang.reflect.Method.invoke(Unknown Source)
	at org.testng.internal.MethodInvocationHelper.invokeMethod(MethodInvocationHelper.java:133)
	at org.testng.internal.TestInvoker.invokeMethod(TestInvoker.java:584)
	at org.testng.internal.TestInvoker.invokeTestMethod(TestInvoker.java:172)
	at org.testng.internal.MethodRunner.runInSequence(MethodRunner.java:46)
	at org.testng.internal.TestInvoker$MethodInvocationAgent.invoke(TestInvoker.java:804)
	at org.testng.internal.TestInvoker.invokeTestMethods(TestInvoker.java:145)
	at org.testng.internal.TestMethodWorker.invokeTestMethods(TestMethodWorker.java:146)
	at org.testng.internal.TestMethodWorker.run(TestMethodWorker.java:128)
	at java.util.ArrayList.forEach(Unknown Source)
	at org.testng.TestRunner.privateRun(TestRunner.java:770)
	at org.testng.TestRunner.run(TestRunner.java:591)
	at org.testng.SuiteRunner.runTest(SuiteRunner.java:402)
	at org.testng.SuiteRunner.runSequentially(SuiteRunner.java:396)
	at org.testng.SuiteRunner.privateRun(SuiteRunner.java:355)
	at org.testng.SuiteRunner.run(SuiteRunner.java:304)
	at org.testng.SuiteRunnerWorker.runSuite(SuiteRunnerWorker.java:53)
	at org.testng.SuiteRunnerWorker.run(SuiteRunnerWorker.java:96)
	at org.testng.TestNG.runSuitesSequentially(TestNG.java:1180)
	at org.testng.TestNG.runSuitesLocally(TestNG.java:1102)
	at org.testng.TestNG.runSuites(TestNG.java:1032)
	at org.testng.TestNG.run(TestNG.java:1000)
	at org.testng.remote.AbstractRemoteTestNG.run(AbstractRemoteTestNG.java:115)
	at org.testng.remote.RemoteTestNG.initAndRun(RemoteTestNG.java:251)
	at org.testng.remote.RemoteTestNG.main(RemoteTestNG.java:77)
</pre></div></td>
<td>0</td>
<td>GT.GT.CreateAndCallGroupTest@18bf3d14</td></tr>
<tr>
<td title='GT.GT.CreateAndCallGroupTest.verifyMuteAndUnmuteFunctionalityInLiveCallWhenParticipantsAreInPrivateRoom()'><b>verifyMuteAndUnmuteFunctionalityInLiveCallWhenParticipantsAreInPrivateRoom</b><br>Test class: GT.GT.CreateAndCallGroupTest</td>
<td><div><pre>org.openqa.selenium.NoSuchElementException: no such element: Unable to locate element: {&quot;method&quot;:&quot;id&quot;,&quot;selector&quot;:&quot;918634502054&quot;}
  (Session info: chrome=78.0.3904.87)
  (Driver info: chromedriver=2.43.600210 (68dcf5eebde37173d4027fa8635e332711d2874a),platform=Windows NT 10.0.17763 x86_64) (WARNING: The server did not provide any stacktrace information)
Command duration or timeout: 0 milliseconds
For documentation on this error, please visit: http://seleniumhq.org/exceptions/no_such_element.html
Build info: version: &apos;3.10.0&apos;, revision: &apos;176b4a9&apos;, time: &apos;2018-03-02T19:03:16.397Z&apos;
System info: host: &apos;DESKTOP-U3PMRBE&apos;, ip: &apos;169.254.86.53&apos;, os.name: &apos;Windows 10&apos;, os.arch: &apos;amd64&apos;, os.version: &apos;10.0&apos;, java.version: &apos;1.8.0_221&apos;
Driver info: org.openqa.selenium.chrome.ChromeDriver
Capabilities {acceptInsecureCerts: false, acceptSslCerts: false, applicationCacheEnabled: false, browserConnectionEnabled: false, browserName: chrome, chrome: {chromedriverVersion: 2.43.600210 (68dcf5eebde371..., userDataDir: C:\Users\smsc\AppData\Local...}, cssSelectorsEnabled: true, databaseEnabled: false, goog:chromeOptions: {debuggerAddress: localhost:3622}, handlesAlerts: true, hasTouchScreen: false, javascriptEnabled: true, locationContextEnabled: true, mobileEmulationEnabled: false, nativeEvents: true, networkConnectionEnabled: false, pageLoadStrategy: normal, platform: XP, platformName: XP, rotatable: false, setWindowRect: true, takesHeapSnapshot: true, takesScreenshot: true, unexpectedAlertBehaviour: , unhandledPromptBehavior: , version: 78.0.3904.87, webStorageEnabled: true}
Session ID: 36dae3b9702ea47cc01af64aeaa31a33
*** Element info: {Using=id, value=918634502054}
	at org.openqa.selenium.remote.ErrorHandler.createThrowable(ErrorHandler.java:214)
	at org.openqa.selenium.remote.ErrorHandler.throwIfResponseFailed(ErrorHandler.java:166)
	at org.openqa.selenium.remote.http.JsonHttpResponseCodec.reconstructValue(JsonHttpResponseCodec.java:40)
	at org.openqa.selenium.remote.http.AbstractHttpResponseCodec.decode(AbstractHttpResponseCodec.java:80)
	at org.openqa.selenium.remote.http.AbstractHttpResponseCodec.decode(AbstractHttpResponseCodec.java:44)
	at org.openqa.selenium.remote.HttpCommandExecutor.execute(HttpCommandExecutor.java:160)
	at org.openqa.selenium.remote.service.DriverCommandExecutor.execute(DriverCommandExecutor.java:83)
	at org.openqa.selenium.remote.RemoteWebDriver.execute(RemoteWebDriver.java:601)
	at org.openqa.selenium.remote.RemoteWebDriver.findElement(RemoteWebDriver.java:371)
	at org.openqa.selenium.remote.RemoteWebDriver.findElementById(RemoteWebDriver.java:417)
	at org.openqa.selenium.By$ById.findElement(By.java:218)
	at org.openqa.selenium.remote.RemoteWebDriver.findElement(RemoteWebDriver.java:363)
	at GT.GT.GrpTalks.participantMovingToPrviateRoom(GrpTalks.java:382)
	at GT.GT.CreateAndCallGroupTest.verifyMuteAndUnmuteFunctionalityInLiveCallWhenParticipantsAreInPrivateRoom(CreateAndCallGroupTest.java:2773)
	at java.util.ArrayList.forEach(Unknown Source)
... Removed 31 stack frames</pre></div><a href='#' onClick='toggleBox("stack-trace769877691", this, "Click to show all stack frames", "Click to hide stack frames")'>Click to show all stack frames</a>
<div class='stack-trace' id='stack-trace769877691'><pre>org.openqa.selenium.NoSuchElementException: no such element: Unable to locate element: {&quot;method&quot;:&quot;id&quot;,&quot;selector&quot;:&quot;918634502054&quot;}
  (Session info: chrome=78.0.3904.87)
  (Driver info: chromedriver=2.43.600210 (68dcf5eebde37173d4027fa8635e332711d2874a),platform=Windows NT 10.0.17763 x86_64) (WARNING: The server did not provide any stacktrace information)
Command duration or timeout: 0 milliseconds
For documentation on this error, please visit: http://seleniumhq.org/exceptions/no_such_element.html
Build info: version: &apos;3.10.0&apos;, revision: &apos;176b4a9&apos;, time: &apos;2018-03-02T19:03:16.397Z&apos;
System info: host: &apos;DESKTOP-U3PMRBE&apos;, ip: &apos;169.254.86.53&apos;, os.name: &apos;Windows 10&apos;, os.arch: &apos;amd64&apos;, os.version: &apos;10.0&apos;, java.version: &apos;1.8.0_221&apos;
Driver info: org.openqa.selenium.chrome.ChromeDriver
Capabilities {acceptInsecureCerts: false, acceptSslCerts: false, applicationCacheEnabled: false, browserConnectionEnabled: false, browserName: chrome, chrome: {chromedriverVersion: 2.43.600210 (68dcf5eebde371..., userDataDir: C:\Users\smsc\AppData\Local...}, cssSelectorsEnabled: true, databaseEnabled: false, goog:chromeOptions: {debuggerAddress: localhost:3622}, handlesAlerts: true, hasTouchScreen: false, javascriptEnabled: true, locationContextEnabled: true, mobileEmulationEnabled: false, nativeEvents: true, networkConnectionEnabled: false, pageLoadStrategy: normal, platform: XP, platformName: XP, rotatable: false, setWindowRect: true, takesHeapSnapshot: true, takesScreenshot: true, unexpectedAlertBehaviour: , unhandledPromptBehavior: , version: 78.0.3904.87, webStorageEnabled: true}
Session ID: 36dae3b9702ea47cc01af64aeaa31a33
*** Element info: {Using=id, value=918634502054}
	at sun.reflect.NativeConstructorAccessorImpl.newInstance0(Native Method)
	at sun.reflect.NativeConstructorAccessorImpl.newInstance(Unknown Source)
	at sun.reflect.DelegatingConstructorAccessorImpl.newInstance(Unknown Source)
	at java.lang.reflect.Constructor.newInstance(Unknown Source)
	at org.openqa.selenium.remote.ErrorHandler.createThrowable(ErrorHandler.java:214)
	at org.openqa.selenium.remote.ErrorHandler.throwIfResponseFailed(ErrorHandler.java:166)
	at org.openqa.selenium.remote.http.JsonHttpResponseCodec.reconstructValue(JsonHttpResponseCodec.java:40)
	at org.openqa.selenium.remote.http.AbstractHttpResponseCodec.decode(AbstractHttpResponseCodec.java:80)
	at org.openqa.selenium.remote.http.AbstractHttpResponseCodec.decode(AbstractHttpResponseCodec.java:44)
	at org.openqa.selenium.remote.HttpCommandExecutor.execute(HttpCommandExecutor.java:160)
	at org.openqa.selenium.remote.service.DriverCommandExecutor.execute(DriverCommandExecutor.java:83)
	at org.openqa.selenium.remote.RemoteWebDriver.execute(RemoteWebDriver.java:601)
	at org.openqa.selenium.remote.RemoteWebDriver.findElement(RemoteWebDriver.java:371)
	at org.openqa.selenium.remote.RemoteWebDriver.findElementById(RemoteWebDriver.java:417)
	at org.openqa.selenium.By$ById.findElement(By.java:218)
	at org.openqa.selenium.remote.RemoteWebDriver.findElement(RemoteWebDriver.java:363)
	at GT.GT.GrpTalks.participantMovingToPrviateRoom(GrpTalks.java:382)
	at GT.GT.CreateAndCallGroupTest.verifyMuteAndUnmuteFunctionalityInLiveCallWhenParticipantsAreInPrivateRoom(CreateAndCallGroupTest.java:2773)
	at sun.reflect.NativeMethodAccessorImpl.invoke0(Native Method)
	at sun.reflect.NativeMethodAccessorImpl.invoke(Unknown Source)
	at sun.reflect.DelegatingMethodAccessorImpl.invoke(Unknown Source)
	at java.lang.reflect.Method.invoke(Unknown Source)
	at org.testng.internal.MethodInvocationHelper.invokeMethod(MethodInvocationHelper.java:133)
	at org.testng.internal.TestInvoker.invokeMethod(TestInvoker.java:584)
	at org.testng.internal.TestInvoker.invokeTestMethod(TestInvoker.java:172)
	at org.testng.internal.MethodRunner.runInSequence(MethodRunner.java:46)
	at org.testng.internal.TestInvoker$MethodInvocationAgent.invoke(TestInvoker.java:804)
	at org.testng.internal.TestInvoker.invokeTestMethods(TestInvoker.java:145)
	at org.testng.internal.TestMethodWorker.invokeTestMethods(TestMethodWorker.java:146)
	at org.testng.internal.TestMethodWorker.run(TestMethodWorker.java:128)
	at java.util.ArrayList.forEach(Unknown Source)
	at org.testng.TestRunner.privateRun(TestRunner.java:770)
	at org.testng.TestRunner.run(TestRunner.java:591)
	at org.testng.SuiteRunner.runTest(SuiteRunner.java:402)
	at org.testng.SuiteRunner.runSequentially(SuiteRunner.java:396)
	at org.testng.SuiteRunner.privateRun(SuiteRunner.java:355)
	at org.testng.SuiteRunner.run(SuiteRunner.java:304)
	at org.testng.SuiteRunnerWorker.runSuite(SuiteRunnerWorker.java:53)
	at org.testng.SuiteRunnerWorker.run(SuiteRunnerWorker.java:96)
	at org.testng.TestNG.runSuitesSequentially(TestNG.java:1180)
	at org.testng.TestNG.runSuitesLocally(TestNG.java:1102)
	at org.testng.TestNG.runSuites(TestNG.java:1032)
	at org.testng.TestNG.run(TestNG.java:1000)
	at org.testng.remote.AbstractRemoteTestNG.run(AbstractRemoteTestNG.java:115)
	at org.testng.remote.RemoteTestNG.initAndRun(RemoteTestNG.java:251)
	at org.testng.remote.RemoteTestNG.main(RemoteTestNG.java:77)
</pre></div></td>
<td>68</td>
<td>GT.GT.CreateAndCallGroupTest@18bf3d14</td></tr>
<tr>
<td title='GT.GT.CreateAndCallGroupTest.verifyMuteCallFunctionalityFromCreateGroupTalkPageByCreatingNewGroup()'><b>verifyMuteCallFunctionalityFromCreateGroupTalkPageByCreatingNewGroup</b><br>Test class: GT.GT.CreateAndCallGroupTest</td>
<td><div><pre>java.lang.AssertionError: expected [0] but found [3]
	at GT.GT.CreateAndCallGroupTest.verifyMuteCallFunctionalityFromCreateGroupTalkPageByCreatingNewGroup(CreateAndCallGroupTest.java:1135)
	at java.util.ArrayList.forEach(Unknown Source)
... Removed 32 stack frames</pre></div><a href='#' onClick='toggleBox("stack-trace1374982240", this, "Click to show all stack frames", "Click to hide stack frames")'>Click to show all stack frames</a>
<div class='stack-trace' id='stack-trace1374982240'><pre>java.lang.AssertionError: expected [0] but found [3]
	at org.testng.Assert.fail(Assert.java:97)
	at org.testng.Assert.assertEqualsImpl(Assert.java:136)
	at org.testng.Assert.assertEquals(Assert.java:118)
	at org.testng.Assert.assertEquals(Assert.java:839)
	at org.testng.Assert.assertEquals(Assert.java:849)
	at GT.GT.CreateAndCallGroupTest.verifyMuteCallFunctionalityFromCreateGroupTalkPageByCreatingNewGroup(CreateAndCallGroupTest.java:1135)
	at sun.reflect.NativeMethodAccessorImpl.invoke0(Native Method)
	at sun.reflect.NativeMethodAccessorImpl.invoke(Unknown Source)
	at sun.reflect.DelegatingMethodAccessorImpl.invoke(Unknown Source)
	at java.lang.reflect.Method.invoke(Unknown Source)
	at org.testng.internal.MethodInvocationHelper.invokeMethod(MethodInvocationHelper.java:133)
	at org.testng.internal.TestInvoker.invokeMethod(TestInvoker.java:584)
	at org.testng.internal.TestInvoker.invokeTestMethod(TestInvoker.java:172)
	at org.testng.internal.MethodRunner.runInSequence(MethodRunner.java:46)
	at org.testng.internal.TestInvoker$MethodInvocationAgent.invoke(TestInvoker.java:804)
	at org.testng.internal.TestInvoker.invokeTestMethods(TestInvoker.java:145)
	at org.testng.internal.TestMethodWorker.invokeTestMethods(TestMethodWorker.java:146)
	at org.testng.internal.TestMethodWorker.run(TestMethodWorker.java:128)
	at java.util.ArrayList.forEach(Unknown Source)
	at org.testng.TestRunner.privateRun(TestRunner.java:770)
	at org.testng.TestRunner.run(TestRunner.java:591)
	at org.testng.SuiteRunner.runTest(SuiteRunner.java:402)
	at org.testng.SuiteRunner.runSequentially(SuiteRunner.java:396)
	at org.testng.SuiteRunner.privateRun(SuiteRunner.java:355)
	at org.testng.SuiteRunner.run(SuiteRunner.java:304)
	at org.testng.SuiteRunnerWorker.runSuite(SuiteRunnerWorker.java:53)
	at org.testng.SuiteRunnerWorker.run(SuiteRunnerWorker.java:96)
	at org.testng.TestNG.runSuitesSequentially(TestNG.java:1180)
	at org.testng.TestNG.runSuitesLocally(TestNG.java:1102)
	at org.testng.TestNG.runSuites(TestNG.java:1032)
	at org.testng.TestNG.run(TestNG.java:1000)
	at org.testng.remote.AbstractRemoteTestNG.run(AbstractRemoteTestNG.java:115)
	at org.testng.remote.RemoteTestNG.initAndRun(RemoteTestNG.java:251)
	at org.testng.remote.RemoteTestNG.main(RemoteTestNG.java:77)
</pre></div></td>
<td>71</td>
<td>GT.GT.CreateAndCallGroupTest@18bf3d14</td></tr>
<tr>
<td title='GT.GT.CreateAndCallGroupTest.verifyPrivateRoomFuntionalityInLiveCall()'><b>verifyPrivateRoomFuntionalityInLiveCall</b><br>Test class: GT.GT.CreateAndCallGroupTest</td>
<td><div><pre>org.openqa.selenium.NoSuchElementException: no such element: Unable to locate element: {&quot;method&quot;:&quot;id&quot;,&quot;selector&quot;:&quot;918634502054&quot;}
  (Session info: chrome=78.0.3904.87)
  (Driver info: chromedriver=2.43.600210 (68dcf5eebde37173d4027fa8635e332711d2874a),platform=Windows NT 10.0.17763 x86_64) (WARNING: The server did not provide any stacktrace information)
Command duration or timeout: 0 milliseconds
For documentation on this error, please visit: http://seleniumhq.org/exceptions/no_such_element.html
Build info: version: &apos;3.10.0&apos;, revision: &apos;176b4a9&apos;, time: &apos;2018-03-02T19:03:16.397Z&apos;
System info: host: &apos;DESKTOP-U3PMRBE&apos;, ip: &apos;169.254.86.53&apos;, os.name: &apos;Windows 10&apos;, os.arch: &apos;amd64&apos;, os.version: &apos;10.0&apos;, java.version: &apos;1.8.0_221&apos;
Driver info: org.openqa.selenium.chrome.ChromeDriver
Capabilities {acceptInsecureCerts: false, acceptSslCerts: false, applicationCacheEnabled: false, browserConnectionEnabled: false, browserName: chrome, chrome: {chromedriverVersion: 2.43.600210 (68dcf5eebde371..., userDataDir: C:\Users\smsc\AppData\Local...}, cssSelectorsEnabled: true, databaseEnabled: false, goog:chromeOptions: {debuggerAddress: localhost:3622}, handlesAlerts: true, hasTouchScreen: false, javascriptEnabled: true, locationContextEnabled: true, mobileEmulationEnabled: false, nativeEvents: true, networkConnectionEnabled: false, pageLoadStrategy: normal, platform: XP, platformName: XP, rotatable: false, setWindowRect: true, takesHeapSnapshot: true, takesScreenshot: true, unexpectedAlertBehaviour: , unhandledPromptBehavior: , version: 78.0.3904.87, webStorageEnabled: true}
Session ID: 36dae3b9702ea47cc01af64aeaa31a33
*** Element info: {Using=id, value=918634502054}
	at org.openqa.selenium.remote.ErrorHandler.createThrowable(ErrorHandler.java:214)
	at org.openqa.selenium.remote.ErrorHandler.throwIfResponseFailed(ErrorHandler.java:166)
	at org.openqa.selenium.remote.http.JsonHttpResponseCodec.reconstructValue(JsonHttpResponseCodec.java:40)
	at org.openqa.selenium.remote.http.AbstractHttpResponseCodec.decode(AbstractHttpResponseCodec.java:80)
	at org.openqa.selenium.remote.http.AbstractHttpResponseCodec.decode(AbstractHttpResponseCodec.java:44)
	at org.openqa.selenium.remote.HttpCommandExecutor.execute(HttpCommandExecutor.java:160)
	at org.openqa.selenium.remote.service.DriverCommandExecutor.execute(DriverCommandExecutor.java:83)
	at org.openqa.selenium.remote.RemoteWebDriver.execute(RemoteWebDriver.java:601)
	at org.openqa.selenium.remote.RemoteWebDriver.findElement(RemoteWebDriver.java:371)
	at org.openqa.selenium.remote.RemoteWebDriver.findElementById(RemoteWebDriver.java:417)
	at org.openqa.selenium.By$ById.findElement(By.java:218)
	at org.openqa.selenium.remote.RemoteWebDriver.findElement(RemoteWebDriver.java:363)
	at GT.GT.GrpTalks.participantMovingToPrviateRoom(GrpTalks.java:382)
	at GT.GT.CreateAndCallGroupTest.verifyPrivateRoomFuntionalityInLiveCall(CreateAndCallGroupTest.java:2674)
	at java.util.ArrayList.forEach(Unknown Source)
... Removed 31 stack frames</pre></div><a href='#' onClick='toggleBox("stack-trace1495445111", this, "Click to show all stack frames", "Click to hide stack frames")'>Click to show all stack frames</a>
<div class='stack-trace' id='stack-trace1495445111'><pre>org.openqa.selenium.NoSuchElementException: no such element: Unable to locate element: {&quot;method&quot;:&quot;id&quot;,&quot;selector&quot;:&quot;918634502054&quot;}
  (Session info: chrome=78.0.3904.87)
  (Driver info: chromedriver=2.43.600210 (68dcf5eebde37173d4027fa8635e332711d2874a),platform=Windows NT 10.0.17763 x86_64) (WARNING: The server did not provide any stacktrace information)
Command duration or timeout: 0 milliseconds
For documentation on this error, please visit: http://seleniumhq.org/exceptions/no_such_element.html
Build info: version: &apos;3.10.0&apos;, revision: &apos;176b4a9&apos;, time: &apos;2018-03-02T19:03:16.397Z&apos;
System info: host: &apos;DESKTOP-U3PMRBE&apos;, ip: &apos;169.254.86.53&apos;, os.name: &apos;Windows 10&apos;, os.arch: &apos;amd64&apos;, os.version: &apos;10.0&apos;, java.version: &apos;1.8.0_221&apos;
Driver info: org.openqa.selenium.chrome.ChromeDriver
Capabilities {acceptInsecureCerts: false, acceptSslCerts: false, applicationCacheEnabled: false, browserConnectionEnabled: false, browserName: chrome, chrome: {chromedriverVersion: 2.43.600210 (68dcf5eebde371..., userDataDir: C:\Users\smsc\AppData\Local...}, cssSelectorsEnabled: true, databaseEnabled: false, goog:chromeOptions: {debuggerAddress: localhost:3622}, handlesAlerts: true, hasTouchScreen: false, javascriptEnabled: true, locationContextEnabled: true, mobileEmulationEnabled: false, nativeEvents: true, networkConnectionEnabled: false, pageLoadStrategy: normal, platform: XP, platformName: XP, rotatable: false, setWindowRect: true, takesHeapSnapshot: true, takesScreenshot: true, unexpectedAlertBehaviour: , unhandledPromptBehavior: , version: 78.0.3904.87, webStorageEnabled: true}
Session ID: 36dae3b9702ea47cc01af64aeaa31a33
*** Element info: {Using=id, value=918634502054}
	at sun.reflect.NativeConstructorAccessorImpl.newInstance0(Native Method)
	at sun.reflect.NativeConstructorAccessorImpl.newInstance(Unknown Source)
	at sun.reflect.DelegatingConstructorAccessorImpl.newInstance(Unknown Source)
	at java.lang.reflect.Constructor.newInstance(Unknown Source)
	at org.openqa.selenium.remote.ErrorHandler.createThrowable(ErrorHandler.java:214)
	at org.openqa.selenium.remote.ErrorHandler.throwIfResponseFailed(ErrorHandler.java:166)
	at org.openqa.selenium.remote.http.JsonHttpResponseCodec.reconstructValue(JsonHttpResponseCodec.java:40)
	at org.openqa.selenium.remote.http.AbstractHttpResponseCodec.decode(AbstractHttpResponseCodec.java:80)
	at org.openqa.selenium.remote.http.AbstractHttpResponseCodec.decode(AbstractHttpResponseCodec.java:44)
	at org.openqa.selenium.remote.HttpCommandExecutor.execute(HttpCommandExecutor.java:160)
	at org.openqa.selenium.remote.service.DriverCommandExecutor.execute(DriverCommandExecutor.java:83)
	at org.openqa.selenium.remote.RemoteWebDriver.execute(RemoteWebDriver.java:601)
	at org.openqa.selenium.remote.RemoteWebDriver.findElement(RemoteWebDriver.java:371)
	at org.openqa.selenium.remote.RemoteWebDriver.findElementById(RemoteWebDriver.java:417)
	at org.openqa.selenium.By$ById.findElement(By.java:218)
	at org.openqa.selenium.remote.RemoteWebDriver.findElement(RemoteWebDriver.java:363)
	at GT.GT.GrpTalks.participantMovingToPrviateRoom(GrpTalks.java:382)
	at GT.GT.CreateAndCallGroupTest.verifyPrivateRoomFuntionalityInLiveCall(CreateAndCallGroupTest.java:2674)
	at sun.reflect.NativeMethodAccessorImpl.invoke0(Native Method)
	at sun.reflect.NativeMethodAccessorImpl.invoke(Unknown Source)
	at sun.reflect.DelegatingMethodAccessorImpl.invoke(Unknown Source)
	at java.lang.reflect.Method.invoke(Unknown Source)
	at org.testng.internal.MethodInvocationHelper.invokeMethod(MethodInvocationHelper.java:133)
	at org.testng.internal.TestInvoker.invokeMethod(TestInvoker.java:584)
	at org.testng.internal.TestInvoker.invokeTestMethod(TestInvoker.java:172)
	at org.testng.internal.MethodRunner.runInSequence(MethodRunner.java:46)
	at org.testng.internal.TestInvoker$MethodInvocationAgent.invoke(TestInvoker.java:804)
	at org.testng.internal.TestInvoker.invokeTestMethods(TestInvoker.java:145)
	at org.testng.internal.TestMethodWorker.invokeTestMethods(TestMethodWorker.java:146)
	at org.testng.internal.TestMethodWorker.run(TestMethodWorker.java:128)
	at java.util.ArrayList.forEach(Unknown Source)
	at org.testng.TestRunner.privateRun(TestRunner.java:770)
	at org.testng.TestRunner.run(TestRunner.java:591)
	at org.testng.SuiteRunner.runTest(SuiteRunner.java:402)
	at org.testng.SuiteRunner.runSequentially(SuiteRunner.java:396)
	at org.testng.SuiteRunner.privateRun(SuiteRunner.java:355)
	at org.testng.SuiteRunner.run(SuiteRunner.java:304)
	at org.testng.SuiteRunnerWorker.runSuite(SuiteRunnerWorker.java:53)
	at org.testng.SuiteRunnerWorker.run(SuiteRunnerWorker.java:96)
	at org.testng.TestNG.runSuitesSequentially(TestNG.java:1180)
	at org.testng.TestNG.runSuitesLocally(TestNG.java:1102)
	at org.testng.TestNG.runSuites(TestNG.java:1032)
	at org.testng.TestNG.run(TestNG.java:1000)
	at org.testng.remote.AbstractRemoteTestNG.run(AbstractRemoteTestNG.java:115)
	at org.testng.remote.RemoteTestNG.initAndRun(RemoteTestNG.java:251)
	at org.testng.remote.RemoteTestNG.main(RemoteTestNG.java:77)
</pre></div></td>
<td>68</td>
<td>GT.GT.CreateAndCallGroupTest@18bf3d14</td></tr>
</table><p>
<table width='100%' border='1' class='invocation-passed'>
<tr><td colspan='4' align='center'><b>PASSED TESTS</b></td></tr>
<tr><td><b>Test method</b></td>
<td width="30%"><b>Exception</b></td>
<td width="10%"><b>Time (seconds)</b></td>
<td><b>Instance</b></td>
</tr>
<tr>
<td title='GT.GT.CreateAndCallGroupTest.VerifyAllowNonMembersOptionInAdvancedSettingsOnOverlayInEditGrpTalk()'><b>VerifyAllowNonMembersOptionInAdvancedSettingsOnOverlayInEditGrpTalk</b><br>Test class: GT.GT.CreateAndCallGroupTest</td>
<td></td>
<td>45</td>
<td>GT.GT.CreateAndCallGroupTest@18bf3d14</td></tr>
<tr>
<td title='GT.GT.AccountPageTest.checkAccountDetails()'><b>checkAccountDetails</b><br>Test class: GT.GT.AccountPageTest</td>
<td></td>
<td>5</td>
<td>GT.GT.AccountPageTest@4d3167f4</td></tr>
<tr>
<td title='GT.GT.CreateAndCallGroupTest.removeLeaveGroup()'><b>removeLeaveGroup</b><br>Test class: GT.GT.CreateAndCallGroupTest</td>
<td></td>
<td>10</td>
<td>GT.GT.CreateAndCallGroupTest@18bf3d14</td></tr>
<tr>
<td title='GT.GT.AccountPageTest.verifyAccountManagerFunctionalityInAccountManagersTab()'><b>verifyAccountManagerFunctionalityInAccountManagersTab</b><br>Test class: GT.GT.AccountPageTest</td>
<td></td>
<td>26</td>
<td>GT.GT.AccountPageTest@4d3167f4</td></tr>
<tr>
<td title='GT.GT.AccountPageTest.verifyAddAccountManagerFunctionalityByGivingNonRegisteredNumberInAccountManagersTab()'><b>verifyAddAccountManagerFunctionalityByGivingNonRegisteredNumberInAccountManagersTab</b><br>Test class: GT.GT.AccountPageTest</td>
<td></td>
<td>7</td>
<td>GT.GT.AccountPageTest@4d3167f4</td></tr>
<tr>
<td title='GT.GT.AccountPageTest.verifyAddBalanceFunctionalityToExistingSubAccountInSubAccountsTab()'><b>verifyAddBalanceFunctionalityToExistingSubAccountInSubAccountsTab</b><br>Test class: GT.GT.AccountPageTest</td>
<td></td>
<td>10</td>
<td>GT.GT.AccountPageTest@4d3167f4</td></tr>
<tr>
<td title='GT.GT.ContactsPageTest.verifyAddContactsFromAddContactsTabOnOverlay()'><b>verifyAddContactsFromAddContactsTabOnOverlay</b><br>Test class: GT.GT.ContactsPageTest</td>
<td></td>
<td>14</td>
<td>GT.GT.ContactsPageTest@3cb1ffe6</td></tr>
<tr>
<td title='GT.GT.CreateAndCallGroupTest.verifyAddContactsFromContactsListByEditngSavedGroupOnMyGrpTalkPage()'><b>verifyAddContactsFromContactsListByEditngSavedGroupOnMyGrpTalkPage</b><br>Test class: GT.GT.CreateAndCallGroupTest</td>
<td></td>
<td>27</td>
<td>GT.GT.CreateAndCallGroupTest@18bf3d14</td></tr>
<tr>
<td title='GT.GT.ContactsPageTest.verifyAddContactsFromMobileContactsTabOnOverlay()'><b>verifyAddContactsFromMobileContactsTabOnOverlay</b><br>Test class: GT.GT.ContactsPageTest</td>
<td></td>
<td>15</td>
<td>GT.GT.ContactsPageTest@3cb1ffe6</td></tr>
<tr>
<td title='GT.GT.AccountPageTest.verifyAddSubAccountFunctionalityByGivingNonRegisteredNumberInSubAccountsTab()'><b>verifyAddSubAccountFunctionalityByGivingNonRegisteredNumberInSubAccountsTab</b><br>Test class: GT.GT.AccountPageTest</td>
<td></td>
<td>6</td>
<td>GT.GT.AccountPageTest@4d3167f4</td></tr>
<tr>
<td title='GT.GT.AccountPageTest.verifyAddSubAccountFunctionalityInSubAccountsTab()'><b>verifyAddSubAccountFunctionalityInSubAccountsTab</b><br>Test class: GT.GT.AccountPageTest</td>
<td></td>
<td>9</td>
<td>GT.GT.AccountPageTest@4d3167f4</td></tr>
<tr>
<td title='GT.GT.AccountPageTest.verifyAddSubAccountFunctionalityWithAlreadyExistedSubAccount()'><b>verifyAddSubAccountFunctionalityWithAlreadyExistedSubAccount</b><br>Test class: GT.GT.AccountPageTest</td>
<td></td>
<td>5</td>
<td>GT.GT.AccountPageTest@4d3167f4</td></tr>
<tr>
<td title='GT.GT.CreateAndCallGroupTest.verifyAllButtonsDisplayedOnCallOverlay()'><b>verifyAllButtonsDisplayedOnCallOverlay</b><br>Test class: GT.GT.CreateAndCallGroupTest</td>
<td></td>
<td>8</td>
<td>GT.GT.CreateAndCallGroupTest@18bf3d14</td></tr>
<tr>
<td title='GT.GT.AccountPageTest.verifyAllTabsAreDisplayedOnMyAccountPage()'><b>verifyAllTabsAreDisplayedOnMyAccountPage</b><br>Test class: GT.GT.AccountPageTest</td>
<td></td>
<td>5</td>
<td>GT.GT.AccountPageTest@4d3167f4</td></tr>
<tr>
<td title='GT.GT.CreateAndCallGroupTest.verifyCallFunctionalityOfTestContactsFromCreateGroupTalkPage()'><b>verifyCallFunctionalityOfTestContactsFromCreateGroupTalkPage</b><br>Test class: GT.GT.CreateAndCallGroupTest</td>
<td></td>
<td>81</td>
<td>GT.GT.CreateAndCallGroupTest@18bf3d14</td></tr>
<tr>
<td title='GT.GT.AccountPageTest.verifyConfigureClipsFunctionalityOnProfilePage()'><b>verifyConfigureClipsFunctionalityOnProfilePage</b><br>Test class: GT.GT.AccountPageTest</td>
<td></td>
<td>35</td>
<td>GT.GT.AccountPageTest@4d3167f4</td></tr>
<tr>
<td title='GT.GT.CreateAndCallGroupTest.verifyContactListInPhoneContacts()'><b>verifyContactListInPhoneContacts</b><br>Test class: GT.GT.CreateAndCallGroupTest</td>
<td></td>
<td>12</td>
<td>GT.GT.CreateAndCallGroupTest@18bf3d14</td></tr>
<tr>
<td title='GT.GT.ContactsPageTest.verifyCreateListFromContactsPageUsingPlusSymbol()'><b>verifyCreateListFromContactsPageUsingPlusSymbol</b><br>Test class: GT.GT.ContactsPageTest</td>
<td></td>
<td>11</td>
<td>GT.GT.ContactsPageTest@3cb1ffe6</td></tr>
<tr>
<td title='GT.GT.ContactsPageTest.verifyCreateListFromExcelUpload()'><b>verifyCreateListFromExcelUpload</b><br>Test class: GT.GT.ContactsPageTest</td>
<td></td>
<td>24</td>
<td>GT.GT.ContactsPageTest@3cb1ffe6</td></tr>
<tr>
<td title='GT.GT.CreateAndCallGroupTest.verifyCreateListFromExcelUploadOnCreateGrpPage()'><b>verifyCreateListFromExcelUploadOnCreateGrpPage</b><br>Test class: GT.GT.CreateAndCallGroupTest</td>
<td></td>
<td>326</td>
<td>GT.GT.CreateAndCallGroupTest@18bf3d14</td></tr>
<tr>
<td title='GT.GT.ContactsPageTest.verifyDeleteListFromContactsPage()'><b>verifyDeleteListFromContactsPage</b><br>Test class: GT.GT.ContactsPageTest</td>
<td></td>
<td>13</td>
<td>GT.GT.ContactsPageTest@3cb1ffe6</td></tr>
<tr>
<td title='GT.GT.AccountPageTest.verifyEditUserProfile()'><b>verifyEditUserProfile</b><br>Test class: GT.GT.AccountPageTest</td>
<td></td>
<td>21</td>
<td>GT.GT.AccountPageTest@4d3167f4</td></tr>
<tr>
<td title='GT.GT.CreateAndCallGroupTest.verifyErrorMsgWhenWeSubmitStartNowButtonWithOutSelectingAnyPhoneContacts()'><b>verifyErrorMsgWhenWeSubmitStartNowButtonWithOutSelectingAnyPhoneContacts</b><br>Test class: GT.GT.CreateAndCallGroupTest</td>
<td></td>
<td>7</td>
<td>GT.GT.CreateAndCallGroupTest@18bf3d14</td></tr>
<tr>
<td title='GT.GT.CreateAndCallGroupTest.verifyFooterTextDisplayedOnMyGrpTalksPage()'><b>verifyFooterTextDisplayedOnMyGrpTalksPage</b><br>Test class: GT.GT.CreateAndCallGroupTest</td>
<td></td>
<td>0</td>
<td>GT.GT.CreateAndCallGroupTest@18bf3d14</td></tr>
<tr>
<td title='GT.GT.CreateAndCallGroupTest.verifyHeaderTabsAndLogosDisplayedOnGrpTalksPage()'><b>verifyHeaderTabsAndLogosDisplayedOnGrpTalksPage</b><br>Test class: GT.GT.CreateAndCallGroupTest</td>
<td></td>
<td>5</td>
<td>GT.GT.CreateAndCallGroupTest@18bf3d14</td></tr>
<tr>
<td title='GT.GT.CreateAndCallGroupTest.verifyHistoryOfGroup()'><b>verifyHistoryOfGroup</b><br>Test class: GT.GT.CreateAndCallGroupTest</td>
<td></td>
<td>15</td>
<td>GT.GT.CreateAndCallGroupTest@18bf3d14</td></tr>
<tr>
<td title='GT.GT.AccountPageTest.verifyPromocode()'><b>verifyPromocode</b><br>Test class: GT.GT.AccountPageTest</td>
<td></td>
<td>7</td>
<td>GT.GT.AccountPageTest@4d3167f4</td></tr>
<tr>
<td title='GT.GT.CreateAndCallGroupTest.verifyQuickDialButtonFunctionalityofGroupsInMyGrpTalk()'><b>verifyQuickDialButtonFunctionalityofGroupsInMyGrpTalk</b><br>Test class: GT.GT.CreateAndCallGroupTest</td>
<td></td>
<td>7</td>
<td>GT.GT.CreateAndCallGroupTest@18bf3d14</td></tr>
<tr>
<td title='GT.GT.AccountPageTest.verifyRechargeWithPaytm()'><b>verifyRechargeWithPaytm</b><br>Test class: GT.GT.AccountPageTest</td>
<td></td>
<td>6</td>
<td>GT.GT.AccountPageTest@4d3167f4</td></tr>
<tr>
<td title='GT.GT.CreateAndCallGroupTest.verifyRetryCallFunctionality()'><b>verifyRetryCallFunctionality</b><br>Test class: GT.GT.CreateAndCallGroupTest</td>
<td></td>
<td>85</td>
<td>GT.GT.CreateAndCallGroupTest@18bf3d14</td></tr>
<tr>
<td title='GT.GT.CreateAndCallGroupTest.verifySaveGroupWithNormalAndMuteClips()'><b>verifySaveGroupWithNormalAndMuteClips</b><br>Test class: GT.GT.CreateAndCallGroupTest</td>
<td></td>
<td>45</td>
<td>GT.GT.CreateAndCallGroupTest@18bf3d14</td></tr>
<tr>
<td title='GT.GT.CreateAndCallGroupTest.verifyScheduleGrpTalk()'><b>verifyScheduleGrpTalk</b><br>Test class: GT.GT.CreateAndCallGroupTest</td>
<td></td>
<td>25</td>
<td>GT.GT.CreateAndCallGroupTest@18bf3d14</td></tr>
<tr>
<td title='GT.GT.CreateAndCallGroupTest.verifySearchOptionWithfullValidUserName()'><b>verifySearchOptionWithfullValidUserName</b><br>Test class: GT.GT.CreateAndCallGroupTest</td>
<td></td>
<td>11</td>
<td>GT.GT.CreateAndCallGroupTest@18bf3d14</td></tr>
<tr>
<td title='GT.GT.CreateAndCallGroupTest.verifySelectContactFromContactList()'><b>verifySelectContactFromContactList</b><br>Test class: GT.GT.CreateAndCallGroupTest</td>
<td></td>
<td>7</td>
<td>GT.GT.CreateAndCallGroupTest@18bf3d14</td></tr>
<tr>
<td title='GT.GT.AccountPageTest.verifyTheCountOfAccountManagersInAccountManagersTab()'><b>verifyTheCountOfAccountManagersInAccountManagersTab</b><br>Test class: GT.GT.AccountPageTest</td>
<td></td>
<td>6</td>
<td>GT.GT.AccountPageTest@4d3167f4</td></tr>
<tr>
<td title='GT.GT.AccountPageTest.verifyTotalAmountUsedByUser()'><b>verifyTotalAmountUsedByUser</b><br>Test class: GT.GT.AccountPageTest</td>
<td></td>
<td>71</td>
<td>GT.GT.AccountPageTest@4d3167f4</td></tr>
<tr>
<td title='GT.GT.CreateAndCallGroupTest.verify_list_Of_Group_Users_On_MyGrpTalk_Page()'><b>verify_list_Of_Group_Users_On_MyGrpTalk_Page</b><br>Test class: GT.GT.CreateAndCallGroupTest</td>
<td></td>
<td>21</td>
<td>GT.GT.CreateAndCallGroupTest@18bf3d14</td></tr>
<tr>
<td title='GT.GT.CreateAndCallGroupTest.verifyfunctionalityOfExcelReportDownloadOptionOnHistory()'><b>verifyfunctionalityOfExcelReportDownloadOptionOnHistory</b><br>Test class: GT.GT.CreateAndCallGroupTest</td>
<td></td>
<td>8</td>
<td>GT.GT.CreateAndCallGroupTest@18bf3d14</td></tr>
<tr>
<td title='GT.GT.CreateAndCallGroupTest.verifyselectedcontactstab()'><b>verifyselectedcontactstab</b><br>Test class: GT.GT.CreateAndCallGroupTest</td>
<td></td>
<td>16</td>
<td>GT.GT.CreateAndCallGroupTest@18bf3d14</td></tr>
</table><p>
</body>
</html>