<?xml version="1.0" encoding="UTF-8"?>
<!-- Generated by org.testng.reporters.JUnitXMLReporter -->
<testsuite hostname="DESKTOP-U3PMRBE" ignored="52" name="callpage" tests="28" failures="8" timestamp="2019-11-08T13:34:44 IST" time="2283.803" errors="0">
  <testcase name="createAndSaveTheGroup" time="17.78" classname="GT.GT.CreateAndCallGroupTest">
    <failure type="org.openqa.selenium.WebDriverException" message="unknown error: Element &amp;lt;td style=&amp;quot;width:200px;&amp;quot; class=&amp;quot;grpList_569307&amp;quot; id=&amp;quot;grpDetails&amp;quot; grpcallname=&amp;quot;Sec1573198006700&amp;quot;&amp;gt;...&amp;lt;/td&amp;gt; is not clickable at point (177, 279). Other element would receive the click: &amp;lt;div class=&amp;quot;blockUI blockOverlay&amp;quot; style=&amp;quot;z-index: 1000; border: none; margin: 0px; padding: 0px; width: 100%; height: 100%; top: 0px; left: 0px; background-color: rgb(0, 0, 0); cursor: default; position: fixed; opacity: 0.480126;&amp;quot;&amp;gt;&amp;lt;/div&amp;gt;
  (Session info: chrome=78.0.3904.87)
  (Driver info: chromedriver=2.43.600210 (68dcf5eebde37173d4027fa8635e332711d2874a),platform=Windows NT 10.0.17763 x86_64) (WARNING: The server did not provide any stacktrace information)
Command duration or timeout: 0 milliseconds
Build info: version: &amp;apos;3.10.0&amp;apos;, revision: &amp;apos;176b4a9&amp;apos;, time: &amp;apos;2018-03-02T19:03:16.397Z&amp;apos;
System info: host: &amp;apos;DESKTOP-U3PMRBE&amp;apos;, ip: &amp;apos;169.254.86.53&amp;apos;, os.name: &amp;apos;Windows 10&amp;apos;, os.arch: &amp;apos;amd64&amp;apos;, os.version: &amp;apos;10.0&amp;apos;, java.version: &amp;apos;1.8.0_221&amp;apos;
Driver info: org.openqa.selenium.chrome.ChromeDriver
Capabilities {acceptInsecureCerts: false, acceptSslCerts: false, applicationCacheEnabled: false, browserConnectionEnabled: false, browserName: chrome, chrome: {chromedriverVersion: 2.43.600210 (68dcf5eebde371..., userDataDir: C:\Users\smsc\AppData\Local...}, cssSelectorsEnabled: true, databaseEnabled: false, goog:chromeOptions: {debuggerAddress: localhost:3622}, handlesAlerts: true, hasTouchScreen: false, javascriptEnabled: true, locationContextEnabled: true, mobileEmulationEnabled: false, nativeEvents: true, networkConnectionEnabled: false, pageLoadStrategy: normal, platform: XP, platformName: XP, rotatable: false, setWindowRect: true, takesHeapSnapshot: true, takesScreenshot: true, unexpectedAlertBehaviour: , unhandledPromptBehavior: , version: 78.0.3904.87, webStorageEnabled: true}
Session ID: 36dae3b9702ea47cc01af64aeaa31a33">
      <![CDATA[org.openqa.selenium.WebDriverException: unknown error: Element <td style="width:200px;" class="grpList_569307" id="grpDetails" grpcallname="Sec1573198006700">...</td> is not clickable at point (177, 279). Other element would receive the click: <div class="blockUI blockOverlay" style="z-index: 1000; border: none; margin: 0px; padding: 0px; width: 100%; height: 100%; top: 0px; left: 0px; background-color: rgb(0, 0, 0); cursor: default; position: fixed; opacity: 0.480126;"></div>
  (Session info: chrome=78.0.3904.87)
  (Driver info: chromedriver=2.43.600210 (68dcf5eebde37173d4027fa8635e332711d2874a),platform=Windows NT 10.0.17763 x86_64) (WARNING: The server did not provide any stacktrace information)
Command duration or timeout: 0 milliseconds
Build info: version: '3.10.0', revision: '176b4a9', time: '2018-03-02T19:03:16.397Z'
System info: host: 'DESKTOP-U3PMRBE', ip: '169.254.86.53', os.name: 'Windows 10', os.arch: 'amd64', os.version: '10.0', java.version: '1.8.0_221'
Driver info: org.openqa.selenium.chrome.ChromeDriver
Capabilities {acceptInsecureCerts: false, acceptSslCerts: false, applicationCacheEnabled: false, browserConnectionEnabled: false, browserName: chrome, chrome: {chromedriverVersion: 2.43.600210 (68dcf5eebde371..., userDataDir: C:\Users\smsc\AppData\Local...}, cssSelectorsEnabled: true, databaseEnabled: false, goog:chromeOptions: {debuggerAddress: localhost:3622}, handlesAlerts: true, hasTouchScreen: false, javascriptEnabled: true, locationContextEnabled: true, mobileEmulationEnabled: false, nativeEvents: true, networkConnectionEnabled: false, pageLoadStrategy: normal, platform: XP, platformName: XP, rotatable: false, setWindowRect: true, takesHeapSnapshot: true, takesScreenshot: true, unexpectedAlertBehaviour: , unhandledPromptBehavior: , version: 78.0.3904.87, webStorageEnabled: true}
Session ID: 36dae3b9702ea47cc01af64aeaa31a33
at org.openqa.selenium.remote.ErrorHandler.createThrowable(ErrorHandler.java:214)
at org.openqa.selenium.remote.ErrorHandler.throwIfResponseFailed(ErrorHandler.java:166)
at org.openqa.selenium.remote.http.JsonHttpResponseCodec.reconstructValue(JsonHttpResponseCodec.java:40)
at org.openqa.selenium.remote.http.AbstractHttpResponseCodec.decode(AbstractHttpResponseCodec.java:80)
at org.openqa.selenium.remote.http.AbstractHttpResponseCodec.decode(AbstractHttpResponseCodec.java:44)
at org.openqa.selenium.remote.HttpCommandExecutor.execute(HttpCommandExecutor.java:160)
at org.openqa.selenium.remote.service.DriverCommandExecutor.execute(DriverCommandExecutor.java:83)
at org.openqa.selenium.remote.RemoteWebDriver.execute(RemoteWebDriver.java:601)
at org.openqa.selenium.remote.RemoteWebElement.execute(RemoteWebElement.java:279)
at org.openqa.selenium.remote.RemoteWebElement.click(RemoteWebElement.java:83)
at GT.GT.GrpTalks.selectSavedGroupByName(GrpTalks.java:871)
at GT.GT.CreateAndCallGroupTest.createAndSaveTheGroup(CreateAndCallGroupTest.java:645)
at java.util.ArrayList.forEach(Unknown Source)
... Removed 31 stack frames]]>
    </failure>
  </testcase> <!-- createAndSaveTheGroup -->
  <testcase name="removeLeaveGroup" time="10.053" classname="GT.GT.CreateAndCallGroupTest"/>
  <testcase name="verifyAddContactsFromContactsListByEditngSavedGroupOnMyGrpTalkPage" time="27.367" classname="GT.GT.CreateAndCallGroupTest"/>
  <testcase name="verifyAllButtonsDisplayedOnCallOverlay" time="8.23" classname="GT.GT.CreateAndCallGroupTest"/>
  <testcase name="verifyCallFunctionalityOfListMembers" time="67.73" classname="GT.GT.CreateAndCallGroupTest">
    <failure type="java.lang.AssertionError" message="expected [2] but found [1]">
      <![CDATA[java.lang.AssertionError: expected [2] but found [1]
at GT.GT.CreateAndCallGroupTest.verifyCallFunctionalityOfListMembers(CreateAndCallGroupTest.java:701)
at java.util.ArrayList.forEach(Unknown Source)
... Removed 32 stack frames]]>
    </failure>
  </testcase> <!-- verifyCallFunctionalityOfListMembers -->
  <testcase name="verifyCallFunctionalityOfTestContactsFromCreateGroupTalkPage" time="81.443" classname="GT.GT.CreateAndCallGroupTest"/>
  <testcase name="verifyContactListInPhoneContacts" time="12.567" classname="GT.GT.CreateAndCallGroupTest"/>
  <testcase name="verifyCreateListFromExcelUploadOnCreateGrpPage" time="326.394" classname="GT.GT.CreateAndCallGroupTest"/>
  <testcase name="verifyCreateListFromExcelUploadandphonecontacts" time="276.047" classname="GT.GT.CreateAndCallGroupTest">
    <failure type="java.lang.AssertionError" message="expected [0] but found [3]">
      <![CDATA[java.lang.AssertionError: expected [0] but found [3]
at GT.GT.CreateAndCallGroupTest.verifyCreateListFromExcelUploadandphonecontacts(CreateAndCallGroupTest.java:3963)
at java.util.ArrayList.forEach(Unknown Source)
... Removed 32 stack frames]]>
    </failure>
  </testcase> <!-- verifyCreateListFromExcelUploadandphonecontacts -->
  <testcase name="verifyDialFunctionalityOfScheduleGroup" time="178.054" classname="GT.GT.CreateAndCallGroupTest">
    <failure type="org.openqa.selenium.TimeoutException" message="Expected condition failed: waiting for visibility of element located by By.xpath: //span[@class=&amp;quot;oncall-bg bgGreen pull-right mr-2&amp;quot;]//span[@class=&amp;quot;oncall-text text-left&amp;quot; and text()=&amp;quot;ON CALL&amp;quot;] (tried for 20 second(s) with 500 milliseconds interval)">
      <![CDATA[org.openqa.selenium.TimeoutException: Expected condition failed: waiting for visibility of element located by By.xpath: //span[@class="oncall-bg bgGreen pull-right mr-2"]//span[@class="oncall-text text-left" and text()="ON CALL"] (tried for 20 second(s) with 500 milliseconds interval)
at org.openqa.selenium.support.ui.WebDriverWait.timeoutException(WebDriverWait.java:82)
at org.openqa.selenium.support.ui.FluentWait.until(FluentWait.java:272)
at utility.CommonMethods.explicitWaitForElementVisibility(CommonMethods.java:165)
at GT.GT.GrpTalks.verifyLiveCallState(GrpTalks.java:1010)
at GT.GT.CreateAndCallGroupTest.verifyDialFunctionalityOfScheduleGroup(CreateAndCallGroupTest.java:3555)
at java.util.ArrayList.forEach(Unknown Source)
Caused by: org.openqa.selenium.NoSuchElementException: Cannot locate an element using By.xpath: //span[@class="oncall-bg bgGreen pull-right mr-2"]//span[@class="oncall-text text-left" and text()="ON CALL"]
For documentation on this error, please visit: http://seleniumhq.org/exceptions/no_such_element.html
Build info: version: '3.10.0', revision: '176b4a9', time: '2018-03-02T19:03:16.397Z'
System info: host: 'DESKTOP-U3PMRBE', ip: '169.254.86.53', os.name: 'Windows 10', os.arch: 'amd64', os.version: '10.0', java.version: '1.8.0_221'
Driver info: driver.version: unknown
at org.openqa.selenium.support.ui.ExpectedConditions.lambda$findElement$0(ExpectedConditions.java:896)
at java.util.Optional.orElseThrow(Unknown Source)
at org.openqa.selenium.support.ui.ExpectedConditions.findElement(ExpectedConditions.java:895)
at org.openqa.selenium.support.ui.ExpectedConditions.access$000(ExpectedConditions.java:44)
at org.openqa.selenium.support.ui.ExpectedConditions$7.apply(ExpectedConditions.java:206)
at org.openqa.selenium.support.ui.ExpectedConditions$7.apply(ExpectedConditions.java:202)
at org.openqa.selenium.support.ui.FluentWait.until(FluentWait.java:249)
... 31 more
... Removed 27 stack frames]]>
    </failure>
  </testcase> <!-- verifyDialFunctionalityOfScheduleGroup -->
  <testcase name="verifyErrorMessageWhenJunkDataGivenInSearchBox" time="0.041" classname="GT.GT.CreateAndCallGroupTest">
    <failure type="org.openqa.selenium.WebDriverException" message="unknown error: Element &amp;lt;i id=&amp;quot;createGrpTalkNew&amp;quot; class=&amp;quot;fa fa-plus-circle pull-right margin-top-10&amp;quot;&amp;gt;&amp;lt;/i&amp;gt; is not clickable at point (289, 110). Other element would receive the click: &amp;lt;div class=&amp;quot;blockUI blockOverlay&amp;quot; style=&amp;quot;z-index: 1000; border: none; margin: 0px; padding: 0px; width: 100%; height: 100%; top: 0px; left: 0px; background-color: rgb(0, 0, 0); cursor: wait; position: fixed; opacity: 0.6;&amp;quot;&amp;gt;&amp;lt;/div&amp;gt;
  (Session info: chrome=78.0.3904.87)
  (Driver info: chromedriver=2.43.600210 (68dcf5eebde37173d4027fa8635e332711d2874a),platform=Windows NT 10.0.17763 x86_64) (WARNING: The server did not provide any stacktrace information)
Command duration or timeout: 0 milliseconds
Build info: version: &amp;apos;3.10.0&amp;apos;, revision: &amp;apos;176b4a9&amp;apos;, time: &amp;apos;2018-03-02T19:03:16.397Z&amp;apos;
System info: host: &amp;apos;DESKTOP-U3PMRBE&amp;apos;, ip: &amp;apos;169.254.86.53&amp;apos;, os.name: &amp;apos;Windows 10&amp;apos;, os.arch: &amp;apos;amd64&amp;apos;, os.version: &amp;apos;10.0&amp;apos;, java.version: &amp;apos;1.8.0_221&amp;apos;
Driver info: org.openqa.selenium.chrome.ChromeDriver
Capabilities {acceptInsecureCerts: false, acceptSslCerts: false, applicationCacheEnabled: false, browserConnectionEnabled: false, browserName: chrome, chrome: {chromedriverVersion: 2.43.600210 (68dcf5eebde371..., userDataDir: C:\Users\smsc\AppData\Local...}, cssSelectorsEnabled: true, databaseEnabled: false, goog:chromeOptions: {debuggerAddress: localhost:3622}, handlesAlerts: true, hasTouchScreen: false, javascriptEnabled: true, locationContextEnabled: true, mobileEmulationEnabled: false, nativeEvents: true, networkConnectionEnabled: false, pageLoadStrategy: normal, platform: XP, platformName: XP, rotatable: false, setWindowRect: true, takesHeapSnapshot: true, takesScreenshot: true, unexpectedAlertBehaviour: , unhandledPromptBehavior: , version: 78.0.3904.87, webStorageEnabled: true}
Session ID: 36dae3b9702ea47cc01af64aeaa31a33">
      <![CDATA[org.openqa.selenium.WebDriverException: unknown error: Element <i id="createGrpTalkNew" class="fa fa-plus-circle pull-right margin-top-10"></i> is not clickable at point (289, 110). Other element would receive the click: <div class="blockUI blockOverlay" style="z-index: 1000; border: none; margin: 0px; padding: 0px; width: 100%; height: 100%; top: 0px; left: 0px; background-color: rgb(0, 0, 0); cursor: wait; position: fixed; opacity: 0.6;"></div>
  (Session info: chrome=78.0.3904.87)
  (Driver info: chromedriver=2.43.600210 (68dcf5eebde37173d4027fa8635e332711d2874a),platform=Windows NT 10.0.17763 x86_64) (WARNING: The server did not provide any stacktrace information)
Command duration or timeout: 0 milliseconds
Build info: version: '3.10.0', revision: '176b4a9', time: '2018-03-02T19:03:16.397Z'
System info: host: 'DESKTOP-U3PMRBE', ip: '169.254.86.53', os.name: 'Windows 10', os.arch: 'amd64', os.version: '10.0', java.version: '1.8.0_221'
Driver info: org.openqa.selenium.chrome.ChromeDriver
Capabilities {acceptInsecureCerts: false, acceptSslCerts: false, applicationCacheEnabled: false, browserConnectionEnabled: false, browserName: chrome, chrome: {chromedriverVersion: 2.43.600210 (68dcf5eebde371..., userDataDir: C:\Users\smsc\AppData\Local...}, cssSelectorsEnabled: true, databaseEnabled: false, goog:chromeOptions: {debuggerAddress: localhost:3622}, handlesAlerts: true, hasTouchScreen: false, javascriptEnabled: true, locationContextEnabled: true, mobileEmulationEnabled: false, nativeEvents: true, networkConnectionEnabled: false, pageLoadStrategy: normal, platform: XP, platformName: XP, rotatable: false, setWindowRect: true, takesHeapSnapshot: true, takesScreenshot: true, unexpectedAlertBehaviour: , unhandledPromptBehavior: , version: 78.0.3904.87, webStorageEnabled: true}
Session ID: 36dae3b9702ea47cc01af64aeaa31a33
at org.openqa.selenium.remote.ErrorHandler.createThrowable(ErrorHandler.java:214)
at org.openqa.selenium.remote.ErrorHandler.throwIfResponseFailed(ErrorHandler.java:166)
at org.openqa.selenium.remote.http.JsonHttpResponseCodec.reconstructValue(JsonHttpResponseCodec.java:40)
at org.openqa.selenium.remote.http.AbstractHttpResponseCodec.decode(AbstractHttpResponseCodec.java:80)
at org.openqa.selenium.remote.http.AbstractHttpResponseCodec.decode(AbstractHttpResponseCodec.java:44)
at org.openqa.selenium.remote.HttpCommandExecutor.execute(HttpCommandExecutor.java:160)
at org.openqa.selenium.remote.service.DriverCommandExecutor.execute(DriverCommandExecutor.java:83)
at org.openqa.selenium.remote.RemoteWebDriver.execute(RemoteWebDriver.java:601)
at org.openqa.selenium.remote.RemoteWebElement.execute(RemoteWebElement.java:279)
at org.openqa.selenium.remote.RemoteWebElement.click(RemoteWebElement.java:83)
at utility.CommonMethods.clickMethod(CommonMethods.java:35)
at GT.GT.CreateAndCallGroupTest.verifyErrorMessageWhenJunkDataGivenInSearchBox(CreateAndCallGroupTest.java:336)
at java.util.ArrayList.forEach(Unknown Source)
... Removed 31 stack frames]]>
    </failure>
  </testcase> <!-- verifyErrorMessageWhenJunkDataGivenInSearchBox -->
  <testcase name="verifyErrorMsgWhenWeSubmitStartNowButtonWithOutSelectingAnyPhoneContacts" time="7.578" classname="GT.GT.CreateAndCallGroupTest"/>
  <testcase name="verifyFooterTextDisplayedOnMyGrpTalksPage" time="0.045" classname="GT.GT.CreateAndCallGroupTest"/>
  <testcase name="verifyHeaderTabsAndLogosDisplayedOnGrpTalksPage" time="5.169" classname="GT.GT.CreateAndCallGroupTest"/>
  <testcase name="verifyHistoryOfGroup" time="15.2" classname="GT.GT.CreateAndCallGroupTest"/>
  <testcase name="verifyMuteAndUnmuteFunctionalityInLiveCallWhenParticipantsAreInPrivateRoom" time="68.99" classname="GT.GT.CreateAndCallGroupTest">
    <failure type="org.openqa.selenium.NoSuchElementException" message="no such element: Unable to locate element: {&amp;quot;method&amp;quot;:&amp;quot;id&amp;quot;,&amp;quot;selector&amp;quot;:&amp;quot;918634502054&amp;quot;}
  (Session info: chrome=78.0.3904.87)
  (Driver info: chromedriver=2.43.600210 (68dcf5eebde37173d4027fa8635e332711d2874a),platform=Windows NT 10.0.17763 x86_64) (WARNING: The server did not provide any stacktrace information)
Command duration or timeout: 0 milliseconds
For documentation on this error, please visit: http://seleniumhq.org/exceptions/no_such_element.html
Build info: version: &amp;apos;3.10.0&amp;apos;, revision: &amp;apos;176b4a9&amp;apos;, time: &amp;apos;2018-03-02T19:03:16.397Z&amp;apos;
System info: host: &amp;apos;DESKTOP-U3PMRBE&amp;apos;, ip: &amp;apos;169.254.86.53&amp;apos;, os.name: &amp;apos;Windows 10&amp;apos;, os.arch: &amp;apos;amd64&amp;apos;, os.version: &amp;apos;10.0&amp;apos;, java.version: &amp;apos;1.8.0_221&amp;apos;
Driver info: org.openqa.selenium.chrome.ChromeDriver
Capabilities {acceptInsecureCerts: false, acceptSslCerts: false, applicationCacheEnabled: false, browserConnectionEnabled: false, browserName: chrome, chrome: {chromedriverVersion: 2.43.600210 (68dcf5eebde371..., userDataDir: C:\Users\smsc\AppData\Local...}, cssSelectorsEnabled: true, databaseEnabled: false, goog:chromeOptions: {debuggerAddress: localhost:3622}, handlesAlerts: true, hasTouchScreen: false, javascriptEnabled: true, locationContextEnabled: true, mobileEmulationEnabled: false, nativeEvents: true, networkConnectionEnabled: false, pageLoadStrategy: normal, platform: XP, platformName: XP, rotatable: false, setWindowRect: true, takesHeapSnapshot: true, takesScreenshot: true, unexpectedAlertBehaviour: , unhandledPromptBehavior: , version: 78.0.3904.87, webStorageEnabled: true}
Session ID: 36dae3b9702ea47cc01af64aeaa31a33
*** Element info: {Using=id, value=918634502054}">
      <![CDATA[org.openqa.selenium.NoSuchElementException: no such element: Unable to locate element: {"method":"id","selector":"918634502054"}
  (Session info: chrome=78.0.3904.87)
  (Driver info: chromedriver=2.43.600210 (68dcf5eebde37173d4027fa8635e332711d2874a),platform=Windows NT 10.0.17763 x86_64) (WARNING: The server did not provide any stacktrace information)
Command duration or timeout: 0 milliseconds
For documentation on this error, please visit: http://seleniumhq.org/exceptions/no_such_element.html
Build info: version: '3.10.0', revision: '176b4a9', time: '2018-03-02T19:03:16.397Z'
System info: host: 'DESKTOP-U3PMRBE', ip: '169.254.86.53', os.name: 'Windows 10', os.arch: 'amd64', os.version: '10.0', java.version: '1.8.0_221'
Driver info: org.openqa.selenium.chrome.ChromeDriver
Capabilities {acceptInsecureCerts: false, acceptSslCerts: false, applicationCacheEnabled: false, browserConnectionEnabled: false, browserName: chrome, chrome: {chromedriverVersion: 2.43.600210 (68dcf5eebde371..., userDataDir: C:\Users\smsc\AppData\Local...}, cssSelectorsEnabled: true, databaseEnabled: false, goog:chromeOptions: {debuggerAddress: localhost:3622}, handlesAlerts: true, hasTouchScreen: false, javascriptEnabled: true, locationContextEnabled: true, mobileEmulationEnabled: false, nativeEvents: true, networkConnectionEnabled: false, pageLoadStrategy: normal, platform: XP, platformName: XP, rotatable: false, setWindowRect: true, takesHeapSnapshot: true, takesScreenshot: true, unexpectedAlertBehaviour: , unhandledPromptBehavior: , version: 78.0.3904.87, webStorageEnabled: true}
Session ID: 36dae3b9702ea47cc01af64aeaa31a33
*** Element info: {Using=id, value=918634502054}
at org.openqa.selenium.remote.ErrorHandler.createThrowable(ErrorHandler.java:214)
at org.openqa.selenium.remote.ErrorHandler.throwIfResponseFailed(ErrorHandler.java:166)
at org.openqa.selenium.remote.http.JsonHttpResponseCodec.reconstructValue(JsonHttpResponseCodec.java:40)
at org.openqa.selenium.remote.http.AbstractHttpResponseCodec.decode(AbstractHttpResponseCodec.java:80)
at org.openqa.selenium.remote.http.AbstractHttpResponseCodec.decode(AbstractHttpResponseCodec.java:44)
at org.openqa.selenium.remote.HttpCommandExecutor.execute(HttpCommandExecutor.java:160)
at org.openqa.selenium.remote.service.DriverCommandExecutor.execute(DriverCommandExecutor.java:83)
at org.openqa.selenium.remote.RemoteWebDriver.execute(RemoteWebDriver.java:601)
at org.openqa.selenium.remote.RemoteWebDriver.findElement(RemoteWebDriver.java:371)
at org.openqa.selenium.remote.RemoteWebDriver.findElementById(RemoteWebDriver.java:417)
at org.openqa.selenium.By$ById.findElement(By.java:218)
at org.openqa.selenium.remote.RemoteWebDriver.findElement(RemoteWebDriver.java:363)
at GT.GT.GrpTalks.participantMovingToPrviateRoom(GrpTalks.java:382)
at GT.GT.CreateAndCallGroupTest.verifyMuteAndUnmuteFunctionalityInLiveCallWhenParticipantsAreInPrivateRoom(CreateAndCallGroupTest.java:2773)
at java.util.ArrayList.forEach(Unknown Source)
... Removed 31 stack frames]]>
    </failure>
  </testcase> <!-- verifyMuteAndUnmuteFunctionalityInLiveCallWhenParticipantsAreInPrivateRoom -->
  <testcase name="verifyMuteCallFunctionalityFromCreateGroupTalkPageByCreatingNewGroup" time="71.342" classname="GT.GT.CreateAndCallGroupTest">
    <failure type="java.lang.AssertionError" message="expected [0] but found [3]">
      <![CDATA[java.lang.AssertionError: expected [0] but found [3]
at GT.GT.CreateAndCallGroupTest.verifyMuteCallFunctionalityFromCreateGroupTalkPageByCreatingNewGroup(CreateAndCallGroupTest.java:1135)
at java.util.ArrayList.forEach(Unknown Source)
... Removed 32 stack frames]]>
    </failure>
  </testcase> <!-- verifyMuteCallFunctionalityFromCreateGroupTalkPageByCreatingNewGroup -->
  <testcase name="verifyPrivateRoomFuntionalityInLiveCall" time="68.261" classname="GT.GT.CreateAndCallGroupTest">
    <failure type="org.openqa.selenium.NoSuchElementException" message="no such element: Unable to locate element: {&amp;quot;method&amp;quot;:&amp;quot;id&amp;quot;,&amp;quot;selector&amp;quot;:&amp;quot;918634502054&amp;quot;}
  (Session info: chrome=78.0.3904.87)
  (Driver info: chromedriver=2.43.600210 (68dcf5eebde37173d4027fa8635e332711d2874a),platform=Windows NT 10.0.17763 x86_64) (WARNING: The server did not provide any stacktrace information)
Command duration or timeout: 0 milliseconds
For documentation on this error, please visit: http://seleniumhq.org/exceptions/no_such_element.html
Build info: version: &amp;apos;3.10.0&amp;apos;, revision: &amp;apos;176b4a9&amp;apos;, time: &amp;apos;2018-03-02T19:03:16.397Z&amp;apos;
System info: host: &amp;apos;DESKTOP-U3PMRBE&amp;apos;, ip: &amp;apos;169.254.86.53&amp;apos;, os.name: &amp;apos;Windows 10&amp;apos;, os.arch: &amp;apos;amd64&amp;apos;, os.version: &amp;apos;10.0&amp;apos;, java.version: &amp;apos;1.8.0_221&amp;apos;
Driver info: org.openqa.selenium.chrome.ChromeDriver
Capabilities {acceptInsecureCerts: false, acceptSslCerts: false, applicationCacheEnabled: false, browserConnectionEnabled: false, browserName: chrome, chrome: {chromedriverVersion: 2.43.600210 (68dcf5eebde371..., userDataDir: C:\Users\smsc\AppData\Local...}, cssSelectorsEnabled: true, databaseEnabled: false, goog:chromeOptions: {debuggerAddress: localhost:3622}, handlesAlerts: true, hasTouchScreen: false, javascriptEnabled: true, locationContextEnabled: true, mobileEmulationEnabled: false, nativeEvents: true, networkConnectionEnabled: false, pageLoadStrategy: normal, platform: XP, platformName: XP, rotatable: false, setWindowRect: true, takesHeapSnapshot: true, takesScreenshot: true, unexpectedAlertBehaviour: , unhandledPromptBehavior: , version: 78.0.3904.87, webStorageEnabled: true}
Session ID: 36dae3b9702ea47cc01af64aeaa31a33
*** Element info: {Using=id, value=918634502054}">
      <![CDATA[org.openqa.selenium.NoSuchElementException: no such element: Unable to locate element: {"method":"id","selector":"918634502054"}
  (Session info: chrome=78.0.3904.87)
  (Driver info: chromedriver=2.43.600210 (68dcf5eebde37173d4027fa8635e332711d2874a),platform=Windows NT 10.0.17763 x86_64) (WARNING: The server did not provide any stacktrace information)
Command duration or timeout: 0 milliseconds
For documentation on this error, please visit: http://seleniumhq.org/exceptions/no_such_element.html
Build info: version: '3.10.0', revision: '176b4a9', time: '2018-03-02T19:03:16.397Z'
System info: host: 'DESKTOP-U3PMRBE', ip: '169.254.86.53', os.name: 'Windows 10', os.arch: 'amd64', os.version: '10.0', java.version: '1.8.0_221'
Driver info: org.openqa.selenium.chrome.ChromeDriver
Capabilities {acceptInsecureCerts: false, acceptSslCerts: false, applicationCacheEnabled: false, browserConnectionEnabled: false, browserName: chrome, chrome: {chromedriverVersion: 2.43.600210 (68dcf5eebde371..., userDataDir: C:\Users\smsc\AppData\Local...}, cssSelectorsEnabled: true, databaseEnabled: false, goog:chromeOptions: {debuggerAddress: localhost:3622}, handlesAlerts: true, hasTouchScreen: false, javascriptEnabled: true, locationContextEnabled: true, mobileEmulationEnabled: false, nativeEvents: true, networkConnectionEnabled: false, pageLoadStrategy: normal, platform: XP, platformName: XP, rotatable: false, setWindowRect: true, takesHeapSnapshot: true, takesScreenshot: true, unexpectedAlertBehaviour: , unhandledPromptBehavior: , version: 78.0.3904.87, webStorageEnabled: true}
Session ID: 36dae3b9702ea47cc01af64aeaa31a33
*** Element info: {Using=id, value=918634502054}
at org.openqa.selenium.remote.ErrorHandler.createThrowable(ErrorHandler.java:214)
at org.openqa.selenium.remote.ErrorHandler.throwIfResponseFailed(ErrorHandler.java:166)
at org.openqa.selenium.remote.http.JsonHttpResponseCodec.reconstructValue(JsonHttpResponseCodec.java:40)
at org.openqa.selenium.remote.http.AbstractHttpResponseCodec.decode(AbstractHttpResponseCodec.java:80)
at org.openqa.selenium.remote.http.AbstractHttpResponseCodec.decode(AbstractHttpResponseCodec.java:44)
at org.openqa.selenium.remote.HttpCommandExecutor.execute(HttpCommandExecutor.java:160)
at org.openqa.selenium.remote.service.DriverCommandExecutor.execute(DriverCommandExecutor.java:83)
at org.openqa.selenium.remote.RemoteWebDriver.execute(RemoteWebDriver.java:601)
at org.openqa.selenium.remote.RemoteWebDriver.findElement(RemoteWebDriver.java:371)
at org.openqa.selenium.remote.RemoteWebDriver.findElementById(RemoteWebDriver.java:417)
at org.openqa.selenium.By$ById.findElement(By.java:218)
at org.openqa.selenium.remote.RemoteWebDriver.findElement(RemoteWebDriver.java:363)
at GT.GT.GrpTalks.participantMovingToPrviateRoom(GrpTalks.java:382)
at GT.GT.CreateAndCallGroupTest.verifyPrivateRoomFuntionalityInLiveCall(CreateAndCallGroupTest.java:2674)
at java.util.ArrayList.forEach(Unknown Source)
... Removed 31 stack frames]]>
    </failure>
  </testcase> <!-- verifyPrivateRoomFuntionalityInLiveCall -->
  <testcase name="verifyQuickDialButtonFunctionalityofGroupsInMyGrpTalk" time="7.245" classname="GT.GT.CreateAndCallGroupTest"/>
  <testcase name="verifyRetryCallFunctionality" time="85.718" classname="GT.GT.CreateAndCallGroupTest"/>
  <testcase name="verifySaveGroupWithNormalAndMuteClips" time="45.303" classname="GT.GT.CreateAndCallGroupTest"/>
  <testcase name="verifyScheduleGrpTalk" time="25.085" classname="GT.GT.CreateAndCallGroupTest"/>
  <testcase name="verifySearchOptionWithfullValidUserName" time="11.177" classname="GT.GT.CreateAndCallGroupTest"/>
  <testcase name="verifySelectContactFromContactList" time="7.592" classname="GT.GT.CreateAndCallGroupTest"/>
  <testcase name="verify_list_Of_Group_Users_On_MyGrpTalk_Page" time="21.208" classname="GT.GT.CreateAndCallGroupTest"/>
  <testcase name="verifyfunctionalityOfExcelReportDownloadOptionOnHistory" time="8.91" classname="GT.GT.CreateAndCallGroupTest"/>
  <testcase name="verifyselectedcontactstab" time="16.544" classname="GT.GT.CreateAndCallGroupTest"/>
  <testcase name="VerifyAllowNonMembersOptionInAdvancedSettingsOnOverlayInEditGrpTalk" time="45.155" classname="GT.GT.CreateAndCallGroupTest"/>
  <testcase name="verifyEditGroupWithNormalAndMuteClips" time="0.0" classname="GT.GT.CreateAndCallGroupTest">
    <ignored/>
  </testcase> <!-- verifyEditGroupWithNormalAndMuteClips -->
  <testcase name="verifyCancelOptionForScheduleGroup" time="0.0" classname="GT.GT.CreateAndCallGroupTest">
    <ignored/>
  </testcase> <!-- verifyCancelOptionForScheduleGroup -->
  <testcase name="verifyErrorMsgWhenWeSubmitSaveButtonWithOutEnterGrpTalkName" time="0.0" classname="GT.GT.CreateAndCallGroupTest">
    <ignored/>
  </testcase> <!-- verifyErrorMsgWhenWeSubmitSaveButtonWithOutEnterGrpTalkName -->
  <testcase name="verifyRemoveFunctionalityOfSavedGroupsOnMyGrpTalkPage" time="0.0" classname="GT.GT.CreateAndCallGroupTest">
    <ignored/>
  </testcase> <!-- verifyRemoveFunctionalityOfSavedGroupsOnMyGrpTalkPage -->
  <testcase name="verifyNormalAndMuteClipsFunctionalityOnScheduleOverlay" time="0.0" classname="GT.GT.CreateAndCallGroupTest">
    <ignored/>
  </testcase> <!-- verifyNormalAndMuteClipsFunctionalityOnScheduleOverlay -->
  <testcase name="VerifyAssignCallManagerOptionInAdvancedSettingsOnOverlayForSchedule" time="0.0" classname="GT.GT.CreateAndCallGroupTest">
    <ignored/>
  </testcase> <!-- VerifyAssignCallManagerOptionInAdvancedSettingsOnOverlayForSchedule -->
  <testcase name="verifyCallFunctionalityWhenMuteAllButtonIsClickedInUnMutedTab" time="0.0" classname="GT.GT.CreateAndCallGroupTest">
    <ignored/>
  </testcase> <!-- verifyCallFunctionalityWhenMuteAllButtonIsClickedInUnMutedTab -->
  <testcase name="verifyCallFunctionalityFromOnCallTab" time="0.0" classname="GT.GT.CreateAndCallGroupTest">
    <ignored/>
  </testcase> <!-- verifyCallFunctionalityFromOnCallTab -->
  <testcase name="verifyRepeatDaysFunctionalityOnEditGrpTalks" time="0.0" classname="GT.GT.CreateAndCallGroupTest">
    <ignored/>
  </testcase> <!-- verifyRepeatDaysFunctionalityOnEditGrpTalks -->
  <testcase name="verifyHangUpInOnGoingCallOfindividualUser" time="0.0" classname="GT.GT.CreateAndCallGroupTest">
    <ignored/>
  </testcase> <!-- verifyHangUpInOnGoingCallOfindividualUser -->
  <testcase name="verifyErrorMsgWhenWeSubmitStartNowButtonWithOutEnterGrpTalkName" time="0.0" classname="GT.GT.CreateAndCallGroupTest">
    <ignored/>
  </testcase> <!-- verifyErrorMsgWhenWeSubmitStartNowButtonWithOutEnterGrpTalkName -->
  <testcase name="verifyErrorMsgWhenWeSubmitScheduleButtonWithOutSelectingAnyPhoneContacts" time="0.0" classname="GT.GT.CreateAndCallGroupTest">
    <ignored/>
  </testcase> <!-- verifyErrorMsgWhenWeSubmitScheduleButtonWithOutSelectingAnyPhoneContacts -->
  <testcase name="verifyDeleteNormalAndMuteClipsFromScheduleGRoup" time="0.0" classname="GT.GT.CreateAndCallGroupTest">
    <ignored/>
  </testcase> <!-- verifyDeleteNormalAndMuteClipsFromScheduleGRoup -->
  <testcase name="verifyMuteFunctionalityInOnGoingGrpCallThroughNormalDial" time="0.0" classname="GT.GT.CreateAndCallGroupTest">
    <ignored/>
  </testcase> <!-- verifyMuteFunctionalityInOnGoingGrpCallThroughNormalDial -->
  <testcase name="VerifyDialInOptionInAdvancedSettingsOnOverlayInEditGrpTalk" time="0.0" classname="GT.GT.CreateAndCallGroupTest">
    <ignored/>
  </testcase> <!-- VerifyDialInOptionInAdvancedSettingsOnOverlayInEditGrpTalk -->
  <testcase name="verifyNonRepeatedGroupCallFunctionalityThroughHistory" time="0.0" classname="GT.GT.CreateAndCallGroupTest">
    <ignored/>
  </testcase> <!-- verifyNonRepeatedGroupCallFunctionalityThroughHistory -->
  <testcase name="verifySelectSpecificCharacterOfContactsInPhoneContacts" time="0.0" classname="GT.GT.CreateAndCallGroupTest">
    <ignored/>
  </testcase> <!-- verifySelectSpecificCharacterOfContactsInPhoneContacts -->
  <testcase name="verifyCanclefunctionalityOnOverlayInGrpCall" time="0.0" classname="GT.GT.CreateAndCallGroupTest">
    <ignored/>
  </testcase> <!-- verifyCanclefunctionalityOnOverlayInGrpCall -->
  <testcase name="verifyNumberOfUsersFromSelectedContactsTab" time="0.0" classname="GT.GT.CreateAndCallGroupTest">
    <ignored/>
  </testcase> <!-- verifyNumberOfUsersFromSelectedContactsTab -->
  <testcase name="verifyMuteDialfunctionalityOnOverlayInGrpCall" time="0.0" classname="GT.GT.CreateAndCallGroupTest">
    <ignored/>
  </testcase> <!-- verifyMuteDialfunctionalityOnOverlayInGrpCall -->
  <testcase name="verifyUnMuteFromMuteDialfunctionalityInGrpCall" time="0.0" classname="GT.GT.CreateAndCallGroupTest">
    <ignored/>
  </testcase> <!-- verifyUnMuteFromMuteDialfunctionalityInGrpCall -->
  <testcase name="verifyAddMemberInOnGoingGrpCallThroughWebList" time="0.0" classname="GT.GT.CreateAndCallGroupTest">
    <ignored/>
  </testcase> <!-- verifyAddMemberInOnGoingGrpCallThroughWebList -->
  <testcase name="verifyCallFunctionalityOfIndividualDialInCallEndedTab" time="0.0" classname="GT.GT.CreateAndCallGroupTest">
    <ignored/>
  </testcase> <!-- verifyCallFunctionalityOfIndividualDialInCallEndedTab -->
  <testcase name="method11" time="0.0" classname="GT.GT.CreateAndCallGroupTest">
    <ignored/>
  </testcase> <!-- method11 -->
  <testcase name="verifyScheduleGroupWithNormalAndMuteClips" time="0.0" classname="GT.GT.CreateAndCallGroupTest">
    <ignored/>
  </testcase> <!-- verifyScheduleGroupWithNormalAndMuteClips -->
  <testcase name="verifyMuteDialFunctionalityFromScheduleOverlay" time="0.0" classname="GT.GT.CreateAndCallGroupTest">
    <ignored/>
  </testcase> <!-- verifyMuteDialFunctionalityFromScheduleOverlay -->
  <testcase name="verifyPrivateRoomFuntionalityInLiveCallListView" time="0.0" classname="GT.GT.CreateAndCallGroupTest">
    <ignored/>
  </testcase> <!-- verifyPrivateRoomFuntionalityInLiveCallListView -->
  <testcase name="verifyRemoveContactFromSavedGroupOnMyGrpTalkPage" time="0.0" classname="GT.GT.CreateAndCallGroupTest">
    <ignored/>
  </testcase> <!-- verifyRemoveContactFromSavedGroupOnMyGrpTalkPage -->
  <testcase name="verifyCallFunctionalityOfContactsFromCreateGroupTalkPage" time="0.0" classname="GT.GT.CreateAndCallGroupTest">
    <ignored/>
  </testcase> <!-- verifyCallFunctionalityOfContactsFromCreateGroupTalkPage -->
  <testcase name="verifyErrorMsgWhenWeSubmitSaveButtonWithOutSelectingAnyPhoneContacts" time="0.0" classname="GT.GT.CreateAndCallGroupTest">
    <ignored/>
  </testcase> <!-- verifyErrorMsgWhenWeSubmitSaveButtonWithOutSelectingAnyPhoneContacts -->
  <testcase name="verifyDatePickerFunctionalityOnEditGrpTalks" time="0.0" classname="GT.GT.CreateAndCallGroupTest">
    <ignored/>
  </testcase> <!-- verifyDatePickerFunctionalityOnEditGrpTalks -->
  <testcase name="verifyAddMoreNumberOfUsersthanMaximunLimitFromContactList" time="0.0" classname="GT.GT.CreateAndCallGroupTest">
    <ignored/>
  </testcase> <!-- verifyAddMoreNumberOfUsersthanMaximunLimitFromContactList -->
  <testcase name="verifyErrorMsgWhenWeSubmitScheduleButtonWithOutEnterGrpTalkName" time="0.0" classname="GT.GT.CreateAndCallGroupTest">
    <ignored/>
  </testcase> <!-- verifyErrorMsgWhenWeSubmitScheduleButtonWithOutEnterGrpTalkName -->
  <testcase name="verifySearchOptionWithPartialValidUserName" time="0.0" classname="GT.GT.CreateAndCallGroupTest">
    <ignored/>
  </testcase> <!-- verifySearchOptionWithPartialValidUserName -->
  <testcase name="verifyCallFunctionalityOfIndividualDialInCallEndedTabInListView" time="0.0" classname="GT.GT.CreateAndCallGroupTest">
    <ignored/>
  </testcase> <!-- verifyCallFunctionalityOfIndividualDialInCallEndedTabInListView -->
  <testcase name="verifyCallFunctionalityOfDialAllButtonInCallEndedTab" time="0.0" classname="GT.GT.CreateAndCallGroupTest">
    <ignored/>
  </testcase> <!-- verifyCallFunctionalityOfDialAllButtonInCallEndedTab -->
  <testcase name="verifyAddMemberInOnGoingGrpCallFromCreateGroupTalkPageByCreatingNewGroup" time="0.0" classname="GT.GT.CreateAndCallGroupTest">
    <ignored/>
  </testcase> <!-- verifyAddMemberInOnGoingGrpCallFromCreateGroupTalkPageByCreatingNewGroup -->
  <testcase name="verifyCallFunctionalityFromUnMutedCountInListView" time="0.0" classname="GT.GT.CreateAndCallGroupTest">
    <ignored/>
  </testcase> <!-- verifyCallFunctionalityFromUnMutedCountInListView -->
  <testcase name="verifyNormalAndMuteClipsFunctionalityOnSaveGroupOverlay" time="0.0" classname="GT.GT.CreateAndCallGroupTest">
    <ignored/>
  </testcase> <!-- verifyNormalAndMuteClipsFunctionalityOnSaveGroupOverlay -->
  <testcase name="verifyCallFunctionalityFromAllMembersTabInListView" time="0.0" classname="GT.GT.CreateAndCallGroupTest">
    <ignored/>
  </testcase> <!-- verifyCallFunctionalityFromAllMembersTabInListView -->
  <testcase name="VerifyDialInOptionAndAllowNonMembersOptionInAdvancedSettingsOnOverlayInEditGrpTalk" time="0.0" classname="GT.GT.CreateAndCallGroupTest">
    <ignored/>
  </testcase> <!-- VerifyDialInOptionAndAllowNonMembersOptionInAdvancedSettingsOnOverlayInEditGrpTalk -->
  <testcase name="verifyDatePickerFunctionalityForScheduleOnEditGrpTalks" time="0.0" classname="GT.GT.CreateAndCallGroupTest">
    <ignored/>
  </testcase> <!-- verifyDatePickerFunctionalityForScheduleOnEditGrpTalks -->
  <testcase name="VerifyDialInOptionInAdvancedSettingsOnOverlayForSchedule" time="0.0" classname="GT.GT.CreateAndCallGroupTest">
    <ignored/>
  </testcase> <!-- VerifyDialInOptionInAdvancedSettingsOnOverlayForSchedule -->
  <testcase name="verifyCallFunctionalityFromAllMembersTab" time="0.0" classname="GT.GT.CreateAndCallGroupTest">
    <ignored/>
  </testcase> <!-- verifyCallFunctionalityFromAllMembersTab -->
  <testcase name="verifyCallFunctionalityFromOnCallTabInListView" time="0.0" classname="GT.GT.CreateAndCallGroupTest">
    <ignored/>
  </testcase> <!-- verifyCallFunctionalityFromOnCallTabInListView -->
  <testcase name="verifyAddMemberInOnGoingGrpCallThroughContacts" time="0.0" classname="GT.GT.CreateAndCallGroupTest">
    <ignored/>
  </testcase> <!-- verifyAddMemberInOnGoingGrpCallThroughContacts -->
  <testcase name="verifyCallFunctionalityFromCreateGroupTalkPageByCreatingNewGroup" time="0.0" classname="GT.GT.CreateAndCallGroupTest">
    <ignored/>
  </testcase> <!-- verifyCallFunctionalityFromCreateGroupTalkPageByCreatingNewGroup -->
  <testcase name="verifyGrpTalkNameOnCreateGroupAndGrpTalksPages" time="0.0" classname="GT.GT.CreateAndCallGroupTest">
    <ignored/>
  </testcase> <!-- verifyGrpTalkNameOnCreateGroupAndGrpTalksPages -->
  <testcase name="verifyCallFunctionalityFromQuickDialButtonInMyGrpTalk" time="0.0" classname="GT.GT.CreateAndCallGroupTest">
    <ignored/>
  </testcase> <!-- verifyCallFunctionalityFromQuickDialButtonInMyGrpTalk -->
  <testcase name="createAndSaveTheGroupByLeaveGroupName" time="0.0" classname="GT.GT.CreateAndCallGroupTest">
    <ignored/>
  </testcase> <!-- createAndSaveTheGroupByLeaveGroupName -->
  <testcase name="verifyCallFunctionalityFromUnMutedCount" time="0.0" classname="GT.GT.CreateAndCallGroupTest">
    <ignored/>
  </testcase> <!-- verifyCallFunctionalityFromUnMutedCount -->
  <testcase name="verifyCreateWebLIstFromCreateGrpPage" time="0.0" classname="GT.GT.CreateAndCallGroupTest">
    <ignored/>
  </testcase> <!-- verifyCreateWebLIstFromCreateGrpPage -->
</testsuite> <!-- callpage -->
