<?xml version="1.0" encoding="UTF-8"?>
<!-- Generated by org.testng.reporters.JUnitXMLReporter -->
<testsuite hostname="DESKTOP-U3PMRBE" ignored="8" name="ContactsPageTest" tests="1" failures="1" timestamp="2019-11-06T15:09:51 IST" time="162.065" errors="0">
  <testcase name="verifyCallFunctionality" time="125.726" classname="GT.GT.RestApiTest">
    <failure type="org.openqa.selenium.NoSuchElementException" message="no such element: Unable to locate element: {&amp;quot;method&amp;quot;:&amp;quot;xpath&amp;quot;,&amp;quot;selector&amp;quot;:&amp;quot;//*[@class=&amp;apos;singleRedial&amp;apos;]&amp;quot;}
  (Session info: chrome=78.0.3904.87)
  (Driver info: chromedriver=2.43.600210 (68dcf5eebde37173d4027fa8635e332711d2874a),platform=Windows NT 10.0.17763 x86_64) (WARNING: The server did not provide any stacktrace information)
Command duration or timeout: 0 milliseconds
For documentation on this error, please visit: http://seleniumhq.org/exceptions/no_such_element.html
Build info: version: &amp;apos;3.10.0&amp;apos;, revision: &amp;apos;176b4a9&amp;apos;, time: &amp;apos;2018-03-02T19:03:16.397Z&amp;apos;
System info: host: &amp;apos;DESKTOP-U3PMRBE&amp;apos;, ip: &amp;apos;169.254.86.53&amp;apos;, os.name: &amp;apos;Windows 10&amp;apos;, os.arch: &amp;apos;amd64&amp;apos;, os.version: &amp;apos;10.0&amp;apos;, java.version: &amp;apos;1.8.0_221&amp;apos;
Driver info: org.openqa.selenium.chrome.ChromeDriver
Capabilities {acceptInsecureCerts: false, acceptSslCerts: false, applicationCacheEnabled: false, browserConnectionEnabled: false, browserName: chrome, chrome: {chromedriverVersion: 2.43.600210 (68dcf5eebde371..., userDataDir: C:\Users\smsc\AppData\Local...}, cssSelectorsEnabled: true, databaseEnabled: false, goog:chromeOptions: {debuggerAddress: localhost:48502}, handlesAlerts: true, hasTouchScreen: false, javascriptEnabled: true, locationContextEnabled: true, mobileEmulationEnabled: false, nativeEvents: true, networkConnectionEnabled: false, pageLoadStrategy: normal, platform: XP, platformName: XP, rotatable: false, setWindowRect: true, takesHeapSnapshot: true, takesScreenshot: true, unexpectedAlertBehaviour: , unhandledPromptBehavior: , version: 78.0.3904.87, webStorageEnabled: true}
Session ID: b0a29bb12fd8f2112b9b410144acf190
*** Element info: {Using=xpath, value=//*[@class=&amp;apos;singleRedial&amp;apos;]}">
      <![CDATA[org.openqa.selenium.NoSuchElementException: no such element: Unable to locate element: {"method":"xpath","selector":"//*[@class='singleRedial']"}
  (Session info: chrome=78.0.3904.87)
  (Driver info: chromedriver=2.43.600210 (68dcf5eebde37173d4027fa8635e332711d2874a),platform=Windows NT 10.0.17763 x86_64) (WARNING: The server did not provide any stacktrace information)
Command duration or timeout: 0 milliseconds
For documentation on this error, please visit: http://seleniumhq.org/exceptions/no_such_element.html
Build info: version: '3.10.0', revision: '176b4a9', time: '2018-03-02T19:03:16.397Z'
System info: host: 'DESKTOP-U3PMRBE', ip: '169.254.86.53', os.name: 'Windows 10', os.arch: 'amd64', os.version: '10.0', java.version: '1.8.0_221'
Driver info: org.openqa.selenium.chrome.ChromeDriver
Capabilities {acceptInsecureCerts: false, acceptSslCerts: false, applicationCacheEnabled: false, browserConnectionEnabled: false, browserName: chrome, chrome: {chromedriverVersion: 2.43.600210 (68dcf5eebde371..., userDataDir: C:\Users\smsc\AppData\Local...}, cssSelectorsEnabled: true, databaseEnabled: false, goog:chromeOptions: {debuggerAddress: localhost:48502}, handlesAlerts: true, hasTouchScreen: false, javascriptEnabled: true, locationContextEnabled: true, mobileEmulationEnabled: false, nativeEvents: true, networkConnectionEnabled: false, pageLoadStrategy: normal, platform: XP, platformName: XP, rotatable: false, setWindowRect: true, takesHeapSnapshot: true, takesScreenshot: true, unexpectedAlertBehaviour: , unhandledPromptBehavior: , version: 78.0.3904.87, webStorageEnabled: true}
Session ID: b0a29bb12fd8f2112b9b410144acf190
*** Element info: {Using=xpath, value=//*[@class='singleRedial']}
at org.openqa.selenium.remote.ErrorHandler.createThrowable(ErrorHandler.java:214)
at org.openqa.selenium.remote.ErrorHandler.throwIfResponseFailed(ErrorHandler.java:166)
at org.openqa.selenium.remote.http.JsonHttpResponseCodec.reconstructValue(JsonHttpResponseCodec.java:40)
at org.openqa.selenium.remote.http.AbstractHttpResponseCodec.decode(AbstractHttpResponseCodec.java:80)
at org.openqa.selenium.remote.http.AbstractHttpResponseCodec.decode(AbstractHttpResponseCodec.java:44)
at org.openqa.selenium.remote.HttpCommandExecutor.execute(HttpCommandExecutor.java:160)
at org.openqa.selenium.remote.service.DriverCommandExecutor.execute(DriverCommandExecutor.java:83)
at org.openqa.selenium.remote.RemoteWebDriver.execute(RemoteWebDriver.java:601)
at org.openqa.selenium.remote.RemoteWebElement.execute(RemoteWebElement.java:279)
at org.openqa.selenium.remote.RemoteWebElement.findElement(RemoteWebElement.java:179)
at org.openqa.selenium.remote.RemoteWebElement.findElementByXPath(RemoteWebElement.java:255)
at org.openqa.selenium.By$ByXPath.findElement(By.java:361)
at org.openqa.selenium.remote.RemoteWebElement.findElement(RemoteWebElement.java:175)
at GT.GT.RestApiTest.verifyCallFunctionality(RestApiTest.java:261)
at java.util.ArrayList.forEach(Unknown Source)
... Removed 31 stack frames]]>
    </failure>
  </testcase> <!-- verifyCallFunctionality -->
  <testcase name="verifyCallFunctionalityCopy" time="0.0" classname="GT.GT.RestApiTest">
    <ignored/>
  </testcase> <!-- verifyCallFunctionalityCopy -->
  <testcase name="verifyFunctionalityOfDialInParticipants" time="0.0" classname="GT.GT.RestApiTest">
    <ignored/>
  </testcase> <!-- verifyFunctionalityOfDialInParticipants -->
  <testcase name="verifyFunctionalityOfHandRaiseParticipants" time="0.0" classname="GT.GT.RestApiTest">
    <ignored/>
  </testcase> <!-- verifyFunctionalityOfHandRaiseParticipants -->
  <testcase name="verifyFunctionalityOfOnCallAndDisconnectedParticipants" time="0.0" classname="GT.GT.RestApiTest">
    <ignored/>
  </testcase> <!-- verifyFunctionalityOfOnCallAndDisconnectedParticipants -->
  <testcase name="verifyCallFunctionalityFromCreateGroupTalkPageByCreatingNewGroup" time="0.0" classname="GT.GT.RestApiTest">
    <ignored/>
  </testcase> <!-- verifyCallFunctionalityFromCreateGroupTalkPageByCreatingNewGroup -->
  <testcase name="verifyFunctionalityOfIncomingCallFromParticipants" time="0.0" classname="GT.GT.RestApiTest">
    <ignored/>
  </testcase> <!-- verifyFunctionalityOfIncomingCallFromParticipants -->
  <testcase name="verifyFunctionalityOfAcceptAndDisconnectRedialParticipants" time="0.0" classname="GT.GT.RestApiTest">
    <ignored/>
  </testcase> <!-- verifyFunctionalityOfAcceptAndDisconnectRedialParticipants -->
  <testcase name="verifyFunctionalityOfAutoDisconnectedParticipants" time="0.0" classname="GT.GT.RestApiTest">
    <ignored/>
  </testcase> <!-- verifyFunctionalityOfAutoDisconnectedParticipants -->
</testsuite> <!-- ContactsPageTest -->
