<html>
<head>
<title>TestNG:  CreateAndCallGroupTest</title>
<link href="../testng.css" rel="stylesheet" type="text/css" />
<link href="../my-testng.css" rel="stylesheet" type="text/css" />

<style type="text/css">
.log { display: none;} 
.stack-trace { display: none;} 
</style>
<script type="text/javascript">
<!--
function flip(e) {
  current = e.style.display;
  if (current == 'block') {
    e.style.display = 'none';
    return 0;
  }
  else {
    e.style.display = 'block';
    return 1;
  }
}

function toggleBox(szDivId, elem, msg1, msg2)
{
  var res = -1;  if (document.getElementById) {
    res = flip(document.getElementById(szDivId));
  }
  else if (document.all) {
    // this is the way old msie versions work
    res = flip(document.all[szDivId]);
  }
  if(elem) {
    if(res == 0) elem.innerHTML = msg1; else elem.innerHTML = msg2;
  }

}

function toggleAllBoxes() {
  if (document.getElementsByTagName) {
    d = document.getElementsByTagName('div');
    for (i = 0; i < d.length; i++) {
      if (d[i].className == 'log') {
        flip(d[i]);
      }
    }
  }
}

// -->
</script>

</head>
<body>
<h2 align='center'>CreateAndCallGroupTest</h2><table border='1' align="center">
<tr>
<td>Tests passed/Failed/Skipped:</td><td>74/8/0</td>
</tr><tr>
<td>Started on:</td><td>Fri Dec 06 17:05:49 IST 2019</td>
</tr>
<tr><td>Total time:</td><td>8112 seconds (8112185 ms)</td>
</tr><tr>
<td>Included groups:</td><td></td>
</tr><tr>
<td>Excluded groups:</td><td></td>
</tr>
</table><p/>
<small><i>(Hover the method name to see the test class name)</i></small><p/>
<table width='100%' border='1' class='invocation-failed'>
<tr><td colspan='4' align='center'><b>FAILED TESTS</b></td></tr>
<tr><td><b>Test method</b></td>
<td width="30%"><b>Exception</b></td>
<td width="10%"><b>Time (seconds)</b></td>
<td><b>Instance</b></td>
</tr>
<tr>
<td title='GT.GT.CreateAndCallGroupTest.verifyAddMoreNumberOfUsersthanMaximunLimitFromContactList()'><b>verifyAddMoreNumberOfUsersthanMaximunLimitFromContactList</b><br>Test class: GT.GT.CreateAndCallGroupTest</td>
<td><div><pre>org.openqa.selenium.NoSuchElementException: no such element: Unable to locate element: {&quot;method&quot;:&quot;class name&quot;,&quot;selector&quot;:&quot;toast-message&quot;}
  (Session info: chrome=78.0.3904.108)
  (Driver info: chromedriver=2.43.600210 (68dcf5eebde37173d4027fa8635e332711d2874a),platform=Windows NT 10.0.17763 x86_64) (WARNING: The server did not provide any stacktrace information)
Command duration or timeout: 0 milliseconds
For documentation on this error, please visit: http://seleniumhq.org/exceptions/no_such_element.html
Build info: version: &apos;3.10.0&apos;, revision: &apos;176b4a9&apos;, time: &apos;2018-03-02T19:03:16.397Z&apos;
System info: host: &apos;DESKTOP-U3PMRBE&apos;, ip: &apos;169.254.86.53&apos;, os.name: &apos;Windows 10&apos;, os.arch: &apos;amd64&apos;, os.version: &apos;10.0&apos;, java.version: &apos;1.8.0_221&apos;
Driver info: org.openqa.selenium.chrome.ChromeDriver
Capabilities {acceptInsecureCerts: false, acceptSslCerts: false, applicationCacheEnabled: false, browserConnectionEnabled: false, browserName: chrome, chrome: {chromedriverVersion: 2.43.600210 (68dcf5eebde371..., userDataDir: C:\Users\smsc\AppData\Local...}, cssSelectorsEnabled: true, databaseEnabled: false, goog:chromeOptions: {debuggerAddress: localhost:12434}, handlesAlerts: true, hasTouchScreen: false, javascriptEnabled: true, locationContextEnabled: true, mobileEmulationEnabled: false, nativeEvents: true, networkConnectionEnabled: false, pageLoadStrategy: normal, platform: XP, platformName: XP, rotatable: false, setWindowRect: true, takesHeapSnapshot: true, takesScreenshot: true, unexpectedAlertBehaviour: , unhandledPromptBehavior: , version: 78.0.3904.108, webStorageEnabled: true}
Session ID: 2ba5b836e46ed9f0519fd2a3ffb71725
*** Element info: {Using=class name, value=toast-message}
	at org.openqa.selenium.remote.ErrorHandler.createThrowable(ErrorHandler.java:214)
	at org.openqa.selenium.remote.ErrorHandler.throwIfResponseFailed(ErrorHandler.java:166)
	at org.openqa.selenium.remote.http.JsonHttpResponseCodec.reconstructValue(JsonHttpResponseCodec.java:40)
	at org.openqa.selenium.remote.http.AbstractHttpResponseCodec.decode(AbstractHttpResponseCodec.java:80)
	at org.openqa.selenium.remote.http.AbstractHttpResponseCodec.decode(AbstractHttpResponseCodec.java:44)
	at org.openqa.selenium.remote.HttpCommandExecutor.execute(HttpCommandExecutor.java:160)
	at org.openqa.selenium.remote.service.DriverCommandExecutor.execute(DriverCommandExecutor.java:83)
	at org.openqa.selenium.remote.RemoteWebDriver.execute(RemoteWebDriver.java:601)
	at org.openqa.selenium.remote.RemoteWebDriver.findElement(RemoteWebDriver.java:371)
	at org.openqa.selenium.remote.RemoteWebDriver.findElementByClassName(RemoteWebDriver.java:457)
	at org.openqa.selenium.By$ByClassName.findElement(By.java:391)
	at org.openqa.selenium.remote.RemoteWebDriver.findElement(RemoteWebDriver.java:363)
	at utility.CommonMethods.getTextMethod(CommonMethods.java:65)
	at GT.GT.CreateAndCallGroupTest.verifyAddMoreNumberOfUsersthanMaximunLimitFromContactList(CreateAndCallGroupTest.java:841)
	at java.util.ArrayList.forEach(Unknown Source)
... Removed 31 stack frames</pre></div><a href='#' onClick='toggleBox("stack-trace1863557065", this, "Click to show all stack frames", "Click to hide stack frames")'>Click to show all stack frames</a>
<div class='stack-trace' id='stack-trace1863557065'><pre>org.openqa.selenium.NoSuchElementException: no such element: Unable to locate element: {&quot;method&quot;:&quot;class name&quot;,&quot;selector&quot;:&quot;toast-message&quot;}
  (Session info: chrome=78.0.3904.108)
  (Driver info: chromedriver=2.43.600210 (68dcf5eebde37173d4027fa8635e332711d2874a),platform=Windows NT 10.0.17763 x86_64) (WARNING: The server did not provide any stacktrace information)
Command duration or timeout: 0 milliseconds
For documentation on this error, please visit: http://seleniumhq.org/exceptions/no_such_element.html
Build info: version: &apos;3.10.0&apos;, revision: &apos;176b4a9&apos;, time: &apos;2018-03-02T19:03:16.397Z&apos;
System info: host: &apos;DESKTOP-U3PMRBE&apos;, ip: &apos;169.254.86.53&apos;, os.name: &apos;Windows 10&apos;, os.arch: &apos;amd64&apos;, os.version: &apos;10.0&apos;, java.version: &apos;1.8.0_221&apos;
Driver info: org.openqa.selenium.chrome.ChromeDriver
Capabilities {acceptInsecureCerts: false, acceptSslCerts: false, applicationCacheEnabled: false, browserConnectionEnabled: false, browserName: chrome, chrome: {chromedriverVersion: 2.43.600210 (68dcf5eebde371..., userDataDir: C:\Users\smsc\AppData\Local...}, cssSelectorsEnabled: true, databaseEnabled: false, goog:chromeOptions: {debuggerAddress: localhost:12434}, handlesAlerts: true, hasTouchScreen: false, javascriptEnabled: true, locationContextEnabled: true, mobileEmulationEnabled: false, nativeEvents: true, networkConnectionEnabled: false, pageLoadStrategy: normal, platform: XP, platformName: XP, rotatable: false, setWindowRect: true, takesHeapSnapshot: true, takesScreenshot: true, unexpectedAlertBehaviour: , unhandledPromptBehavior: , version: 78.0.3904.108, webStorageEnabled: true}
Session ID: 2ba5b836e46ed9f0519fd2a3ffb71725
*** Element info: {Using=class name, value=toast-message}
	at sun.reflect.NativeConstructorAccessorImpl.newInstance0(Native Method)
	at sun.reflect.NativeConstructorAccessorImpl.newInstance(Unknown Source)
	at sun.reflect.DelegatingConstructorAccessorImpl.newInstance(Unknown Source)
	at java.lang.reflect.Constructor.newInstance(Unknown Source)
	at org.openqa.selenium.remote.ErrorHandler.createThrowable(ErrorHandler.java:214)
	at org.openqa.selenium.remote.ErrorHandler.throwIfResponseFailed(ErrorHandler.java:166)
	at org.openqa.selenium.remote.http.JsonHttpResponseCodec.reconstructValue(JsonHttpResponseCodec.java:40)
	at org.openqa.selenium.remote.http.AbstractHttpResponseCodec.decode(AbstractHttpResponseCodec.java:80)
	at org.openqa.selenium.remote.http.AbstractHttpResponseCodec.decode(AbstractHttpResponseCodec.java:44)
	at org.openqa.selenium.remote.HttpCommandExecutor.execute(HttpCommandExecutor.java:160)
	at org.openqa.selenium.remote.service.DriverCommandExecutor.execute(DriverCommandExecutor.java:83)
	at org.openqa.selenium.remote.RemoteWebDriver.execute(RemoteWebDriver.java:601)
	at org.openqa.selenium.remote.RemoteWebDriver.findElement(RemoteWebDriver.java:371)
	at org.openqa.selenium.remote.RemoteWebDriver.findElementByClassName(RemoteWebDriver.java:457)
	at org.openqa.selenium.By$ByClassName.findElement(By.java:391)
	at org.openqa.selenium.remote.RemoteWebDriver.findElement(RemoteWebDriver.java:363)
	at utility.CommonMethods.getTextMethod(CommonMethods.java:65)
	at GT.GT.CreateAndCallGroupTest.verifyAddMoreNumberOfUsersthanMaximunLimitFromContactList(CreateAndCallGroupTest.java:841)
	at sun.reflect.NativeMethodAccessorImpl.invoke0(Native Method)
	at sun.reflect.NativeMethodAccessorImpl.invoke(Unknown Source)
	at sun.reflect.DelegatingMethodAccessorImpl.invoke(Unknown Source)
	at java.lang.reflect.Method.invoke(Unknown Source)
	at org.testng.internal.MethodInvocationHelper.invokeMethod(MethodInvocationHelper.java:133)
	at org.testng.internal.TestInvoker.invokeMethod(TestInvoker.java:584)
	at org.testng.internal.TestInvoker.invokeTestMethod(TestInvoker.java:172)
	at org.testng.internal.MethodRunner.runInSequence(MethodRunner.java:46)
	at org.testng.internal.TestInvoker$MethodInvocationAgent.invoke(TestInvoker.java:804)
	at org.testng.internal.TestInvoker.invokeTestMethods(TestInvoker.java:145)
	at org.testng.internal.TestMethodWorker.invokeTestMethods(TestMethodWorker.java:146)
	at org.testng.internal.TestMethodWorker.run(TestMethodWorker.java:128)
	at java.util.ArrayList.forEach(Unknown Source)
	at org.testng.TestRunner.privateRun(TestRunner.java:770)
	at org.testng.TestRunner.run(TestRunner.java:591)
	at org.testng.SuiteRunner.runTest(SuiteRunner.java:402)
	at org.testng.SuiteRunner.runSequentially(SuiteRunner.java:396)
	at org.testng.SuiteRunner.privateRun(SuiteRunner.java:355)
	at org.testng.SuiteRunner.run(SuiteRunner.java:304)
	at org.testng.SuiteRunnerWorker.runSuite(SuiteRunnerWorker.java:53)
	at org.testng.SuiteRunnerWorker.run(SuiteRunnerWorker.java:96)
	at org.testng.TestNG.runSuitesSequentially(TestNG.java:1180)
	at org.testng.TestNG.runSuitesLocally(TestNG.java:1102)
	at org.testng.TestNG.runSuites(TestNG.java:1032)
	at org.testng.TestNG.run(TestNG.java:1000)
	at org.testng.remote.AbstractRemoteTestNG.run(AbstractRemoteTestNG.java:115)
	at org.testng.remote.RemoteTestNG.initAndRun(RemoteTestNG.java:251)
	at org.testng.remote.RemoteTestNG.main(RemoteTestNG.java:77)
</pre></div></td>
<td>28</td>
<td>GT.GT.CreateAndCallGroupTest@396e2f39</td></tr>
<tr>
<td title='GT.GT.CreateAndCallGroupTest.verifyCallFunctionalityFromUnMutedCount()'><b>verifyCallFunctionalityFromUnMutedCount</b><br>Test class: GT.GT.CreateAndCallGroupTest</td>
<td><div><pre>java.lang.AssertionError: expected [4] but found [0]
	at GT.GT.CreateAndCallGroupTest.verifyCallFunctionalityFromUnMutedCount(CreateAndCallGroupTest.java:4082)
	at java.util.ArrayList.forEach(Unknown Source)
... Removed 32 stack frames</pre></div><a href='#' onClick='toggleBox("stack-trace1323706655", this, "Click to show all stack frames", "Click to hide stack frames")'>Click to show all stack frames</a>
<div class='stack-trace' id='stack-trace1323706655'><pre>java.lang.AssertionError: expected [4] but found [0]
	at org.testng.Assert.fail(Assert.java:97)
	at org.testng.Assert.assertEqualsImpl(Assert.java:136)
	at org.testng.Assert.assertEquals(Assert.java:118)
	at org.testng.Assert.assertEquals(Assert.java:839)
	at org.testng.Assert.assertEquals(Assert.java:849)
	at GT.GT.CreateAndCallGroupTest.verifyCallFunctionalityFromUnMutedCount(CreateAndCallGroupTest.java:4082)
	at sun.reflect.NativeMethodAccessorImpl.invoke0(Native Method)
	at sun.reflect.NativeMethodAccessorImpl.invoke(Unknown Source)
	at sun.reflect.DelegatingMethodAccessorImpl.invoke(Unknown Source)
	at java.lang.reflect.Method.invoke(Unknown Source)
	at org.testng.internal.MethodInvocationHelper.invokeMethod(MethodInvocationHelper.java:133)
	at org.testng.internal.TestInvoker.invokeMethod(TestInvoker.java:584)
	at org.testng.internal.TestInvoker.invokeTestMethod(TestInvoker.java:172)
	at org.testng.internal.MethodRunner.runInSequence(MethodRunner.java:46)
	at org.testng.internal.TestInvoker$MethodInvocationAgent.invoke(TestInvoker.java:804)
	at org.testng.internal.TestInvoker.invokeTestMethods(TestInvoker.java:145)
	at org.testng.internal.TestMethodWorker.invokeTestMethods(TestMethodWorker.java:146)
	at org.testng.internal.TestMethodWorker.run(TestMethodWorker.java:128)
	at java.util.ArrayList.forEach(Unknown Source)
	at org.testng.TestRunner.privateRun(TestRunner.java:770)
	at org.testng.TestRunner.run(TestRunner.java:591)
	at org.testng.SuiteRunner.runTest(SuiteRunner.java:402)
	at org.testng.SuiteRunner.runSequentially(SuiteRunner.java:396)
	at org.testng.SuiteRunner.privateRun(SuiteRunner.java:355)
	at org.testng.SuiteRunner.run(SuiteRunner.java:304)
	at org.testng.SuiteRunnerWorker.runSuite(SuiteRunnerWorker.java:53)
	at org.testng.SuiteRunnerWorker.run(SuiteRunnerWorker.java:96)
	at org.testng.TestNG.runSuitesSequentially(TestNG.java:1180)
	at org.testng.TestNG.runSuitesLocally(TestNG.java:1102)
	at org.testng.TestNG.runSuites(TestNG.java:1032)
	at org.testng.TestNG.run(TestNG.java:1000)
	at org.testng.remote.AbstractRemoteTestNG.run(AbstractRemoteTestNG.java:115)
	at org.testng.remote.RemoteTestNG.initAndRun(RemoteTestNG.java:251)
	at org.testng.remote.RemoteTestNG.main(RemoteTestNG.java:77)
</pre></div></td>
<td>70</td>
<td>GT.GT.CreateAndCallGroupTest@396e2f39</td></tr>
<tr>
<td title='GT.GT.CreateAndCallGroupTest.verifyCallFunctionalityFromUnMutedCountInListView()'><b>verifyCallFunctionalityFromUnMutedCountInListView</b><br>Test class: GT.GT.CreateAndCallGroupTest</td>
<td><div><pre>java.lang.AssertionError: expected [4] but found [0]
	at GT.GT.CreateAndCallGroupTest.verifyCallFunctionalityFromUnMutedCountInListView(CreateAndCallGroupTest.java:4240)
	at java.util.ArrayList.forEach(Unknown Source)
... Removed 32 stack frames</pre></div><a href='#' onClick='toggleBox("stack-trace820627987", this, "Click to show all stack frames", "Click to hide stack frames")'>Click to show all stack frames</a>
<div class='stack-trace' id='stack-trace820627987'><pre>java.lang.AssertionError: expected [4] but found [0]
	at org.testng.Assert.fail(Assert.java:97)
	at org.testng.Assert.assertEqualsImpl(Assert.java:136)
	at org.testng.Assert.assertEquals(Assert.java:118)
	at org.testng.Assert.assertEquals(Assert.java:839)
	at org.testng.Assert.assertEquals(Assert.java:849)
	at GT.GT.CreateAndCallGroupTest.verifyCallFunctionalityFromUnMutedCountInListView(CreateAndCallGroupTest.java:4240)
	at sun.reflect.NativeMethodAccessorImpl.invoke0(Native Method)
	at sun.reflect.NativeMethodAccessorImpl.invoke(Unknown Source)
	at sun.reflect.DelegatingMethodAccessorImpl.invoke(Unknown Source)
	at java.lang.reflect.Method.invoke(Unknown Source)
	at org.testng.internal.MethodInvocationHelper.invokeMethod(MethodInvocationHelper.java:133)
	at org.testng.internal.TestInvoker.invokeMethod(TestInvoker.java:584)
	at org.testng.internal.TestInvoker.invokeTestMethod(TestInvoker.java:172)
	at org.testng.internal.MethodRunner.runInSequence(MethodRunner.java:46)
	at org.testng.internal.TestInvoker$MethodInvocationAgent.invoke(TestInvoker.java:804)
	at org.testng.internal.TestInvoker.invokeTestMethods(TestInvoker.java:145)
	at org.testng.internal.TestMethodWorker.invokeTestMethods(TestMethodWorker.java:146)
	at org.testng.internal.TestMethodWorker.run(TestMethodWorker.java:128)
	at java.util.ArrayList.forEach(Unknown Source)
	at org.testng.TestRunner.privateRun(TestRunner.java:770)
	at org.testng.TestRunner.run(TestRunner.java:591)
	at org.testng.SuiteRunner.runTest(SuiteRunner.java:402)
	at org.testng.SuiteRunner.runSequentially(SuiteRunner.java:396)
	at org.testng.SuiteRunner.privateRun(SuiteRunner.java:355)
	at org.testng.SuiteRunner.run(SuiteRunner.java:304)
	at org.testng.SuiteRunnerWorker.runSuite(SuiteRunnerWorker.java:53)
	at org.testng.SuiteRunnerWorker.run(SuiteRunnerWorker.java:96)
	at org.testng.TestNG.runSuitesSequentially(TestNG.java:1180)
	at org.testng.TestNG.runSuitesLocally(TestNG.java:1102)
	at org.testng.TestNG.runSuites(TestNG.java:1032)
	at org.testng.TestNG.run(TestNG.java:1000)
	at org.testng.remote.AbstractRemoteTestNG.run(AbstractRemoteTestNG.java:115)
	at org.testng.remote.RemoteTestNG.initAndRun(RemoteTestNG.java:251)
	at org.testng.remote.RemoteTestNG.main(RemoteTestNG.java:77)
</pre></div></td>
<td>50</td>
<td>GT.GT.CreateAndCallGroupTest@396e2f39</td></tr>
<tr>
<td title='GT.GT.CreateAndCallGroupTest.verifyCreateListFromExcelUploadandphonecontacts()'><b>verifyCreateListFromExcelUploadandphonecontacts</b><br>Test class: GT.GT.CreateAndCallGroupTest</td>
<td><div><pre>org.openqa.selenium.ElementNotVisibleException: element not interactable
  (Session info: chrome=78.0.3904.108)
  (Driver info: chromedriver=2.43.600210 (68dcf5eebde37173d4027fa8635e332711d2874a),platform=Windows NT 10.0.17763 x86_64) (WARNING: The server did not provide any stacktrace information)
Command duration or timeout: 0 milliseconds
Build info: version: &apos;3.10.0&apos;, revision: &apos;176b4a9&apos;, time: &apos;2018-03-02T19:03:16.397Z&apos;
System info: host: &apos;DESKTOP-U3PMRBE&apos;, ip: &apos;169.254.86.53&apos;, os.name: &apos;Windows 10&apos;, os.arch: &apos;amd64&apos;, os.version: &apos;10.0&apos;, java.version: &apos;1.8.0_221&apos;
Driver info: org.openqa.selenium.chrome.ChromeDriver
Capabilities {acceptInsecureCerts: false, acceptSslCerts: false, applicationCacheEnabled: false, browserConnectionEnabled: false, browserName: chrome, chrome: {chromedriverVersion: 2.43.600210 (68dcf5eebde371..., userDataDir: C:\Users\smsc\AppData\Local...}, cssSelectorsEnabled: true, databaseEnabled: false, goog:chromeOptions: {debuggerAddress: localhost:12434}, handlesAlerts: true, hasTouchScreen: false, javascriptEnabled: true, locationContextEnabled: true, mobileEmulationEnabled: false, nativeEvents: true, networkConnectionEnabled: false, pageLoadStrategy: normal, platform: XP, platformName: XP, rotatable: false, setWindowRect: true, takesHeapSnapshot: true, takesScreenshot: true, unexpectedAlertBehaviour: , unhandledPromptBehavior: , version: 78.0.3904.108, webStorageEnabled: true}
Session ID: 2ba5b836e46ed9f0519fd2a3ffb71725
	at org.openqa.selenium.remote.ErrorHandler.createThrowable(ErrorHandler.java:214)
	at org.openqa.selenium.remote.ErrorHandler.throwIfResponseFailed(ErrorHandler.java:166)
	at org.openqa.selenium.remote.http.JsonHttpResponseCodec.reconstructValue(JsonHttpResponseCodec.java:40)
	at org.openqa.selenium.remote.http.AbstractHttpResponseCodec.decode(AbstractHttpResponseCodec.java:80)
	at org.openqa.selenium.remote.http.AbstractHttpResponseCodec.decode(AbstractHttpResponseCodec.java:44)
	at org.openqa.selenium.remote.HttpCommandExecutor.execute(HttpCommandExecutor.java:160)
	at org.openqa.selenium.remote.service.DriverCommandExecutor.execute(DriverCommandExecutor.java:83)
	at org.openqa.selenium.remote.RemoteWebDriver.execute(RemoteWebDriver.java:601)
	at org.openqa.selenium.remote.RemoteWebElement.execute(RemoteWebElement.java:279)
	at org.openqa.selenium.remote.RemoteWebElement.click(RemoteWebElement.java:83)
	at GT.GT.CreatingGroup.givenExcelSheetDetailsOnOverlay(CreatingGroup.java:628)
	at GT.GT.CreateAndCallGroupTest.verifyCreateListFromExcelUploadandphonecontacts(CreateAndCallGroupTest.java:4975)
	at java.util.ArrayList.forEach(Unknown Source)
... Removed 31 stack frames</pre></div><a href='#' onClick='toggleBox("stack-trace367725289", this, "Click to show all stack frames", "Click to hide stack frames")'>Click to show all stack frames</a>
<div class='stack-trace' id='stack-trace367725289'><pre>org.openqa.selenium.ElementNotVisibleException: element not interactable
  (Session info: chrome=78.0.3904.108)
  (Driver info: chromedriver=2.43.600210 (68dcf5eebde37173d4027fa8635e332711d2874a),platform=Windows NT 10.0.17763 x86_64) (WARNING: The server did not provide any stacktrace information)
Command duration or timeout: 0 milliseconds
Build info: version: &apos;3.10.0&apos;, revision: &apos;176b4a9&apos;, time: &apos;2018-03-02T19:03:16.397Z&apos;
System info: host: &apos;DESKTOP-U3PMRBE&apos;, ip: &apos;169.254.86.53&apos;, os.name: &apos;Windows 10&apos;, os.arch: &apos;amd64&apos;, os.version: &apos;10.0&apos;, java.version: &apos;1.8.0_221&apos;
Driver info: org.openqa.selenium.chrome.ChromeDriver
Capabilities {acceptInsecureCerts: false, acceptSslCerts: false, applicationCacheEnabled: false, browserConnectionEnabled: false, browserName: chrome, chrome: {chromedriverVersion: 2.43.600210 (68dcf5eebde371..., userDataDir: C:\Users\smsc\AppData\Local...}, cssSelectorsEnabled: true, databaseEnabled: false, goog:chromeOptions: {debuggerAddress: localhost:12434}, handlesAlerts: true, hasTouchScreen: false, javascriptEnabled: true, locationContextEnabled: true, mobileEmulationEnabled: false, nativeEvents: true, networkConnectionEnabled: false, pageLoadStrategy: normal, platform: XP, platformName: XP, rotatable: false, setWindowRect: true, takesHeapSnapshot: true, takesScreenshot: true, unexpectedAlertBehaviour: , unhandledPromptBehavior: , version: 78.0.3904.108, webStorageEnabled: true}
Session ID: 2ba5b836e46ed9f0519fd2a3ffb71725
	at sun.reflect.NativeConstructorAccessorImpl.newInstance0(Native Method)
	at sun.reflect.NativeConstructorAccessorImpl.newInstance(Unknown Source)
	at sun.reflect.DelegatingConstructorAccessorImpl.newInstance(Unknown Source)
	at java.lang.reflect.Constructor.newInstance(Unknown Source)
	at org.openqa.selenium.remote.ErrorHandler.createThrowable(ErrorHandler.java:214)
	at org.openqa.selenium.remote.ErrorHandler.throwIfResponseFailed(ErrorHandler.java:166)
	at org.openqa.selenium.remote.http.JsonHttpResponseCodec.reconstructValue(JsonHttpResponseCodec.java:40)
	at org.openqa.selenium.remote.http.AbstractHttpResponseCodec.decode(AbstractHttpResponseCodec.java:80)
	at org.openqa.selenium.remote.http.AbstractHttpResponseCodec.decode(AbstractHttpResponseCodec.java:44)
	at org.openqa.selenium.remote.HttpCommandExecutor.execute(HttpCommandExecutor.java:160)
	at org.openqa.selenium.remote.service.DriverCommandExecutor.execute(DriverCommandExecutor.java:83)
	at org.openqa.selenium.remote.RemoteWebDriver.execute(RemoteWebDriver.java:601)
	at org.openqa.selenium.remote.RemoteWebElement.execute(RemoteWebElement.java:279)
	at org.openqa.selenium.remote.RemoteWebElement.click(RemoteWebElement.java:83)
	at GT.GT.CreatingGroup.givenExcelSheetDetailsOnOverlay(CreatingGroup.java:628)
	at GT.GT.CreateAndCallGroupTest.verifyCreateListFromExcelUploadandphonecontacts(CreateAndCallGroupTest.java:4975)
	at sun.reflect.NativeMethodAccessorImpl.invoke0(Native Method)
	at sun.reflect.NativeMethodAccessorImpl.invoke(Unknown Source)
	at sun.reflect.DelegatingMethodAccessorImpl.invoke(Unknown Source)
	at java.lang.reflect.Method.invoke(Unknown Source)
	at org.testng.internal.MethodInvocationHelper.invokeMethod(MethodInvocationHelper.java:133)
	at org.testng.internal.TestInvoker.invokeMethod(TestInvoker.java:584)
	at org.testng.internal.TestInvoker.invokeTestMethod(TestInvoker.java:172)
	at org.testng.internal.MethodRunner.runInSequence(MethodRunner.java:46)
	at org.testng.internal.TestInvoker$MethodInvocationAgent.invoke(TestInvoker.java:804)
	at org.testng.internal.TestInvoker.invokeTestMethods(TestInvoker.java:145)
	at org.testng.internal.TestMethodWorker.invokeTestMethods(TestMethodWorker.java:146)
	at org.testng.internal.TestMethodWorker.run(TestMethodWorker.java:128)
	at java.util.ArrayList.forEach(Unknown Source)
	at org.testng.TestRunner.privateRun(TestRunner.java:770)
	at org.testng.TestRunner.run(TestRunner.java:591)
	at org.testng.SuiteRunner.runTest(SuiteRunner.java:402)
	at org.testng.SuiteRunner.runSequentially(SuiteRunner.java:396)
	at org.testng.SuiteRunner.privateRun(SuiteRunner.java:355)
	at org.testng.SuiteRunner.run(SuiteRunner.java:304)
	at org.testng.SuiteRunnerWorker.runSuite(SuiteRunnerWorker.java:53)
	at org.testng.SuiteRunnerWorker.run(SuiteRunnerWorker.java:96)
	at org.testng.TestNG.runSuitesSequentially(TestNG.java:1180)
	at org.testng.TestNG.runSuitesLocally(TestNG.java:1102)
	at org.testng.TestNG.runSuites(TestNG.java:1032)
	at org.testng.TestNG.run(TestNG.java:1000)
	at org.testng.remote.AbstractRemoteTestNG.run(AbstractRemoteTestNG.java:115)
	at org.testng.remote.RemoteTestNG.initAndRun(RemoteTestNG.java:251)
	at org.testng.remote.RemoteTestNG.main(RemoteTestNG.java:77)
</pre></div></td>
<td>22</td>
<td>GT.GT.CreateAndCallGroupTest@396e2f39</td></tr>
<tr>
<td title='GT.GT.AccountPageTest.verifyEditSubAccountFunctionalityInSubAccountsTab()'><b>verifyEditSubAccountFunctionalityInSubAccountsTab</b><br>Test class: GT.GT.AccountPageTest</td>
<td><div><pre>org.openqa.selenium.ElementNotVisibleException: element not interactable
  (Session info: chrome=78.0.3904.108)
  (Driver info: chromedriver=2.43.600210 (68dcf5eebde37173d4027fa8635e332711d2874a),platform=Windows NT 10.0.17763 x86_64) (WARNING: The server did not provide any stacktrace information)
Command duration or timeout: 0 milliseconds
Build info: version: &apos;3.10.0&apos;, revision: &apos;176b4a9&apos;, time: &apos;2018-03-02T19:03:16.397Z&apos;
System info: host: &apos;DESKTOP-U3PMRBE&apos;, ip: &apos;169.254.86.53&apos;, os.name: &apos;Windows 10&apos;, os.arch: &apos;amd64&apos;, os.version: &apos;10.0&apos;, java.version: &apos;1.8.0_221&apos;
Driver info: org.openqa.selenium.chrome.ChromeDriver
Capabilities {acceptInsecureCerts: false, acceptSslCerts: false, applicationCacheEnabled: false, browserConnectionEnabled: false, browserName: chrome, chrome: {chromedriverVersion: 2.43.600210 (68dcf5eebde371..., userDataDir: C:\Users\smsc\AppData\Local...}, cssSelectorsEnabled: true, databaseEnabled: false, goog:chromeOptions: {debuggerAddress: localhost:12032}, handlesAlerts: true, hasTouchScreen: false, javascriptEnabled: true, locationContextEnabled: true, mobileEmulationEnabled: false, nativeEvents: true, networkConnectionEnabled: false, pageLoadStrategy: normal, platform: XP, platformName: XP, rotatable: false, setWindowRect: true, takesHeapSnapshot: true, takesScreenshot: true, unexpectedAlertBehaviour: , unhandledPromptBehavior: , version: 78.0.3904.108, webStorageEnabled: true}
Session ID: 2898b45643dbde52a4d2b29e9463ff64
	at org.openqa.selenium.remote.ErrorHandler.createThrowable(ErrorHandler.java:214)
	at org.openqa.selenium.remote.ErrorHandler.throwIfResponseFailed(ErrorHandler.java:166)
	at org.openqa.selenium.remote.http.JsonHttpResponseCodec.reconstructValue(JsonHttpResponseCodec.java:40)
	at org.openqa.selenium.remote.http.AbstractHttpResponseCodec.decode(AbstractHttpResponseCodec.java:80)
	at org.openqa.selenium.remote.http.AbstractHttpResponseCodec.decode(AbstractHttpResponseCodec.java:44)
	at org.openqa.selenium.remote.HttpCommandExecutor.execute(HttpCommandExecutor.java:160)
	at org.openqa.selenium.remote.service.DriverCommandExecutor.execute(DriverCommandExecutor.java:83)
	at org.openqa.selenium.remote.RemoteWebDriver.execute(RemoteWebDriver.java:601)
	at org.openqa.selenium.remote.RemoteWebElement.execute(RemoteWebElement.java:279)
	at org.openqa.selenium.remote.RemoteWebElement.click(RemoteWebElement.java:83)
	at GT.GT.AccountPage.clickQuotaSubAccountOnAddSubAccountOverlay(AccountPage.java:633)
	at GT.GT.AccountPageTest.verifyEditSubAccountFunctionalityInSubAccountsTab(AccountPageTest.java:734)
	at java.util.ArrayList.forEach(Unknown Source)
... Removed 31 stack frames</pre></div><a href='#' onClick='toggleBox("stack-trace1822434669", this, "Click to show all stack frames", "Click to hide stack frames")'>Click to show all stack frames</a>
<div class='stack-trace' id='stack-trace1822434669'><pre>org.openqa.selenium.ElementNotVisibleException: element not interactable
  (Session info: chrome=78.0.3904.108)
  (Driver info: chromedriver=2.43.600210 (68dcf5eebde37173d4027fa8635e332711d2874a),platform=Windows NT 10.0.17763 x86_64) (WARNING: The server did not provide any stacktrace information)
Command duration or timeout: 0 milliseconds
Build info: version: &apos;3.10.0&apos;, revision: &apos;176b4a9&apos;, time: &apos;2018-03-02T19:03:16.397Z&apos;
System info: host: &apos;DESKTOP-U3PMRBE&apos;, ip: &apos;169.254.86.53&apos;, os.name: &apos;Windows 10&apos;, os.arch: &apos;amd64&apos;, os.version: &apos;10.0&apos;, java.version: &apos;1.8.0_221&apos;
Driver info: org.openqa.selenium.chrome.ChromeDriver
Capabilities {acceptInsecureCerts: false, acceptSslCerts: false, applicationCacheEnabled: false, browserConnectionEnabled: false, browserName: chrome, chrome: {chromedriverVersion: 2.43.600210 (68dcf5eebde371..., userDataDir: C:\Users\smsc\AppData\Local...}, cssSelectorsEnabled: true, databaseEnabled: false, goog:chromeOptions: {debuggerAddress: localhost:12032}, handlesAlerts: true, hasTouchScreen: false, javascriptEnabled: true, locationContextEnabled: true, mobileEmulationEnabled: false, nativeEvents: true, networkConnectionEnabled: false, pageLoadStrategy: normal, platform: XP, platformName: XP, rotatable: false, setWindowRect: true, takesHeapSnapshot: true, takesScreenshot: true, unexpectedAlertBehaviour: , unhandledPromptBehavior: , version: 78.0.3904.108, webStorageEnabled: true}
Session ID: 2898b45643dbde52a4d2b29e9463ff64
	at sun.reflect.NativeConstructorAccessorImpl.newInstance0(Native Method)
	at sun.reflect.NativeConstructorAccessorImpl.newInstance(Unknown Source)
	at sun.reflect.DelegatingConstructorAccessorImpl.newInstance(Unknown Source)
	at java.lang.reflect.Constructor.newInstance(Unknown Source)
	at org.openqa.selenium.remote.ErrorHandler.createThrowable(ErrorHandler.java:214)
	at org.openqa.selenium.remote.ErrorHandler.throwIfResponseFailed(ErrorHandler.java:166)
	at org.openqa.selenium.remote.http.JsonHttpResponseCodec.reconstructValue(JsonHttpResponseCodec.java:40)
	at org.openqa.selenium.remote.http.AbstractHttpResponseCodec.decode(AbstractHttpResponseCodec.java:80)
	at org.openqa.selenium.remote.http.AbstractHttpResponseCodec.decode(AbstractHttpResponseCodec.java:44)
	at org.openqa.selenium.remote.HttpCommandExecutor.execute(HttpCommandExecutor.java:160)
	at org.openqa.selenium.remote.service.DriverCommandExecutor.execute(DriverCommandExecutor.java:83)
	at org.openqa.selenium.remote.RemoteWebDriver.execute(RemoteWebDriver.java:601)
	at org.openqa.selenium.remote.RemoteWebElement.execute(RemoteWebElement.java:279)
	at org.openqa.selenium.remote.RemoteWebElement.click(RemoteWebElement.java:83)
	at GT.GT.AccountPage.clickQuotaSubAccountOnAddSubAccountOverlay(AccountPage.java:633)
	at GT.GT.AccountPageTest.verifyEditSubAccountFunctionalityInSubAccountsTab(AccountPageTest.java:734)
	at sun.reflect.NativeMethodAccessorImpl.invoke0(Native Method)
	at sun.reflect.NativeMethodAccessorImpl.invoke(Unknown Source)
	at sun.reflect.DelegatingMethodAccessorImpl.invoke(Unknown Source)
	at java.lang.reflect.Method.invoke(Unknown Source)
	at org.testng.internal.MethodInvocationHelper.invokeMethod(MethodInvocationHelper.java:133)
	at org.testng.internal.TestInvoker.invokeMethod(TestInvoker.java:584)
	at org.testng.internal.TestInvoker.invokeTestMethod(TestInvoker.java:172)
	at org.testng.internal.MethodRunner.runInSequence(MethodRunner.java:46)
	at org.testng.internal.TestInvoker$MethodInvocationAgent.invoke(TestInvoker.java:804)
	at org.testng.internal.TestInvoker.invokeTestMethods(TestInvoker.java:145)
	at org.testng.internal.TestMethodWorker.invokeTestMethods(TestMethodWorker.java:146)
	at org.testng.internal.TestMethodWorker.run(TestMethodWorker.java:128)
	at java.util.ArrayList.forEach(Unknown Source)
	at org.testng.TestRunner.privateRun(TestRunner.java:770)
	at org.testng.TestRunner.run(TestRunner.java:591)
	at org.testng.SuiteRunner.runTest(SuiteRunner.java:402)
	at org.testng.SuiteRunner.runSequentially(SuiteRunner.java:396)
	at org.testng.SuiteRunner.privateRun(SuiteRunner.java:355)
	at org.testng.SuiteRunner.run(SuiteRunner.java:304)
	at org.testng.SuiteRunnerWorker.runSuite(SuiteRunnerWorker.java:53)
	at org.testng.SuiteRunnerWorker.run(SuiteRunnerWorker.java:96)
	at org.testng.TestNG.runSuitesSequentially(TestNG.java:1180)
	at org.testng.TestNG.runSuitesLocally(TestNG.java:1102)
	at org.testng.TestNG.runSuites(TestNG.java:1032)
	at org.testng.TestNG.run(TestNG.java:1000)
	at org.testng.remote.AbstractRemoteTestNG.run(AbstractRemoteTestNG.java:115)
	at org.testng.remote.RemoteTestNG.initAndRun(RemoteTestNG.java:251)
	at org.testng.remote.RemoteTestNG.main(RemoteTestNG.java:77)
</pre></div></td>
<td>10</td>
<td>GT.GT.AccountPageTest@63440df3</td></tr>
<tr>
<td title='GT.GT.CreateAndCallGroupTest.verifyHistoryOfGroup()'><b>verifyHistoryOfGroup</b><br>Test class: GT.GT.CreateAndCallGroupTest</td>
<td><div><pre>java.lang.NumberFormatException: For input string: &quot;&quot;
	at java.lang.NumberFormatException.forInputString(Unknown Source)
	at java.lang.Integer.parseInt(Unknown Source)
	at java.lang.Integer.parseInt(Unknown Source)
	at GT.GT.GrpTalks.groupTotalDialOutMinsOnHistory(GrpTalks.java:901)
	at GT.GT.CreateAndCallGroupTest.verifyHistoryOfGroup(CreateAndCallGroupTest.java:2486)
	at java.util.ArrayList.forEach(Unknown Source)
... Removed 27 stack frames</pre></div><a href='#' onClick='toggleBox("stack-trace257749659", this, "Click to show all stack frames", "Click to hide stack frames")'>Click to show all stack frames</a>
<div class='stack-trace' id='stack-trace257749659'><pre>java.lang.NumberFormatException: For input string: &quot;&quot;
	at java.lang.NumberFormatException.forInputString(Unknown Source)
	at java.lang.Integer.parseInt(Unknown Source)
	at java.lang.Integer.parseInt(Unknown Source)
	at GT.GT.GrpTalks.groupTotalDialOutMinsOnHistory(GrpTalks.java:901)
	at GT.GT.CreateAndCallGroupTest.verifyHistoryOfGroup(CreateAndCallGroupTest.java:2486)
	at sun.reflect.NativeMethodAccessorImpl.invoke0(Native Method)
	at sun.reflect.NativeMethodAccessorImpl.invoke(Unknown Source)
	at sun.reflect.DelegatingMethodAccessorImpl.invoke(Unknown Source)
	at java.lang.reflect.Method.invoke(Unknown Source)
	at org.testng.internal.MethodInvocationHelper.invokeMethod(MethodInvocationHelper.java:133)
	at org.testng.internal.TestInvoker.invokeMethod(TestInvoker.java:584)
	at org.testng.internal.TestInvoker.invokeTestMethod(TestInvoker.java:172)
	at org.testng.internal.MethodRunner.runInSequence(MethodRunner.java:46)
	at org.testng.internal.TestInvoker$MethodInvocationAgent.invoke(TestInvoker.java:804)
	at org.testng.internal.TestInvoker.invokeTestMethods(TestInvoker.java:145)
	at org.testng.internal.TestMethodWorker.invokeTestMethods(TestMethodWorker.java:146)
	at org.testng.internal.TestMethodWorker.run(TestMethodWorker.java:128)
	at java.util.ArrayList.forEach(Unknown Source)
	at org.testng.TestRunner.privateRun(TestRunner.java:770)
	at org.testng.TestRunner.run(TestRunner.java:591)
	at org.testng.SuiteRunner.runTest(SuiteRunner.java:402)
	at org.testng.SuiteRunner.runSequentially(SuiteRunner.java:396)
	at org.testng.SuiteRunner.privateRun(SuiteRunner.java:355)
	at org.testng.SuiteRunner.run(SuiteRunner.java:304)
	at org.testng.SuiteRunnerWorker.runSuite(SuiteRunnerWorker.java:53)
	at org.testng.SuiteRunnerWorker.run(SuiteRunnerWorker.java:96)
	at org.testng.TestNG.runSuitesSequentially(TestNG.java:1180)
	at org.testng.TestNG.runSuitesLocally(TestNG.java:1102)
	at org.testng.TestNG.runSuites(TestNG.java:1032)
	at org.testng.TestNG.run(TestNG.java:1000)
	at org.testng.remote.AbstractRemoteTestNG.run(AbstractRemoteTestNG.java:115)
	at org.testng.remote.RemoteTestNG.initAndRun(RemoteTestNG.java:251)
	at org.testng.remote.RemoteTestNG.main(RemoteTestNG.java:77)
</pre></div></td>
<td>11</td>
<td>GT.GT.CreateAndCallGroupTest@396e2f39</td></tr>
<tr>
<td title='GT.GT.CreateAndCallGroupTest.verifyPrivateRoomFuntionalityInLiveCallListView()'><b>verifyPrivateRoomFuntionalityInLiveCallListView</b><br>Test class: GT.GT.CreateAndCallGroupTest</td>
<td><div><pre>org.openqa.selenium.NoSuchElementException: no such element: Unable to locate element: {&quot;method&quot;:&quot;xpath&quot;,&quot;selector&quot;:&quot;//td[@class=&apos;text-center privateRoomBadgeTb&apos;]//span[@class=&apos;pull - left private_icn&apos;]&quot;}
  (Session info: chrome=78.0.3904.108)
  (Driver info: chromedriver=2.43.600210 (68dcf5eebde37173d4027fa8635e332711d2874a),platform=Windows NT 10.0.17763 x86_64) (WARNING: The server did not provide any stacktrace information)
Command duration or timeout: 0 milliseconds
For documentation on this error, please visit: http://seleniumhq.org/exceptions/no_such_element.html
Build info: version: &apos;3.10.0&apos;, revision: &apos;176b4a9&apos;, time: &apos;2018-03-02T19:03:16.397Z&apos;
System info: host: &apos;DESKTOP-U3PMRBE&apos;, ip: &apos;169.254.86.53&apos;, os.name: &apos;Windows 10&apos;, os.arch: &apos;amd64&apos;, os.version: &apos;10.0&apos;, java.version: &apos;1.8.0_221&apos;
Driver info: org.openqa.selenium.chrome.ChromeDriver
Capabilities {acceptInsecureCerts: false, acceptSslCerts: false, applicationCacheEnabled: false, browserConnectionEnabled: false, browserName: chrome, chrome: {chromedriverVersion: 2.43.600210 (68dcf5eebde371..., userDataDir: C:\Users\smsc\AppData\Local...}, cssSelectorsEnabled: true, databaseEnabled: false, goog:chromeOptions: {debuggerAddress: localhost:12434}, handlesAlerts: true, hasTouchScreen: false, javascriptEnabled: true, locationContextEnabled: true, mobileEmulationEnabled: false, nativeEvents: true, networkConnectionEnabled: false, pageLoadStrategy: normal, platform: XP, platformName: XP, rotatable: false, setWindowRect: true, takesHeapSnapshot: true, takesScreenshot: true, unexpectedAlertBehaviour: , unhandledPromptBehavior: , version: 78.0.3904.108, webStorageEnabled: true}
Session ID: 2ba5b836e46ed9f0519fd2a3ffb71725
*** Element info: {Using=xpath, value=//td[@class=&apos;text-center privateRoomBadgeTb&apos;]//span[@class=&apos;pull - left private_icn&apos;]}
	at org.openqa.selenium.remote.ErrorHandler.createThrowable(ErrorHandler.java:214)
	at org.openqa.selenium.remote.ErrorHandler.throwIfResponseFailed(ErrorHandler.java:166)
	at org.openqa.selenium.remote.http.JsonHttpResponseCodec.reconstructValue(JsonHttpResponseCodec.java:40)
	at org.openqa.selenium.remote.http.AbstractHttpResponseCodec.decode(AbstractHttpResponseCodec.java:80)
	at org.openqa.selenium.remote.http.AbstractHttpResponseCodec.decode(AbstractHttpResponseCodec.java:44)
	at org.openqa.selenium.remote.HttpCommandExecutor.execute(HttpCommandExecutor.java:160)
	at org.openqa.selenium.remote.service.DriverCommandExecutor.execute(DriverCommandExecutor.java:83)
	at org.openqa.selenium.remote.RemoteWebDriver.execute(RemoteWebDriver.java:601)
	at org.openqa.selenium.remote.RemoteWebDriver.findElement(RemoteWebDriver.java:371)
	at org.openqa.selenium.remote.RemoteWebDriver.findElementByXPath(RemoteWebDriver.java:473)
	at org.openqa.selenium.By$ByXPath.findElement(By.java:361)
	at org.openqa.selenium.remote.RemoteWebDriver.findElement(RemoteWebDriver.java:363)
	at GT.GT.GrpTalks.participantMovingBackTocallInListView(GrpTalks.java:483)
	at GT.GT.CreateAndCallGroupTest.verifyPrivateRoomFuntionalityInLiveCallListView(CreateAndCallGroupTest.java:3871)
	at java.util.ArrayList.forEach(Unknown Source)
... Removed 31 stack frames</pre></div><a href='#' onClick='toggleBox("stack-trace1802415698", this, "Click to show all stack frames", "Click to hide stack frames")'>Click to show all stack frames</a>
<div class='stack-trace' id='stack-trace1802415698'><pre>org.openqa.selenium.NoSuchElementException: no such element: Unable to locate element: {&quot;method&quot;:&quot;xpath&quot;,&quot;selector&quot;:&quot;//td[@class=&apos;text-center privateRoomBadgeTb&apos;]//span[@class=&apos;pull - left private_icn&apos;]&quot;}
  (Session info: chrome=78.0.3904.108)
  (Driver info: chromedriver=2.43.600210 (68dcf5eebde37173d4027fa8635e332711d2874a),platform=Windows NT 10.0.17763 x86_64) (WARNING: The server did not provide any stacktrace information)
Command duration or timeout: 0 milliseconds
For documentation on this error, please visit: http://seleniumhq.org/exceptions/no_such_element.html
Build info: version: &apos;3.10.0&apos;, revision: &apos;176b4a9&apos;, time: &apos;2018-03-02T19:03:16.397Z&apos;
System info: host: &apos;DESKTOP-U3PMRBE&apos;, ip: &apos;169.254.86.53&apos;, os.name: &apos;Windows 10&apos;, os.arch: &apos;amd64&apos;, os.version: &apos;10.0&apos;, java.version: &apos;1.8.0_221&apos;
Driver info: org.openqa.selenium.chrome.ChromeDriver
Capabilities {acceptInsecureCerts: false, acceptSslCerts: false, applicationCacheEnabled: false, browserConnectionEnabled: false, browserName: chrome, chrome: {chromedriverVersion: 2.43.600210 (68dcf5eebde371..., userDataDir: C:\Users\smsc\AppData\Local...}, cssSelectorsEnabled: true, databaseEnabled: false, goog:chromeOptions: {debuggerAddress: localhost:12434}, handlesAlerts: true, hasTouchScreen: false, javascriptEnabled: true, locationContextEnabled: true, mobileEmulationEnabled: false, nativeEvents: true, networkConnectionEnabled: false, pageLoadStrategy: normal, platform: XP, platformName: XP, rotatable: false, setWindowRect: true, takesHeapSnapshot: true, takesScreenshot: true, unexpectedAlertBehaviour: , unhandledPromptBehavior: , version: 78.0.3904.108, webStorageEnabled: true}
Session ID: 2ba5b836e46ed9f0519fd2a3ffb71725
*** Element info: {Using=xpath, value=//td[@class=&apos;text-center privateRoomBadgeTb&apos;]//span[@class=&apos;pull - left private_icn&apos;]}
	at sun.reflect.NativeConstructorAccessorImpl.newInstance0(Native Method)
	at sun.reflect.NativeConstructorAccessorImpl.newInstance(Unknown Source)
	at sun.reflect.DelegatingConstructorAccessorImpl.newInstance(Unknown Source)
	at java.lang.reflect.Constructor.newInstance(Unknown Source)
	at org.openqa.selenium.remote.ErrorHandler.createThrowable(ErrorHandler.java:214)
	at org.openqa.selenium.remote.ErrorHandler.throwIfResponseFailed(ErrorHandler.java:166)
	at org.openqa.selenium.remote.http.JsonHttpResponseCodec.reconstructValue(JsonHttpResponseCodec.java:40)
	at org.openqa.selenium.remote.http.AbstractHttpResponseCodec.decode(AbstractHttpResponseCodec.java:80)
	at org.openqa.selenium.remote.http.AbstractHttpResponseCodec.decode(AbstractHttpResponseCodec.java:44)
	at org.openqa.selenium.remote.HttpCommandExecutor.execute(HttpCommandExecutor.java:160)
	at org.openqa.selenium.remote.service.DriverCommandExecutor.execute(DriverCommandExecutor.java:83)
	at org.openqa.selenium.remote.RemoteWebDriver.execute(RemoteWebDriver.java:601)
	at org.openqa.selenium.remote.RemoteWebDriver.findElement(RemoteWebDriver.java:371)
	at org.openqa.selenium.remote.RemoteWebDriver.findElementByXPath(RemoteWebDriver.java:473)
	at org.openqa.selenium.By$ByXPath.findElement(By.java:361)
	at org.openqa.selenium.remote.RemoteWebDriver.findElement(RemoteWebDriver.java:363)
	at GT.GT.GrpTalks.participantMovingBackTocallInListView(GrpTalks.java:483)
	at GT.GT.CreateAndCallGroupTest.verifyPrivateRoomFuntionalityInLiveCallListView(CreateAndCallGroupTest.java:3871)
	at sun.reflect.NativeMethodAccessorImpl.invoke0(Native Method)
	at sun.reflect.NativeMethodAccessorImpl.invoke(Unknown Source)
	at sun.reflect.DelegatingMethodAccessorImpl.invoke(Unknown Source)
	at java.lang.reflect.Method.invoke(Unknown Source)
	at org.testng.internal.MethodInvocationHelper.invokeMethod(MethodInvocationHelper.java:133)
	at org.testng.internal.TestInvoker.invokeMethod(TestInvoker.java:584)
	at org.testng.internal.TestInvoker.invokeTestMethod(TestInvoker.java:172)
	at org.testng.internal.MethodRunner.runInSequence(MethodRunner.java:46)
	at org.testng.internal.TestInvoker$MethodInvocationAgent.invoke(TestInvoker.java:804)
	at org.testng.internal.TestInvoker.invokeTestMethods(TestInvoker.java:145)
	at org.testng.internal.TestMethodWorker.invokeTestMethods(TestMethodWorker.java:146)
	at org.testng.internal.TestMethodWorker.run(TestMethodWorker.java:128)
	at java.util.ArrayList.forEach(Unknown Source)
	at org.testng.TestRunner.privateRun(TestRunner.java:770)
	at org.testng.TestRunner.run(TestRunner.java:591)
	at org.testng.SuiteRunner.runTest(SuiteRunner.java:402)
	at org.testng.SuiteRunner.runSequentially(SuiteRunner.java:396)
	at org.testng.SuiteRunner.privateRun(SuiteRunner.java:355)
	at org.testng.SuiteRunner.run(SuiteRunner.java:304)
	at org.testng.SuiteRunnerWorker.runSuite(SuiteRunnerWorker.java:53)
	at org.testng.SuiteRunnerWorker.run(SuiteRunnerWorker.java:96)
	at org.testng.TestNG.runSuitesSequentially(TestNG.java:1180)
	at org.testng.TestNG.runSuitesLocally(TestNG.java:1102)
	at org.testng.TestNG.runSuites(TestNG.java:1032)
	at org.testng.TestNG.run(TestNG.java:1000)
	at org.testng.remote.AbstractRemoteTestNG.run(AbstractRemoteTestNG.java:115)
	at org.testng.remote.RemoteTestNG.initAndRun(RemoteTestNG.java:251)
	at org.testng.remote.RemoteTestNG.main(RemoteTestNG.java:77)
</pre></div></td>
<td>109</td>
<td>GT.GT.CreateAndCallGroupTest@396e2f39</td></tr>
<tr>
<td title='GT.GT.CreateAndCallGroupTest.verifySelectSpecificCharacterOfContactsInPhoneContacts()'><b>verifySelectSpecificCharacterOfContactsInPhoneContacts</b><br>Test class: GT.GT.CreateAndCallGroupTest</td>
<td><div><pre>java.lang.StringIndexOutOfBoundsException: String index out of range: 0
	at java.lang.String.charAt(Unknown Source)
	at GT.GT.CreatingGroup.verifyContactsStartsWithSpecialCharacters(CreatingGroup.java:521)
	at GT.GT.CreateAndCallGroupTest.verifySelectSpecificCharacterOfContactsInPhoneContacts(CreateAndCallGroupTest.java:794)
	at java.util.ArrayList.forEach(Unknown Source)
... Removed 27 stack frames</pre></div><a href='#' onClick='toggleBox("stack-trace1239593925", this, "Click to show all stack frames", "Click to hide stack frames")'>Click to show all stack frames</a>
<div class='stack-trace' id='stack-trace1239593925'><pre>java.lang.StringIndexOutOfBoundsException: String index out of range: 0
	at java.lang.String.charAt(Unknown Source)
	at GT.GT.CreatingGroup.verifyContactsStartsWithSpecialCharacters(CreatingGroup.java:521)
	at GT.GT.CreateAndCallGroupTest.verifySelectSpecificCharacterOfContactsInPhoneContacts(CreateAndCallGroupTest.java:794)
	at sun.reflect.NativeMethodAccessorImpl.invoke0(Native Method)
	at sun.reflect.NativeMethodAccessorImpl.invoke(Unknown Source)
	at sun.reflect.DelegatingMethodAccessorImpl.invoke(Unknown Source)
	at java.lang.reflect.Method.invoke(Unknown Source)
	at org.testng.internal.MethodInvocationHelper.invokeMethod(MethodInvocationHelper.java:133)
	at org.testng.internal.TestInvoker.invokeMethod(TestInvoker.java:584)
	at org.testng.internal.TestInvoker.invokeTestMethod(TestInvoker.java:172)
	at org.testng.internal.MethodRunner.runInSequence(MethodRunner.java:46)
	at org.testng.internal.TestInvoker$MethodInvocationAgent.invoke(TestInvoker.java:804)
	at org.testng.internal.TestInvoker.invokeTestMethods(TestInvoker.java:145)
	at org.testng.internal.TestMethodWorker.invokeTestMethods(TestMethodWorker.java:146)
	at org.testng.internal.TestMethodWorker.run(TestMethodWorker.java:128)
	at java.util.ArrayList.forEach(Unknown Source)
	at org.testng.TestRunner.privateRun(TestRunner.java:770)
	at org.testng.TestRunner.run(TestRunner.java:591)
	at org.testng.SuiteRunner.runTest(SuiteRunner.java:402)
	at org.testng.SuiteRunner.runSequentially(SuiteRunner.java:396)
	at org.testng.SuiteRunner.privateRun(SuiteRunner.java:355)
	at org.testng.SuiteRunner.run(SuiteRunner.java:304)
	at org.testng.SuiteRunnerWorker.runSuite(SuiteRunnerWorker.java:53)
	at org.testng.SuiteRunnerWorker.run(SuiteRunnerWorker.java:96)
	at org.testng.TestNG.runSuitesSequentially(TestNG.java:1180)
	at org.testng.TestNG.runSuitesLocally(TestNG.java:1102)
	at org.testng.TestNG.runSuites(TestNG.java:1032)
	at org.testng.TestNG.run(TestNG.java:1000)
	at org.testng.remote.AbstractRemoteTestNG.run(AbstractRemoteTestNG.java:115)
	at org.testng.remote.RemoteTestNG.initAndRun(RemoteTestNG.java:251)
	at org.testng.remote.RemoteTestNG.main(RemoteTestNG.java:77)
</pre></div></td>
<td>15</td>
<td>GT.GT.CreateAndCallGroupTest@396e2f39</td></tr>
<tr>
<td title='GT.GT.AccountPageTest.verifyTotalAmountUsedByUser()'><b>verifyTotalAmountUsedByUser</b><br>Test class: GT.GT.AccountPageTest</td>
<td><div><pre>java.lang.AssertionError: expected:&lt;40.0&gt; but was:&lt;0.0&gt;
	at GT.GT.AccountPageTest.verifyTotalAmountUsedByUser(AccountPageTest.java:253)
	at java.util.ArrayList.forEach(Unknown Source)
... Removed 31 stack frames</pre></div><a href='#' onClick='toggleBox("stack-trace1363989824", this, "Click to show all stack frames", "Click to hide stack frames")'>Click to show all stack frames</a>
<div class='stack-trace' id='stack-trace1363989824'><pre>java.lang.AssertionError: expected:&lt;40.0&gt; but was:&lt;0.0&gt;
	at org.testng.AssertJUnit.fail(AssertJUnit.java:47)
	at org.testng.AssertJUnit.failNotEquals(AssertJUnit.java:330)
	at org.testng.AssertJUnit.assertEquals(AssertJUnit.java:66)
	at org.testng.AssertJUnit.assertEquals(AssertJUnit.java:71)
	at GT.GT.AccountPageTest.verifyTotalAmountUsedByUser(AccountPageTest.java:253)
	at sun.reflect.NativeMethodAccessorImpl.invoke0(Native Method)
	at sun.reflect.NativeMethodAccessorImpl.invoke(Unknown Source)
	at sun.reflect.DelegatingMethodAccessorImpl.invoke(Unknown Source)
	at java.lang.reflect.Method.invoke(Unknown Source)
	at org.testng.internal.MethodInvocationHelper.invokeMethod(MethodInvocationHelper.java:133)
	at org.testng.internal.TestInvoker.invokeMethod(TestInvoker.java:584)
	at org.testng.internal.TestInvoker.invokeTestMethod(TestInvoker.java:172)
	at org.testng.internal.MethodRunner.runInSequence(MethodRunner.java:46)
	at org.testng.internal.TestInvoker$MethodInvocationAgent.invoke(TestInvoker.java:804)
	at org.testng.internal.TestInvoker.invokeTestMethods(TestInvoker.java:145)
	at org.testng.internal.TestMethodWorker.invokeTestMethods(TestMethodWorker.java:146)
	at org.testng.internal.TestMethodWorker.run(TestMethodWorker.java:128)
	at java.util.ArrayList.forEach(Unknown Source)
	at org.testng.TestRunner.privateRun(TestRunner.java:770)
	at org.testng.TestRunner.run(TestRunner.java:591)
	at org.testng.SuiteRunner.runTest(SuiteRunner.java:402)
	at org.testng.SuiteRunner.runSequentially(SuiteRunner.java:396)
	at org.testng.SuiteRunner.privateRun(SuiteRunner.java:355)
	at org.testng.SuiteRunner.run(SuiteRunner.java:304)
	at org.testng.SuiteRunnerWorker.runSuite(SuiteRunnerWorker.java:53)
	at org.testng.SuiteRunnerWorker.run(SuiteRunnerWorker.java:96)
	at org.testng.TestNG.runSuitesSequentially(TestNG.java:1180)
	at org.testng.TestNG.runSuitesLocally(TestNG.java:1102)
	at org.testng.TestNG.runSuites(TestNG.java:1032)
	at org.testng.TestNG.run(TestNG.java:1000)
	at org.testng.remote.AbstractRemoteTestNG.run(AbstractRemoteTestNG.java:115)
	at org.testng.remote.RemoteTestNG.initAndRun(RemoteTestNG.java:251)
	at org.testng.remote.RemoteTestNG.main(RemoteTestNG.java:77)
</pre></div></td>
<td>118</td>
<td>GT.GT.AccountPageTest@63440df3</td></tr>
<tr>
<td title='GT.GT.CreateAndCallGroupTest.verifyUnMuteFromMuteDialfunctionalityInGrpCall()'><b>verifyUnMuteFromMuteDialfunctionalityInGrpCall</b><br>Test class: GT.GT.CreateAndCallGroupTest</td>
<td><div><pre>java.lang.AssertionError: expected [11] but found [10]
	at GT.GT.CreateAndCallGroupTest.verifyUnMuteFromMuteDialfunctionalityInGrpCall(CreateAndCallGroupTest.java:2144)
	at java.util.ArrayList.forEach(Unknown Source)
... Removed 32 stack frames</pre></div><a href='#' onClick='toggleBox("stack-trace630949334", this, "Click to show all stack frames", "Click to hide stack frames")'>Click to show all stack frames</a>
<div class='stack-trace' id='stack-trace630949334'><pre>java.lang.AssertionError: expected [11] but found [10]
	at org.testng.Assert.fail(Assert.java:97)
	at org.testng.Assert.assertEqualsImpl(Assert.java:136)
	at org.testng.Assert.assertEquals(Assert.java:118)
	at org.testng.Assert.assertEquals(Assert.java:839)
	at org.testng.Assert.assertEquals(Assert.java:849)
	at GT.GT.CreateAndCallGroupTest.verifyUnMuteFromMuteDialfunctionalityInGrpCall(CreateAndCallGroupTest.java:2144)
	at sun.reflect.NativeMethodAccessorImpl.invoke0(Native Method)
	at sun.reflect.NativeMethodAccessorImpl.invoke(Unknown Source)
	at sun.reflect.DelegatingMethodAccessorImpl.invoke(Unknown Source)
	at java.lang.reflect.Method.invoke(Unknown Source)
	at org.testng.internal.MethodInvocationHelper.invokeMethod(MethodInvocationHelper.java:133)
	at org.testng.internal.TestInvoker.invokeMethod(TestInvoker.java:584)
	at org.testng.internal.TestInvoker.invokeTestMethod(TestInvoker.java:172)
	at org.testng.internal.MethodRunner.runInSequence(MethodRunner.java:46)
	at org.testng.internal.TestInvoker$MethodInvocationAgent.invoke(TestInvoker.java:804)
	at org.testng.internal.TestInvoker.invokeTestMethods(TestInvoker.java:145)
	at org.testng.internal.TestMethodWorker.invokeTestMethods(TestMethodWorker.java:146)
	at org.testng.internal.TestMethodWorker.run(TestMethodWorker.java:128)
	at java.util.ArrayList.forEach(Unknown Source)
	at org.testng.TestRunner.privateRun(TestRunner.java:770)
	at org.testng.TestRunner.run(TestRunner.java:591)
	at org.testng.SuiteRunner.runTest(SuiteRunner.java:402)
	at org.testng.SuiteRunner.runSequentially(SuiteRunner.java:396)
	at org.testng.SuiteRunner.privateRun(SuiteRunner.java:355)
	at org.testng.SuiteRunner.run(SuiteRunner.java:304)
	at org.testng.SuiteRunnerWorker.runSuite(SuiteRunnerWorker.java:53)
	at org.testng.SuiteRunnerWorker.run(SuiteRunnerWorker.java:96)
	at org.testng.TestNG.runSuitesSequentially(TestNG.java:1180)
	at org.testng.TestNG.runSuitesLocally(TestNG.java:1102)
	at org.testng.TestNG.runSuites(TestNG.java:1032)
	at org.testng.TestNG.run(TestNG.java:1000)
	at org.testng.remote.AbstractRemoteTestNG.run(AbstractRemoteTestNG.java:115)
	at org.testng.remote.RemoteTestNG.initAndRun(RemoteTestNG.java:251)
	at org.testng.remote.RemoteTestNG.main(RemoteTestNG.java:77)
</pre></div></td>
<td>130</td>
<td>GT.GT.CreateAndCallGroupTest@396e2f39</td></tr>
</table><p>
<table width='100%' border='1' class='invocation-passed'>
<tr><td colspan='4' align='center'><b>PASSED TESTS</b></td></tr>
<tr><td><b>Test method</b></td>
<td width="30%"><b>Exception</b></td>
<td width="10%"><b>Time (seconds)</b></td>
<td><b>Instance</b></td>
</tr>
<tr>
<td title='GT.GT.CreateAndCallGroupTest.VerifyAllowNonMembersOptionInAdvancedSettingsOnOverlayInEditGrpTalk()'><b>VerifyAllowNonMembersOptionInAdvancedSettingsOnOverlayInEditGrpTalk</b><br>Test class: GT.GT.CreateAndCallGroupTest</td>
<td></td>
<td>39</td>
<td>GT.GT.CreateAndCallGroupTest@396e2f39</td></tr>
<tr>
<td title='GT.GT.CreateAndCallGroupTest.VerifyAssignCallManagerOptionInAdvancedSettingsOnOverlayForSchedule()'><b>VerifyAssignCallManagerOptionInAdvancedSettingsOnOverlayForSchedule</b><br>Test class: GT.GT.CreateAndCallGroupTest</td>
<td></td>
<td>23</td>
<td>GT.GT.CreateAndCallGroupTest@396e2f39</td></tr>
<tr>
<td title='GT.GT.CreateAndCallGroupTest.VerifyDialInOptionAndAllowNonMembersOptionInAdvancedSettingsOnOverlayInEditGrpTalk()'><b>VerifyDialInOptionAndAllowNonMembersOptionInAdvancedSettingsOnOverlayInEditGrpTalk</b><br>Test class: GT.GT.CreateAndCallGroupTest</td>
<td></td>
<td>39</td>
<td>GT.GT.CreateAndCallGroupTest@396e2f39</td></tr>
<tr>
<td title='GT.GT.CreateAndCallGroupTest.VerifyDialInOptionInAdvancedSettingsOnOverlayForSchedule()'><b>VerifyDialInOptionInAdvancedSettingsOnOverlayForSchedule</b><br>Test class: GT.GT.CreateAndCallGroupTest</td>
<td></td>
<td>48</td>
<td>GT.GT.CreateAndCallGroupTest@396e2f39</td></tr>
<tr>
<td title='GT.GT.CreateAndCallGroupTest.VerifyDialInOptionInAdvancedSettingsOnOverlayInEditGrpTalk()'><b>VerifyDialInOptionInAdvancedSettingsOnOverlayInEditGrpTalk</b><br>Test class: GT.GT.CreateAndCallGroupTest</td>
<td></td>
<td>39</td>
<td>GT.GT.CreateAndCallGroupTest@396e2f39</td></tr>
<tr>
<td title='GT.GT.AccountPageTest.checkAccountDetails()'><b>checkAccountDetails</b><br>Test class: GT.GT.AccountPageTest</td>
<td></td>
<td>6</td>
<td>GT.GT.AccountPageTest@63440df3</td></tr>
<tr>
<td title='GT.GT.CreateAndCallGroupTest.createAndSaveTheGroup()'><b>createAndSaveTheGroup</b><br>Test class: GT.GT.CreateAndCallGroupTest</td>
<td></td>
<td>19</td>
<td>GT.GT.CreateAndCallGroupTest@396e2f39</td></tr>
<tr>
<td title='GT.GT.CreateAndCallGroupTest.createAndSaveTheGroupByLeaveGroupName()'><b>createAndSaveTheGroupByLeaveGroupName</b><br>Test class: GT.GT.CreateAndCallGroupTest</td>
<td></td>
<td>19</td>
<td>GT.GT.CreateAndCallGroupTest@396e2f39</td></tr>
<tr>
<td title='GT.GT.CreateAndCallGroupTest.method11()'><b>method11</b><br>Test class: GT.GT.CreateAndCallGroupTest</td>
<td></td>
<td>13</td>
<td>GT.GT.CreateAndCallGroupTest@396e2f39</td></tr>
<tr>
<td title='GT.GT.CreateAndCallGroupTest.removeLeaveGroup()'><b>removeLeaveGroup</b><br>Test class: GT.GT.CreateAndCallGroupTest</td>
<td></td>
<td>8</td>
<td>GT.GT.CreateAndCallGroupTest@396e2f39</td></tr>
<tr>
<td title='GT.GT.AccountPageTest.verifyAccountManagerFunctionalityInAccountManagersTab()'><b>verifyAccountManagerFunctionalityInAccountManagersTab</b><br>Test class: GT.GT.AccountPageTest</td>
<td></td>
<td>43</td>
<td>GT.GT.AccountPageTest@63440df3</td></tr>
<tr>
<td title='GT.GT.AccountPageTest.verifyAddAccountManagerFunctionalityByGivingNonRegisteredNumberInAccountManagersTab()'><b>verifyAddAccountManagerFunctionalityByGivingNonRegisteredNumberInAccountManagersTab</b><br>Test class: GT.GT.AccountPageTest</td>
<td></td>
<td>7</td>
<td>GT.GT.AccountPageTest@63440df3</td></tr>
<tr>
<td title='GT.GT.AccountPageTest.verifyAddBalanceFunctionalityToExistingSubAccountInSubAccountsTab()'><b>verifyAddBalanceFunctionalityToExistingSubAccountInSubAccountsTab</b><br>Test class: GT.GT.AccountPageTest</td>
<td></td>
<td>12</td>
<td>GT.GT.AccountPageTest@63440df3</td></tr>
<tr>
<td title='GT.GT.ContactsPageTest.verifyAddContactsFromAddContactsTabOnOverlay()'><b>verifyAddContactsFromAddContactsTabOnOverlay</b><br>Test class: GT.GT.ContactsPageTest</td>
<td></td>
<td>23</td>
<td>GT.GT.ContactsPageTest@2a556333</td></tr>
<tr>
<td title='GT.GT.CreateAndCallGroupTest.verifyAddContactsFromContactsListByEditngSavedGroupOnMyGrpTalkPage()'><b>verifyAddContactsFromContactsListByEditngSavedGroupOnMyGrpTalkPage</b><br>Test class: GT.GT.CreateAndCallGroupTest</td>
<td></td>
<td>34</td>
<td>GT.GT.CreateAndCallGroupTest@396e2f39</td></tr>
<tr>
<td title='GT.GT.ContactsPageTest.verifyAddContactsFromMobileContactsTabOnOverlay()'><b>verifyAddContactsFromMobileContactsTabOnOverlay</b><br>Test class: GT.GT.ContactsPageTest</td>
<td></td>
<td>23</td>
<td>GT.GT.ContactsPageTest@2a556333</td></tr>
<tr>
<td title='GT.GT.ContactsPageTest.verifyAddContactsFromWebListsTabOnOverlay()'><b>verifyAddContactsFromWebListsTabOnOverlay</b><br>Test class: GT.GT.ContactsPageTest</td>
<td></td>
<td>26</td>
<td>GT.GT.ContactsPageTest@2a556333</td></tr>
<tr>
<td title='GT.GT.CreateAndCallGroupTest.verifyAddMemberInOnGoingGrpCallFromCreateGroupTalkPageByCreatingNewGroup()'><b>verifyAddMemberInOnGoingGrpCallFromCreateGroupTalkPageByCreatingNewGroup</b><br>Test class: GT.GT.CreateAndCallGroupTest</td>
<td></td>
<td>150</td>
<td>GT.GT.CreateAndCallGroupTest@396e2f39</td></tr>
<tr>
<td title='GT.GT.CreateAndCallGroupTest.verifyAddMemberInOnGoingGrpCallThroughContacts()'><b>verifyAddMemberInOnGoingGrpCallThroughContacts</b><br>Test class: GT.GT.CreateAndCallGroupTest</td>
<td></td>
<td>137</td>
<td>GT.GT.CreateAndCallGroupTest@396e2f39</td></tr>
<tr>
<td title='GT.GT.CreateAndCallGroupTest.verifyAddMemberInOnGoingGrpCallThroughWebList()'><b>verifyAddMemberInOnGoingGrpCallThroughWebList</b><br>Test class: GT.GT.CreateAndCallGroupTest</td>
<td></td>
<td>150</td>
<td>GT.GT.CreateAndCallGroupTest@396e2f39</td></tr>
<tr>
<td title='GT.GT.AccountPageTest.verifyAddSubAccountFunctionalityByGivingNonRegisteredNumberInSubAccountsTab()'><b>verifyAddSubAccountFunctionalityByGivingNonRegisteredNumberInSubAccountsTab</b><br>Test class: GT.GT.AccountPageTest</td>
<td></td>
<td>6</td>
<td>GT.GT.AccountPageTest@63440df3</td></tr>
<tr>
<td title='GT.GT.AccountPageTest.verifyAddSubAccountFunctionalityInSubAccountsTab()'><b>verifyAddSubAccountFunctionalityInSubAccountsTab</b><br>Test class: GT.GT.AccountPageTest</td>
<td></td>
<td>10</td>
<td>GT.GT.AccountPageTest@63440df3</td></tr>
<tr>
<td title='GT.GT.AccountPageTest.verifyAddSubAccountFunctionalityWithAlreadyExistedMainAccount()'><b>verifyAddSubAccountFunctionalityWithAlreadyExistedMainAccount</b><br>Test class: GT.GT.AccountPageTest</td>
<td></td>
<td>6</td>
<td>GT.GT.AccountPageTest@63440df3</td></tr>
<tr>
<td title='GT.GT.AccountPageTest.verifyAddSubAccountFunctionalityWithAlreadyExistedSubAccount()'><b>verifyAddSubAccountFunctionalityWithAlreadyExistedSubAccount</b><br>Test class: GT.GT.AccountPageTest</td>
<td></td>
<td>6</td>
<td>GT.GT.AccountPageTest@63440df3</td></tr>
<tr>
<td title='GT.GT.ContactsPageTest.verifyAddduplicateContactsFromAddContactsTabOnOverlay()'><b>verifyAddduplicateContactsFromAddContactsTabOnOverlay</b><br>Test class: GT.GT.ContactsPageTest</td>
<td></td>
<td>46</td>
<td>GT.GT.ContactsPageTest@2a556333</td></tr>
<tr>
<td title='GT.GT.AccountPageTest.verifyAllAndRechargesTabsOnMyAccountPage()'><b>verifyAllAndRechargesTabsOnMyAccountPage</b><br>Test class: GT.GT.AccountPageTest</td>
<td></td>
<td>6</td>
<td>GT.GT.AccountPageTest@63440df3</td></tr>
<tr>
<td title='GT.GT.CreateAndCallGroupTest.verifyAllButtonsDisplayedOnCallOverlay()'><b>verifyAllButtonsDisplayedOnCallOverlay</b><br>Test class: GT.GT.CreateAndCallGroupTest</td>
<td></td>
<td>11</td>
<td>GT.GT.CreateAndCallGroupTest@396e2f39</td></tr>
<tr>
<td title='GT.GT.AccountPageTest.verifyAllTabsAreDisplayedOnMyAccountPage()'><b>verifyAllTabsAreDisplayedOnMyAccountPage</b><br>Test class: GT.GT.AccountPageTest</td>
<td></td>
<td>6</td>
<td>GT.GT.AccountPageTest@63440df3</td></tr>
<tr>
<td title='GT.GT.CreateAndCallGroupTest.verifyCallFunctionalityFromAllMembersTab()'><b>verifyCallFunctionalityFromAllMembersTab</b><br>Test class: GT.GT.CreateAndCallGroupTest</td>
<td></td>
<td>264</td>
<td>GT.GT.CreateAndCallGroupTest@396e2f39</td></tr>
<tr>
<td title='GT.GT.CreateAndCallGroupTest.verifyCallFunctionalityFromAllMembersTabInListView()'><b>verifyCallFunctionalityFromAllMembersTabInListView</b><br>Test class: GT.GT.CreateAndCallGroupTest</td>
<td></td>
<td>199</td>
<td>GT.GT.CreateAndCallGroupTest@396e2f39</td></tr>
<tr>
<td title='GT.GT.CreateAndCallGroupTest.verifyCallFunctionalityFromCreateGroupTalkPageByCreatingNewGroup()'><b>verifyCallFunctionalityFromCreateGroupTalkPageByCreatingNewGroup</b><br>Test class: GT.GT.CreateAndCallGroupTest</td>
<td></td>
<td>93</td>
<td>GT.GT.CreateAndCallGroupTest@396e2f39</td></tr>
<tr>
<td title='GT.GT.CreateAndCallGroupTest.verifyCallFunctionalityFromOnCallTab()'><b>verifyCallFunctionalityFromOnCallTab</b><br>Test class: GT.GT.CreateAndCallGroupTest</td>
<td></td>
<td>269</td>
<td>GT.GT.CreateAndCallGroupTest@396e2f39</td></tr>
<tr>
<td title='GT.GT.CreateAndCallGroupTest.verifyCallFunctionalityFromOnCallTabInListView()'><b>verifyCallFunctionalityFromOnCallTabInListView</b><br>Test class: GT.GT.CreateAndCallGroupTest</td>
<td></td>
<td>220</td>
<td>GT.GT.CreateAndCallGroupTest@396e2f39</td></tr>
<tr>
<td title='GT.GT.CreateAndCallGroupTest.verifyCallFunctionalityFromQuickDialButtonInMyGrpTalk()'><b>verifyCallFunctionalityFromQuickDialButtonInMyGrpTalk</b><br>Test class: GT.GT.CreateAndCallGroupTest</td>
<td></td>
<td>134</td>
<td>GT.GT.CreateAndCallGroupTest@396e2f39</td></tr>
<tr>
<td title='GT.GT.CreateAndCallGroupTest.verifyCallFunctionalityOfContactsFromCreateGroupTalkPage()'><b>verifyCallFunctionalityOfContactsFromCreateGroupTalkPage</b><br>Test class: GT.GT.CreateAndCallGroupTest</td>
<td></td>
<td>242</td>
<td>GT.GT.CreateAndCallGroupTest@396e2f39</td></tr>
<tr>
<td title='GT.GT.CreateAndCallGroupTest.verifyCallFunctionalityOfDialAllButtonInCallEndedTab()'><b>verifyCallFunctionalityOfDialAllButtonInCallEndedTab</b><br>Test class: GT.GT.CreateAndCallGroupTest</td>
<td></td>
<td>130</td>
<td>GT.GT.CreateAndCallGroupTest@396e2f39</td></tr>
<tr>
<td title='GT.GT.CreateAndCallGroupTest.verifyCallFunctionalityOfIndividualDialInCallEndedTab()'><b>verifyCallFunctionalityOfIndividualDialInCallEndedTab</b><br>Test class: GT.GT.CreateAndCallGroupTest</td>
<td></td>
<td>184</td>
<td>GT.GT.CreateAndCallGroupTest@396e2f39</td></tr>
<tr>
<td title='GT.GT.CreateAndCallGroupTest.verifyCallFunctionalityOfIndividualDialInCallEndedTabInListView()'><b>verifyCallFunctionalityOfIndividualDialInCallEndedTabInListView</b><br>Test class: GT.GT.CreateAndCallGroupTest</td>
<td></td>
<td>155</td>
<td>GT.GT.CreateAndCallGroupTest@396e2f39</td></tr>
<tr>
<td title='GT.GT.CreateAndCallGroupTest.verifyCallFunctionalityOfListMembers()'><b>verifyCallFunctionalityOfListMembers</b><br>Test class: GT.GT.CreateAndCallGroupTest</td>
<td></td>
<td>149</td>
<td>GT.GT.CreateAndCallGroupTest@396e2f39</td></tr>
<tr>
<td title='GT.GT.CreateAndCallGroupTest.verifyCallFunctionalityOfTestContactsFromCreateGroupTalkPage()'><b>verifyCallFunctionalityOfTestContactsFromCreateGroupTalkPage</b><br>Test class: GT.GT.CreateAndCallGroupTest</td>
<td></td>
<td>74</td>
<td>GT.GT.CreateAndCallGroupTest@396e2f39</td></tr>
<tr>
<td title='GT.GT.CreateAndCallGroupTest.verifyCallFunctionalityWhenMuteAllButtonIsClickedInUnMutedTab()'><b>verifyCallFunctionalityWhenMuteAllButtonIsClickedInUnMutedTab</b><br>Test class: GT.GT.CreateAndCallGroupTest</td>
<td></td>
<td>153</td>
<td>GT.GT.CreateAndCallGroupTest@396e2f39</td></tr>
<tr>
<td title='GT.GT.CreateAndCallGroupTest.verifyCancelOptionForScheduleGroup()'><b>verifyCancelOptionForScheduleGroup</b><br>Test class: GT.GT.CreateAndCallGroupTest</td>
<td></td>
<td>40</td>
<td>GT.GT.CreateAndCallGroupTest@396e2f39</td></tr>
<tr>
<td title='GT.GT.CreateAndCallGroupTest.verifyCanclefunctionalityOnOverlayInGrpCall()'><b>verifyCanclefunctionalityOnOverlayInGrpCall</b><br>Test class: GT.GT.CreateAndCallGroupTest</td>
<td></td>
<td>8</td>
<td>GT.GT.CreateAndCallGroupTest@396e2f39</td></tr>
<tr>
<td title='GT.GT.AccountPageTest.verifyConfigureClipsFunctionalityOnProfilePage()'><b>verifyConfigureClipsFunctionalityOnProfilePage</b><br>Test class: GT.GT.AccountPageTest</td>
<td></td>
<td>36</td>
<td>GT.GT.AccountPageTest@63440df3</td></tr>
<tr>
<td title='GT.GT.CreateAndCallGroupTest.verifyContactListInPhoneContacts()'><b>verifyContactListInPhoneContacts</b><br>Test class: GT.GT.CreateAndCallGroupTest</td>
<td></td>
<td>12</td>
<td>GT.GT.CreateAndCallGroupTest@396e2f39</td></tr>
<tr>
<td title='GT.GT.ContactsPageTest.verifyCreateListFromContactsPage()'><b>verifyCreateListFromContactsPage</b><br>Test class: GT.GT.ContactsPageTest</td>
<td></td>
<td>19</td>
<td>GT.GT.ContactsPageTest@2a556333</td></tr>
<tr>
<td title='GT.GT.ContactsPageTest.verifyCreateListFromContactsPageUsingPlusSymbol()'><b>verifyCreateListFromContactsPageUsingPlusSymbol</b><br>Test class: GT.GT.ContactsPageTest</td>
<td></td>
<td>19</td>
<td>GT.GT.ContactsPageTest@2a556333</td></tr>
<tr>
<td title='GT.GT.ContactsPageTest.verifyCreateListFromExcelUpload()'><b>verifyCreateListFromExcelUpload</b><br>Test class: GT.GT.ContactsPageTest</td>
<td></td>
<td>32</td>
<td>GT.GT.ContactsPageTest@2a556333</td></tr>
<tr>
<td title='GT.GT.CreateAndCallGroupTest.verifyCreateListFromExcelUploadOnCreateGrpPage()'><b>verifyCreateListFromExcelUploadOnCreateGrpPage</b><br>Test class: GT.GT.CreateAndCallGroupTest</td>
<td></td>
<td>28</td>
<td>GT.GT.CreateAndCallGroupTest@396e2f39</td></tr>
<tr>
<td title='GT.GT.ContactsPageTest.verifyCreateListFromExcelUploadviaedit()'><b>verifyCreateListFromExcelUploadviaedit</b><br>Test class: GT.GT.ContactsPageTest</td>
<td></td>
<td>15</td>
<td>GT.GT.ContactsPageTest@2a556333</td></tr>
<tr>
<td title='GT.GT.CreateAndCallGroupTest.verifyCreateWebLIstFromCreateGrpPage()'><b>verifyCreateWebLIstFromCreateGrpPage</b><br>Test class: GT.GT.CreateAndCallGroupTest</td>
<td></td>
<td>8</td>
<td>GT.GT.CreateAndCallGroupTest@396e2f39</td></tr>
<tr>
<td title='GT.GT.CreateAndCallGroupTest.verifyDatePickerFunctionalityForScheduleOnEditGrpTalks()'><b>verifyDatePickerFunctionalityForScheduleOnEditGrpTalks</b><br>Test class: GT.GT.CreateAndCallGroupTest</td>
<td></td>
<td>31</td>
<td>GT.GT.CreateAndCallGroupTest@396e2f39</td></tr>
<tr>
<td title='GT.GT.CreateAndCallGroupTest.verifyDatePickerFunctionalityOnEditGrpTalks()'><b>verifyDatePickerFunctionalityOnEditGrpTalks</b><br>Test class: GT.GT.CreateAndCallGroupTest</td>
<td></td>
<td>32</td>
<td>GT.GT.CreateAndCallGroupTest@396e2f39</td></tr>
<tr>
<td title='GT.GT.ContactsPageTest.verifyDeleteAddedContactsFromAddContactsTabOnOverlay()'><b>verifyDeleteAddedContactsFromAddContactsTabOnOverlay</b><br>Test class: GT.GT.ContactsPageTest</td>
<td></td>
<td>23</td>
<td>GT.GT.ContactsPageTest@2a556333</td></tr>
<tr>
<td title='GT.GT.ContactsPageTest.verifyDeleteListFromContactsPage()'><b>verifyDeleteListFromContactsPage</b><br>Test class: GT.GT.ContactsPageTest</td>
<td></td>
<td>23</td>
<td>GT.GT.ContactsPageTest@2a556333</td></tr>
<tr>
<td title='GT.GT.CreateAndCallGroupTest.verifyDeleteNormalAndMuteClipsFromScheduleGRoup()'><b>verifyDeleteNormalAndMuteClipsFromScheduleGRoup</b><br>Test class: GT.GT.CreateAndCallGroupTest</td>
<td></td>
<td>81</td>
<td>GT.GT.CreateAndCallGroupTest@396e2f39</td></tr>
<tr>
<td title='GT.GT.CreateAndCallGroupTest.verifyDialFunctionalityOfScheduleGroup()'><b>verifyDialFunctionalityOfScheduleGroup</b><br>Test class: GT.GT.CreateAndCallGroupTest</td>
<td></td>
<td>139</td>
<td>GT.GT.CreateAndCallGroupTest@396e2f39</td></tr>
<tr>
<td title='GT.GT.CreateAndCallGroupTest.verifyEditGroupWithNormalAndMuteClips()'><b>verifyEditGroupWithNormalAndMuteClips</b><br>Test class: GT.GT.CreateAndCallGroupTest</td>
<td></td>
<td>55</td>
<td>GT.GT.CreateAndCallGroupTest@396e2f39</td></tr>
<tr>
<td title='GT.GT.AccountPageTest.verifyEditUserProfile()'><b>verifyEditUserProfile</b><br>Test class: GT.GT.AccountPageTest</td>
<td></td>
<td>21</td>
<td>GT.GT.AccountPageTest@63440df3</td></tr>
<tr>
<td title='GT.GT.CreateAndCallGroupTest.verifyErrorMessageWhenJunkDataGivenInSearchBox()'><b>verifyErrorMessageWhenJunkDataGivenInSearchBox</b><br>Test class: GT.GT.CreateAndCallGroupTest</td>
<td></td>
<td>10</td>
<td>GT.GT.CreateAndCallGroupTest@396e2f39</td></tr>
<tr>
<td title='GT.GT.AccountPageTest.verifyErrorMsgOnAddSubAccountOverlayWhenMemeberLimitExceedsMainAccountMaxMemberLimit()'><b>verifyErrorMsgOnAddSubAccountOverlayWhenMemeberLimitExceedsMainAccountMaxMemberLimit</b><br>Test class: GT.GT.AccountPageTest</td>
<td></td>
<td>11</td>
<td>GT.GT.AccountPageTest@63440df3</td></tr>
<tr>
<td title='GT.GT.AccountPageTest.verifyErrorMsgOnAddSubAccountOverlayWhenTransferAmountExceedsMainAccountAvailableAmountLimit()'><b>verifyErrorMsgOnAddSubAccountOverlayWhenTransferAmountExceedsMainAccountAvailableAmountLimit</b><br>Test class: GT.GT.AccountPageTest</td>
<td></td>
<td>10</td>
<td>GT.GT.AccountPageTest@63440df3</td></tr>
<tr>
<td title='GT.GT.CreateAndCallGroupTest.verifyErrorMsgWhenWeSubmitSaveButtonWithOutEnterGrpTalkName()'><b>verifyErrorMsgWhenWeSubmitSaveButtonWithOutEnterGrpTalkName</b><br>Test class: GT.GT.CreateAndCallGroupTest</td>
<td></td>
<td>11</td>
<td>GT.GT.CreateAndCallGroupTest@396e2f39</td></tr>
<tr>
<td title='GT.GT.CreateAndCallGroupTest.verifyErrorMsgWhenWeSubmitSaveButtonWithOutSelectingAnyPhoneContacts()'><b>verifyErrorMsgWhenWeSubmitSaveButtonWithOutSelectingAnyPhoneContacts</b><br>Test class: GT.GT.CreateAndCallGroupTest</td>
<td></td>
<td>10</td>
<td>GT.GT.CreateAndCallGroupTest@396e2f39</td></tr>
<tr>
<td title='GT.GT.CreateAndCallGroupTest.verifyErrorMsgWhenWeSubmitScheduleButtonWithOutEnterGrpTalkName()'><b>verifyErrorMsgWhenWeSubmitScheduleButtonWithOutEnterGrpTalkName</b><br>Test class: GT.GT.CreateAndCallGroupTest</td>
<td></td>
<td>11</td>
<td>GT.GT.CreateAndCallGroupTest@396e2f39</td></tr>
<tr>
<td title='GT.GT.CreateAndCallGroupTest.verifyErrorMsgWhenWeSubmitScheduleButtonWithOutSelectingAnyPhoneContacts()'><b>verifyErrorMsgWhenWeSubmitScheduleButtonWithOutSelectingAnyPhoneContacts</b><br>Test class: GT.GT.CreateAndCallGroupTest</td>
<td></td>
<td>10</td>
<td>GT.GT.CreateAndCallGroupTest@396e2f39</td></tr>
<tr>
<td title='GT.GT.CreateAndCallGroupTest.verifyErrorMsgWhenWeSubmitStartNowButtonWithOutEnterGrpTalkName()'><b>verifyErrorMsgWhenWeSubmitStartNowButtonWithOutEnterGrpTalkName</b><br>Test class: GT.GT.CreateAndCallGroupTest</td>
<td></td>
<td>14</td>
<td>GT.GT.CreateAndCallGroupTest@396e2f39</td></tr>
<tr>
<td title='GT.GT.CreateAndCallGroupTest.verifyErrorMsgWhenWeSubmitStartNowButtonWithOutSelectingAnyPhoneContacts()'><b>verifyErrorMsgWhenWeSubmitStartNowButtonWithOutSelectingAnyPhoneContacts</b><br>Test class: GT.GT.CreateAndCallGroupTest</td>
<td></td>
<td>13</td>
<td>GT.GT.CreateAndCallGroupTest@396e2f39</td></tr>
<tr>
<td title='GT.GT.CreateAndCallGroupTest.verifyFooterTextDisplayedOnMyGrpTalksPage()'><b>verifyFooterTextDisplayedOnMyGrpTalksPage</b><br>Test class: GT.GT.CreateAndCallGroupTest</td>
<td></td>
<td>0</td>
<td>GT.GT.CreateAndCallGroupTest@396e2f39</td></tr>
<tr>
<td title='GT.GT.CreateAndCallGroupTest.verifyGrcallWithHandRaiseInGridView()'><b>verifyGrcallWithHandRaiseInGridView</b><br>Test class: GT.GT.CreateAndCallGroupTest</td>
<td></td>
<td>221</td>
<td>GT.GT.CreateAndCallGroupTest@396e2f39</td></tr>
<tr>
<td title='GT.GT.CreateAndCallGroupTest.verifyGrcallWithHandRaiseInListView()'><b>verifyGrcallWithHandRaiseInListView</b><br>Test class: GT.GT.CreateAndCallGroupTest</td>
<td></td>
<td>228</td>
<td>GT.GT.CreateAndCallGroupTest@396e2f39</td></tr>
<tr>
<td title='GT.GT.CreateAndCallGroupTest.verifyGrpTalkNameOnCreateGroupAndGrpTalksPages()'><b>verifyGrpTalkNameOnCreateGroupAndGrpTalksPages</b><br>Test class: GT.GT.CreateAndCallGroupTest</td>
<td></td>
<td>16</td>
<td>GT.GT.CreateAndCallGroupTest@396e2f39</td></tr>
<tr>
<td title='GT.GT.CreateAndCallGroupTest.verifyHangUpInOnGoingCallOfindividualUser()'><b>verifyHangUpInOnGoingCallOfindividualUser</b><br>Test class: GT.GT.CreateAndCallGroupTest</td>
<td></td>
<td>146</td>
<td>GT.GT.CreateAndCallGroupTest@396e2f39</td></tr>
<tr>
<td title='GT.GT.CreateAndCallGroupTest.verifyHeaderTabsAndLogosDisplayedOnGrpTalksPage()'><b>verifyHeaderTabsAndLogosDisplayedOnGrpTalksPage</b><br>Test class: GT.GT.CreateAndCallGroupTest</td>
<td></td>
<td>5</td>
<td>GT.GT.CreateAndCallGroupTest@396e2f39</td></tr>
<tr>
<td title='GT.GT.CreateAndCallGroupTest.verifyMuteAndUnmuteFunctionalityInLiveCallWhenParticipantsAreInPrivateRoom()'><b>verifyMuteAndUnmuteFunctionalityInLiveCallWhenParticipantsAreInPrivateRoom</b><br>Test class: GT.GT.CreateAndCallGroupTest</td>
<td></td>
<td>278</td>
<td>GT.GT.CreateAndCallGroupTest@396e2f39</td></tr>
<tr>
<td title='GT.GT.CreateAndCallGroupTest.verifyMuteCallFunctionalityFromCreateGroupTalkPageByCreatingNewGroup()'><b>verifyMuteCallFunctionalityFromCreateGroupTalkPageByCreatingNewGroup</b><br>Test class: GT.GT.CreateAndCallGroupTest</td>
<td></td>
<td>108</td>
<td>GT.GT.CreateAndCallGroupTest@396e2f39</td></tr>
<tr>
<td title='GT.GT.CreateAndCallGroupTest.verifyMuteDialFunctionalityFromScheduleOverlay()'><b>verifyMuteDialFunctionalityFromScheduleOverlay</b><br>Test class: GT.GT.CreateAndCallGroupTest</td>
<td></td>
<td>149</td>
<td>GT.GT.CreateAndCallGroupTest@396e2f39</td></tr>
<tr>
<td title='GT.GT.CreateAndCallGroupTest.verifyMuteDialfunctionalityOnOverlayInGrpCall()'><b>verifyMuteDialfunctionalityOnOverlayInGrpCall</b><br>Test class: GT.GT.CreateAndCallGroupTest</td>
<td></td>
<td>128</td>
<td>GT.GT.CreateAndCallGroupTest@396e2f39</td></tr>
<tr>
<td title='GT.GT.CreateAndCallGroupTest.verifyMuteFunctionalityInOnGoingGrpCallThroughNormalDial()'><b>verifyMuteFunctionalityInOnGoingGrpCallThroughNormalDial</b><br>Test class: GT.GT.CreateAndCallGroupTest</td>
<td></td>
<td>93</td>
<td>GT.GT.CreateAndCallGroupTest@396e2f39</td></tr>
<tr>
<td title='GT.GT.CreateAndCallGroupTest.verifyNonRepeatedGroupCallFunctionalityThroughHistory()'><b>verifyNonRepeatedGroupCallFunctionalityThroughHistory</b><br>Test class: GT.GT.CreateAndCallGroupTest</td>
<td></td>
<td>7</td>
<td>GT.GT.CreateAndCallGroupTest@396e2f39</td></tr>
<tr>
<td title='GT.GT.CreateAndCallGroupTest.verifyNormalAndMuteClipsFunctionalityOnSaveGroupOverlay()'><b>verifyNormalAndMuteClipsFunctionalityOnSaveGroupOverlay</b><br>Test class: GT.GT.CreateAndCallGroupTest</td>
<td></td>
<td>67</td>
<td>GT.GT.CreateAndCallGroupTest@396e2f39</td></tr>
<tr>
<td title='GT.GT.CreateAndCallGroupTest.verifyNormalAndMuteClipsFunctionalityOnScheduleOverlay()'><b>verifyNormalAndMuteClipsFunctionalityOnScheduleOverlay</b><br>Test class: GT.GT.CreateAndCallGroupTest</td>
<td></td>
<td>80</td>
<td>GT.GT.CreateAndCallGroupTest@396e2f39</td></tr>
<tr>
<td title='GT.GT.CreateAndCallGroupTest.verifyNumberOfUsersFromSelectedContactsTab()'><b>verifyNumberOfUsersFromSelectedContactsTab</b><br>Test class: GT.GT.CreateAndCallGroupTest</td>
<td></td>
<td>13</td>
<td>GT.GT.CreateAndCallGroupTest@396e2f39</td></tr>
<tr>
<td title='GT.GT.CreateAndCallGroupTest.verifyPrivateRoomFuntionalityInLiveCall()'><b>verifyPrivateRoomFuntionalityInLiveCall</b><br>Test class: GT.GT.CreateAndCallGroupTest</td>
<td></td>
<td>209</td>
<td>GT.GT.CreateAndCallGroupTest@396e2f39</td></tr>
<tr>
<td title='GT.GT.AccountPageTest.verifyPromocode()'><b>verifyPromocode</b><br>Test class: GT.GT.AccountPageTest</td>
<td></td>
<td>7</td>
<td>GT.GT.AccountPageTest@63440df3</td></tr>
<tr>
<td title='GT.GT.CreateAndCallGroupTest.verifyQuickDialButtonFunctionalityofGroupsInMyGrpTalk()'><b>verifyQuickDialButtonFunctionalityofGroupsInMyGrpTalk</b><br>Test class: GT.GT.CreateAndCallGroupTest</td>
<td></td>
<td>7</td>
<td>GT.GT.CreateAndCallGroupTest@396e2f39</td></tr>
<tr>
<td title='GT.GT.ContactsPageTest.verifyReNameListFromContactsPage()'><b>verifyReNameListFromContactsPage</b><br>Test class: GT.GT.ContactsPageTest</td>
<td></td>
<td>22</td>
<td>GT.GT.ContactsPageTest@2a556333</td></tr>
<tr>
<td title='GT.GT.AccountPageTest.verifyRechargeWithPaytm()'><b>verifyRechargeWithPaytm</b><br>Test class: GT.GT.AccountPageTest</td>
<td></td>
<td>6</td>
<td>GT.GT.AccountPageTest@63440df3</td></tr>
<tr>
<td title='GT.GT.CreateAndCallGroupTest.verifyRemoveContactFromSavedGroupOnMyGrpTalkPage()'><b>verifyRemoveContactFromSavedGroupOnMyGrpTalkPage</b><br>Test class: GT.GT.CreateAndCallGroupTest</td>
<td></td>
<td>26</td>
<td>GT.GT.CreateAndCallGroupTest@396e2f39</td></tr>
<tr>
<td title='GT.GT.CreateAndCallGroupTest.verifyRemoveFunctionalityOfSavedGroupsOnMyGrpTalkPage()'><b>verifyRemoveFunctionalityOfSavedGroupsOnMyGrpTalkPage</b><br>Test class: GT.GT.CreateAndCallGroupTest</td>
<td></td>
<td>17</td>
<td>GT.GT.CreateAndCallGroupTest@396e2f39</td></tr>
<tr>
<td title='GT.GT.CreateAndCallGroupTest.verifyRepeatDaysFunctionalityOnEditGrpTalks()'><b>verifyRepeatDaysFunctionalityOnEditGrpTalks</b><br>Test class: GT.GT.CreateAndCallGroupTest</td>
<td></td>
<td>29</td>
<td>GT.GT.CreateAndCallGroupTest@396e2f39</td></tr>
<tr>
<td title='GT.GT.CreateAndCallGroupTest.verifyRetryCallFunctionality()'><b>verifyRetryCallFunctionality</b><br>Test class: GT.GT.CreateAndCallGroupTest</td>
<td></td>
<td>101</td>
<td>GT.GT.CreateAndCallGroupTest@396e2f39</td></tr>
<tr>
<td title='GT.GT.CreateAndCallGroupTest.verifySaveGroupWithNormalAndMuteClips()'><b>verifySaveGroupWithNormalAndMuteClips</b><br>Test class: GT.GT.CreateAndCallGroupTest</td>
<td></td>
<td>46</td>
<td>GT.GT.CreateAndCallGroupTest@396e2f39</td></tr>
<tr>
<td title='GT.GT.CreateAndCallGroupTest.verifyScheduleGroupWithNormalAndMuteClips()'><b>verifyScheduleGroupWithNormalAndMuteClips</b><br>Test class: GT.GT.CreateAndCallGroupTest</td>
<td></td>
<td>56</td>
<td>GT.GT.CreateAndCallGroupTest@396e2f39</td></tr>
<tr>
<td title='GT.GT.CreateAndCallGroupTest.verifyScheduleGrpTalk()'><b>verifyScheduleGrpTalk</b><br>Test class: GT.GT.CreateAndCallGroupTest</td>
<td></td>
<td>31</td>
<td>GT.GT.CreateAndCallGroupTest@396e2f39</td></tr>
<tr>
<td title='GT.GT.CreateAndCallGroupTest.verifySearchOptionWithPartialValidUserName()'><b>verifySearchOptionWithPartialValidUserName</b><br>Test class: GT.GT.CreateAndCallGroupTest</td>
<td></td>
<td>13</td>
<td>GT.GT.CreateAndCallGroupTest@396e2f39</td></tr>
<tr>
<td title='GT.GT.CreateAndCallGroupTest.verifySearchOptionWithfullValidUserName()'><b>verifySearchOptionWithfullValidUserName</b><br>Test class: GT.GT.CreateAndCallGroupTest</td>
<td></td>
<td>13</td>
<td>GT.GT.CreateAndCallGroupTest@396e2f39</td></tr>
<tr>
<td title='GT.GT.CreateAndCallGroupTest.verifySelectContactFromContactList()'><b>verifySelectContactFromContactList</b><br>Test class: GT.GT.CreateAndCallGroupTest</td>
<td></td>
<td>11</td>
<td>GT.GT.CreateAndCallGroupTest@396e2f39</td></tr>
<tr>
<td title='GT.GT.ContactsPageTest.verifySwitchingBetweenPhoneContactsAndWeblist()'><b>verifySwitchingBetweenPhoneContactsAndWeblist</b><br>Test class: GT.GT.ContactsPageTest</td>
<td></td>
<td>3</td>
<td>GT.GT.ContactsPageTest@2a556333</td></tr>
<tr>
<td title='GT.GT.AccountPageTest.verifyTheCountOfAccountManagersInAccountManagersTab()'><b>verifyTheCountOfAccountManagersInAccountManagersTab</b><br>Test class: GT.GT.AccountPageTest</td>
<td></td>
<td>11</td>
<td>GT.GT.AccountPageTest@63440df3</td></tr>
<tr>
<td title='GT.GT.AccountPageTest.verifyViewSubAccountDetailsFunctionalityInSubAccountsTab()'><b>verifyViewSubAccountDetailsFunctionalityInSubAccountsTab</b><br>Test class: GT.GT.AccountPageTest</td>
<td></td>
<td>8</td>
<td>GT.GT.AccountPageTest@63440df3</td></tr>
<tr>
<td title='GT.GT.CreateAndCallGroupTest.verify_list_Of_Group_Users_On_MyGrpTalk_Page()'><b>verify_list_Of_Group_Users_On_MyGrpTalk_Page</b><br>Test class: GT.GT.CreateAndCallGroupTest</td>
<td></td>
<td>29</td>
<td>GT.GT.CreateAndCallGroupTest@396e2f39</td></tr>
<tr>
<td title='GT.GT.AccountPageTest.verifybalancecheckinsubaccounts()'><b>verifybalancecheckinsubaccounts</b><br>Test class: GT.GT.AccountPageTest</td>
<td></td>
<td>99</td>
<td>GT.GT.AccountPageTest@63440df3</td></tr>
<tr>
<td title='GT.GT.CreateAndCallGroupTest.verifyfunctionalityOfExcelReportDownloadOptionOnHistory()'><b>verifyfunctionalityOfExcelReportDownloadOptionOnHistory</b><br>Test class: GT.GT.CreateAndCallGroupTest</td>
<td></td>
<td>12</td>
<td>GT.GT.CreateAndCallGroupTest@396e2f39</td></tr>
<tr>
<td title='GT.GT.CreateAndCallGroupTest.verifyselectedcontactstab()'><b>verifyselectedcontactstab</b><br>Test class: GT.GT.CreateAndCallGroupTest</td>
<td></td>
<td>20</td>
<td>GT.GT.CreateAndCallGroupTest@396e2f39</td></tr>
</table><p>
</body>
</html>