<?xml version="1.0" encoding="UTF-8"?>
<!-- Generated by org.testng.reporters.JUnitXMLReporter -->
<testsuite hostname="DESKTOP-U3PMRBE" ignored="0" name="CreateAndCallGroupTest" tests="82" failures="8" timestamp="2019-12-06T19:21:02 IST" time="8112.185" errors="0">
  <testcase name="VerifyAssignCallManagerOptionInAdvancedSettingsOnOverlayForSchedule" time="23.919" classname="GT.GT.CreateAndCallGroupTest"/>
  <testcase name="VerifyDialInOptionInAdvancedSettingsOnOverlayForSchedule" time="48.014" classname="GT.GT.CreateAndCallGroupTest"/>
  <testcase name="VerifyDialInOptionInAdvancedSettingsOnOverlayInEditGrpTalk" time="39.495" classname="GT.GT.CreateAndCallGroupTest"/>
  <testcase name="createAndSaveTheGroup" time="19.736" classname="GT.GT.CreateAndCallGroupTest"/>
  <testcase name="createAndSaveTheGroupByLeaveGroupName" time="19.473" classname="GT.GT.CreateAndCallGroupTest"/>
  <testcase name="method11" time="13.42" classname="GT.GT.CreateAndCallGroupTest"/>
  <testcase name="removeLeaveGroup" time="8.719" classname="GT.GT.CreateAndCallGroupTest"/>
  <testcase name="verifyAddContactsFromContactsListByEditngSavedGroupOnMyGrpTalkPage" time="34.016" classname="GT.GT.CreateAndCallGroupTest"/>
  <testcase name="verifyAddMemberInOnGoingGrpCallFromCreateGroupTalkPageByCreatingNewGroup" time="150.787" classname="GT.GT.CreateAndCallGroupTest"/>
  <testcase name="verifyAddMemberInOnGoingGrpCallThroughContacts" time="137.946" classname="GT.GT.CreateAndCallGroupTest"/>
  <testcase name="verifyAddMemberInOnGoingGrpCallThroughWebList" time="150.829" classname="GT.GT.CreateAndCallGroupTest"/>
  <testcase name="verifyAddMoreNumberOfUsersthanMaximunLimitFromContactList" time="28.967" classname="GT.GT.CreateAndCallGroupTest">
    <failure type="org.openqa.selenium.NoSuchElementException" message="no such element: Unable to locate element: {&amp;quot;method&amp;quot;:&amp;quot;class name&amp;quot;,&amp;quot;selector&amp;quot;:&amp;quot;toast-message&amp;quot;}
  (Session info: chrome=78.0.3904.108)
  (Driver info: chromedriver=2.43.600210 (68dcf5eebde37173d4027fa8635e332711d2874a),platform=Windows NT 10.0.17763 x86_64) (WARNING: The server did not provide any stacktrace information)
Command duration or timeout: 0 milliseconds
For documentation on this error, please visit: http://seleniumhq.org/exceptions/no_such_element.html
Build info: version: &amp;apos;3.10.0&amp;apos;, revision: &amp;apos;176b4a9&amp;apos;, time: &amp;apos;2018-03-02T19:03:16.397Z&amp;apos;
System info: host: &amp;apos;DESKTOP-U3PMRBE&amp;apos;, ip: &amp;apos;169.254.86.53&amp;apos;, os.name: &amp;apos;Windows 10&amp;apos;, os.arch: &amp;apos;amd64&amp;apos;, os.version: &amp;apos;10.0&amp;apos;, java.version: &amp;apos;1.8.0_221&amp;apos;
Driver info: org.openqa.selenium.chrome.ChromeDriver
Capabilities {acceptInsecureCerts: false, acceptSslCerts: false, applicationCacheEnabled: false, browserConnectionEnabled: false, browserName: chrome, chrome: {chromedriverVersion: 2.43.600210 (68dcf5eebde371..., userDataDir: C:\Users\smsc\AppData\Local...}, cssSelectorsEnabled: true, databaseEnabled: false, goog:chromeOptions: {debuggerAddress: localhost:12434}, handlesAlerts: true, hasTouchScreen: false, javascriptEnabled: true, locationContextEnabled: true, mobileEmulationEnabled: false, nativeEvents: true, networkConnectionEnabled: false, pageLoadStrategy: normal, platform: XP, platformName: XP, rotatable: false, setWindowRect: true, takesHeapSnapshot: true, takesScreenshot: true, unexpectedAlertBehaviour: , unhandledPromptBehavior: , version: 78.0.3904.108, webStorageEnabled: true}
Session ID: 2ba5b836e46ed9f0519fd2a3ffb71725
*** Element info: {Using=class name, value=toast-message}">
      <![CDATA[org.openqa.selenium.NoSuchElementException: no such element: Unable to locate element: {"method":"class name","selector":"toast-message"}
  (Session info: chrome=78.0.3904.108)
  (Driver info: chromedriver=2.43.600210 (68dcf5eebde37173d4027fa8635e332711d2874a),platform=Windows NT 10.0.17763 x86_64) (WARNING: The server did not provide any stacktrace information)
Command duration or timeout: 0 milliseconds
For documentation on this error, please visit: http://seleniumhq.org/exceptions/no_such_element.html
Build info: version: '3.10.0', revision: '176b4a9', time: '2018-03-02T19:03:16.397Z'
System info: host: 'DESKTOP-U3PMRBE', ip: '169.254.86.53', os.name: 'Windows 10', os.arch: 'amd64', os.version: '10.0', java.version: '1.8.0_221'
Driver info: org.openqa.selenium.chrome.ChromeDriver
Capabilities {acceptInsecureCerts: false, acceptSslCerts: false, applicationCacheEnabled: false, browserConnectionEnabled: false, browserName: chrome, chrome: {chromedriverVersion: 2.43.600210 (68dcf5eebde371..., userDataDir: C:\Users\smsc\AppData\Local...}, cssSelectorsEnabled: true, databaseEnabled: false, goog:chromeOptions: {debuggerAddress: localhost:12434}, handlesAlerts: true, hasTouchScreen: false, javascriptEnabled: true, locationContextEnabled: true, mobileEmulationEnabled: false, nativeEvents: true, networkConnectionEnabled: false, pageLoadStrategy: normal, platform: XP, platformName: XP, rotatable: false, setWindowRect: true, takesHeapSnapshot: true, takesScreenshot: true, unexpectedAlertBehaviour: , unhandledPromptBehavior: , version: 78.0.3904.108, webStorageEnabled: true}
Session ID: 2ba5b836e46ed9f0519fd2a3ffb71725
*** Element info: {Using=class name, value=toast-message}
at org.openqa.selenium.remote.ErrorHandler.createThrowable(ErrorHandler.java:214)
at org.openqa.selenium.remote.ErrorHandler.throwIfResponseFailed(ErrorHandler.java:166)
at org.openqa.selenium.remote.http.JsonHttpResponseCodec.reconstructValue(JsonHttpResponseCodec.java:40)
at org.openqa.selenium.remote.http.AbstractHttpResponseCodec.decode(AbstractHttpResponseCodec.java:80)
at org.openqa.selenium.remote.http.AbstractHttpResponseCodec.decode(AbstractHttpResponseCodec.java:44)
at org.openqa.selenium.remote.HttpCommandExecutor.execute(HttpCommandExecutor.java:160)
at org.openqa.selenium.remote.service.DriverCommandExecutor.execute(DriverCommandExecutor.java:83)
at org.openqa.selenium.remote.RemoteWebDriver.execute(RemoteWebDriver.java:601)
at org.openqa.selenium.remote.RemoteWebDriver.findElement(RemoteWebDriver.java:371)
at org.openqa.selenium.remote.RemoteWebDriver.findElementByClassName(RemoteWebDriver.java:457)
at org.openqa.selenium.By$ByClassName.findElement(By.java:391)
at org.openqa.selenium.remote.RemoteWebDriver.findElement(RemoteWebDriver.java:363)
at utility.CommonMethods.getTextMethod(CommonMethods.java:65)
at GT.GT.CreateAndCallGroupTest.verifyAddMoreNumberOfUsersthanMaximunLimitFromContactList(CreateAndCallGroupTest.java:841)
at java.util.ArrayList.forEach(Unknown Source)
... Removed 31 stack frames]]>
    </failure>
  </testcase> <!-- verifyAddMoreNumberOfUsersthanMaximunLimitFromContactList -->
  <testcase name="verifyAllButtonsDisplayedOnCallOverlay" time="11.723" classname="GT.GT.CreateAndCallGroupTest"/>
  <testcase name="verifyCallFunctionalityFromAllMembersTab" time="264.356" classname="GT.GT.CreateAndCallGroupTest"/>
  <testcase name="verifyCallFunctionalityFromAllMembersTabInListView" time="199.755" classname="GT.GT.CreateAndCallGroupTest"/>
  <testcase name="verifyCallFunctionalityFromCreateGroupTalkPageByCreatingNewGroup" time="93.648" classname="GT.GT.CreateAndCallGroupTest"/>
  <testcase name="verifyCallFunctionalityFromOnCallTab" time="269.758" classname="GT.GT.CreateAndCallGroupTest"/>
  <testcase name="verifyCallFunctionalityFromOnCallTabInListView" time="220.172" classname="GT.GT.CreateAndCallGroupTest"/>
  <testcase name="verifyCallFunctionalityFromQuickDialButtonInMyGrpTalk" time="134.067" classname="GT.GT.CreateAndCallGroupTest"/>
  <testcase name="verifyCallFunctionalityFromUnMutedCount" time="70.923" classname="GT.GT.CreateAndCallGroupTest">
    <failure type="java.lang.AssertionError" message="expected [4] but found [0]">
      <![CDATA[java.lang.AssertionError: expected [4] but found [0]
at GT.GT.CreateAndCallGroupTest.verifyCallFunctionalityFromUnMutedCount(CreateAndCallGroupTest.java:4082)
at java.util.ArrayList.forEach(Unknown Source)
... Removed 32 stack frames]]>
    </failure>
  </testcase> <!-- verifyCallFunctionalityFromUnMutedCount -->
  <testcase name="verifyCallFunctionalityFromUnMutedCountInListView" time="50.834" classname="GT.GT.CreateAndCallGroupTest">
    <failure type="java.lang.AssertionError" message="expected [4] but found [0]">
      <![CDATA[java.lang.AssertionError: expected [4] but found [0]
at GT.GT.CreateAndCallGroupTest.verifyCallFunctionalityFromUnMutedCountInListView(CreateAndCallGroupTest.java:4240)
at java.util.ArrayList.forEach(Unknown Source)
... Removed 32 stack frames]]>
    </failure>
  </testcase> <!-- verifyCallFunctionalityFromUnMutedCountInListView -->
  <testcase name="verifyCallFunctionalityOfContactsFromCreateGroupTalkPage" time="242.543" classname="GT.GT.CreateAndCallGroupTest"/>
  <testcase name="verifyCallFunctionalityOfDialAllButtonInCallEndedTab" time="130.571" classname="GT.GT.CreateAndCallGroupTest"/>
  <testcase name="verifyCallFunctionalityOfIndividualDialInCallEndedTab" time="184.194" classname="GT.GT.CreateAndCallGroupTest"/>
  <testcase name="verifyCallFunctionalityOfIndividualDialInCallEndedTabInListView" time="155.673" classname="GT.GT.CreateAndCallGroupTest"/>
  <testcase name="verifyCallFunctionalityOfListMembers" time="149.206" classname="GT.GT.CreateAndCallGroupTest"/>
  <testcase name="verifyCallFunctionalityOfTestContactsFromCreateGroupTalkPage" time="74.105" classname="GT.GT.CreateAndCallGroupTest"/>
  <testcase name="verifyCallFunctionalityWhenMuteAllButtonIsClickedInUnMutedTab" time="153.823" classname="GT.GT.CreateAndCallGroupTest"/>
  <testcase name="verifyCancelOptionForScheduleGroup" time="40.647" classname="GT.GT.CreateAndCallGroupTest"/>
  <testcase name="verifyCanclefunctionalityOnOverlayInGrpCall" time="8.986" classname="GT.GT.CreateAndCallGroupTest"/>
  <testcase name="verifyContactListInPhoneContacts" time="12.432" classname="GT.GT.CreateAndCallGroupTest"/>
  <testcase name="verifyCreateListFromExcelUploadOnCreateGrpPage" time="28.568" classname="GT.GT.CreateAndCallGroupTest"/>
  <testcase name="verifyCreateListFromExcelUploadandphonecontacts" time="22.804" classname="GT.GT.CreateAndCallGroupTest">
    <failure type="org.openqa.selenium.ElementNotVisibleException" message="element not interactable
  (Session info: chrome=78.0.3904.108)
  (Driver info: chromedriver=2.43.600210 (68dcf5eebde37173d4027fa8635e332711d2874a),platform=Windows NT 10.0.17763 x86_64) (WARNING: The server did not provide any stacktrace information)
Command duration or timeout: 0 milliseconds
Build info: version: &amp;apos;3.10.0&amp;apos;, revision: &amp;apos;176b4a9&amp;apos;, time: &amp;apos;2018-03-02T19:03:16.397Z&amp;apos;
System info: host: &amp;apos;DESKTOP-U3PMRBE&amp;apos;, ip: &amp;apos;169.254.86.53&amp;apos;, os.name: &amp;apos;Windows 10&amp;apos;, os.arch: &amp;apos;amd64&amp;apos;, os.version: &amp;apos;10.0&amp;apos;, java.version: &amp;apos;1.8.0_221&amp;apos;
Driver info: org.openqa.selenium.chrome.ChromeDriver
Capabilities {acceptInsecureCerts: false, acceptSslCerts: false, applicationCacheEnabled: false, browserConnectionEnabled: false, browserName: chrome, chrome: {chromedriverVersion: 2.43.600210 (68dcf5eebde371..., userDataDir: C:\Users\smsc\AppData\Local...}, cssSelectorsEnabled: true, databaseEnabled: false, goog:chromeOptions: {debuggerAddress: localhost:12434}, handlesAlerts: true, hasTouchScreen: false, javascriptEnabled: true, locationContextEnabled: true, mobileEmulationEnabled: false, nativeEvents: true, networkConnectionEnabled: false, pageLoadStrategy: normal, platform: XP, platformName: XP, rotatable: false, setWindowRect: true, takesHeapSnapshot: true, takesScreenshot: true, unexpectedAlertBehaviour: , unhandledPromptBehavior: , version: 78.0.3904.108, webStorageEnabled: true}
Session ID: 2ba5b836e46ed9f0519fd2a3ffb71725">
      <![CDATA[org.openqa.selenium.ElementNotVisibleException: element not interactable
  (Session info: chrome=78.0.3904.108)
  (Driver info: chromedriver=2.43.600210 (68dcf5eebde37173d4027fa8635e332711d2874a),platform=Windows NT 10.0.17763 x86_64) (WARNING: The server did not provide any stacktrace information)
Command duration or timeout: 0 milliseconds
Build info: version: '3.10.0', revision: '176b4a9', time: '2018-03-02T19:03:16.397Z'
System info: host: 'DESKTOP-U3PMRBE', ip: '169.254.86.53', os.name: 'Windows 10', os.arch: 'amd64', os.version: '10.0', java.version: '1.8.0_221'
Driver info: org.openqa.selenium.chrome.ChromeDriver
Capabilities {acceptInsecureCerts: false, acceptSslCerts: false, applicationCacheEnabled: false, browserConnectionEnabled: false, browserName: chrome, chrome: {chromedriverVersion: 2.43.600210 (68dcf5eebde371..., userDataDir: C:\Users\smsc\AppData\Local...}, cssSelectorsEnabled: true, databaseEnabled: false, goog:chromeOptions: {debuggerAddress: localhost:12434}, handlesAlerts: true, hasTouchScreen: false, javascriptEnabled: true, locationContextEnabled: true, mobileEmulationEnabled: false, nativeEvents: true, networkConnectionEnabled: false, pageLoadStrategy: normal, platform: XP, platformName: XP, rotatable: false, setWindowRect: true, takesHeapSnapshot: true, takesScreenshot: true, unexpectedAlertBehaviour: , unhandledPromptBehavior: , version: 78.0.3904.108, webStorageEnabled: true}
Session ID: 2ba5b836e46ed9f0519fd2a3ffb71725
at org.openqa.selenium.remote.ErrorHandler.createThrowable(ErrorHandler.java:214)
at org.openqa.selenium.remote.ErrorHandler.throwIfResponseFailed(ErrorHandler.java:166)
at org.openqa.selenium.remote.http.JsonHttpResponseCodec.reconstructValue(JsonHttpResponseCodec.java:40)
at org.openqa.selenium.remote.http.AbstractHttpResponseCodec.decode(AbstractHttpResponseCodec.java:80)
at org.openqa.selenium.remote.http.AbstractHttpResponseCodec.decode(AbstractHttpResponseCodec.java:44)
at org.openqa.selenium.remote.HttpCommandExecutor.execute(HttpCommandExecutor.java:160)
at org.openqa.selenium.remote.service.DriverCommandExecutor.execute(DriverCommandExecutor.java:83)
at org.openqa.selenium.remote.RemoteWebDriver.execute(RemoteWebDriver.java:601)
at org.openqa.selenium.remote.RemoteWebElement.execute(RemoteWebElement.java:279)
at org.openqa.selenium.remote.RemoteWebElement.click(RemoteWebElement.java:83)
at GT.GT.CreatingGroup.givenExcelSheetDetailsOnOverlay(CreatingGroup.java:628)
at GT.GT.CreateAndCallGroupTest.verifyCreateListFromExcelUploadandphonecontacts(CreateAndCallGroupTest.java:4975)
at java.util.ArrayList.forEach(Unknown Source)
... Removed 31 stack frames]]>
    </failure>
  </testcase> <!-- verifyCreateListFromExcelUploadandphonecontacts -->
  <testcase name="verifyCreateWebLIstFromCreateGrpPage" time="8.581" classname="GT.GT.CreateAndCallGroupTest"/>
  <testcase name="verifyDatePickerFunctionalityForScheduleOnEditGrpTalks" time="31.413" classname="GT.GT.CreateAndCallGroupTest"/>
  <testcase name="verifyDatePickerFunctionalityOnEditGrpTalks" time="32.129" classname="GT.GT.CreateAndCallGroupTest"/>
  <testcase name="verifyDeleteNormalAndMuteClipsFromScheduleGRoup" time="81.845" classname="GT.GT.CreateAndCallGroupTest"/>
  <testcase name="verifyDialFunctionalityOfScheduleGroup" time="139.293" classname="GT.GT.CreateAndCallGroupTest"/>
  <testcase name="verifyEditGroupWithNormalAndMuteClips" time="55.807" classname="GT.GT.CreateAndCallGroupTest"/>
  <testcase name="verifyErrorMessageWhenJunkDataGivenInSearchBox" time="10.739" classname="GT.GT.CreateAndCallGroupTest"/>
  <testcase name="verifyErrorMsgWhenWeSubmitSaveButtonWithOutEnterGrpTalkName" time="11.916" classname="GT.GT.CreateAndCallGroupTest"/>
  <testcase name="verifyErrorMsgWhenWeSubmitSaveButtonWithOutSelectingAnyPhoneContacts" time="10.456" classname="GT.GT.CreateAndCallGroupTest"/>
  <testcase name="verifyErrorMsgWhenWeSubmitScheduleButtonWithOutEnterGrpTalkName" time="11.952" classname="GT.GT.CreateAndCallGroupTest"/>
  <testcase name="verifyErrorMsgWhenWeSubmitScheduleButtonWithOutSelectingAnyPhoneContacts" time="10.468" classname="GT.GT.CreateAndCallGroupTest"/>
  <testcase name="verifyErrorMsgWhenWeSubmitStartNowButtonWithOutEnterGrpTalkName" time="14.88" classname="GT.GT.CreateAndCallGroupTest"/>
  <testcase name="verifyErrorMsgWhenWeSubmitStartNowButtonWithOutSelectingAnyPhoneContacts" time="13.445" classname="GT.GT.CreateAndCallGroupTest"/>
  <testcase name="verifyFooterTextDisplayedOnMyGrpTalksPage" time="0.056" classname="GT.GT.CreateAndCallGroupTest"/>
  <testcase name="verifyGrcallWithHandRaiseInGridView" time="221.559" classname="GT.GT.CreateAndCallGroupTest"/>
  <testcase name="verifyGrcallWithHandRaiseInListView" time="228.025" classname="GT.GT.CreateAndCallGroupTest"/>
  <testcase name="verifyGrpTalkNameOnCreateGroupAndGrpTalksPages" time="16.934" classname="GT.GT.CreateAndCallGroupTest"/>
  <testcase name="verifyHangUpInOnGoingCallOfindividualUser" time="146.397" classname="GT.GT.CreateAndCallGroupTest"/>
  <testcase name="verifyHeaderTabsAndLogosDisplayedOnGrpTalksPage" time="5.16" classname="GT.GT.CreateAndCallGroupTest"/>
  <testcase name="verifyHistoryOfGroup" time="11.981" classname="GT.GT.CreateAndCallGroupTest">
    <failure type="java.lang.NumberFormatException" message="For input string: &amp;quot;&amp;quot;">
      <![CDATA[java.lang.NumberFormatException: For input string: ""
at java.lang.NumberFormatException.forInputString(Unknown Source)
at java.lang.Integer.parseInt(Unknown Source)
at java.lang.Integer.parseInt(Unknown Source)
at GT.GT.GrpTalks.groupTotalDialOutMinsOnHistory(GrpTalks.java:901)
at GT.GT.CreateAndCallGroupTest.verifyHistoryOfGroup(CreateAndCallGroupTest.java:2486)
at java.util.ArrayList.forEach(Unknown Source)
... Removed 27 stack frames]]>
    </failure>
  </testcase> <!-- verifyHistoryOfGroup -->
  <testcase name="verifyMuteAndUnmuteFunctionalityInLiveCallWhenParticipantsAreInPrivateRoom" time="278.026" classname="GT.GT.CreateAndCallGroupTest"/>
  <testcase name="verifyMuteCallFunctionalityFromCreateGroupTalkPageByCreatingNewGroup" time="108.986" classname="GT.GT.CreateAndCallGroupTest"/>
  <testcase name="verifyMuteDialFunctionalityFromScheduleOverlay" time="149.331" classname="GT.GT.CreateAndCallGroupTest"/>
  <testcase name="verifyMuteDialfunctionalityOnOverlayInGrpCall" time="128.171" classname="GT.GT.CreateAndCallGroupTest"/>
  <testcase name="verifyMuteFunctionalityInOnGoingGrpCallThroughNormalDial" time="93.232" classname="GT.GT.CreateAndCallGroupTest"/>
  <testcase name="verifyNonRepeatedGroupCallFunctionalityThroughHistory" time="7.008" classname="GT.GT.CreateAndCallGroupTest"/>
  <testcase name="verifyNormalAndMuteClipsFunctionalityOnSaveGroupOverlay" time="67.159" classname="GT.GT.CreateAndCallGroupTest"/>
  <testcase name="verifyNormalAndMuteClipsFunctionalityOnScheduleOverlay" time="80.412" classname="GT.GT.CreateAndCallGroupTest"/>
  <testcase name="verifyNumberOfUsersFromSelectedContactsTab" time="13.841" classname="GT.GT.CreateAndCallGroupTest"/>
  <testcase name="verifyPrivateRoomFuntionalityInLiveCall" time="209.391" classname="GT.GT.CreateAndCallGroupTest"/>
  <testcase name="verifyPrivateRoomFuntionalityInLiveCallListView" time="109.258" classname="GT.GT.CreateAndCallGroupTest">
    <failure type="org.openqa.selenium.NoSuchElementException" message="no such element: Unable to locate element: {&amp;quot;method&amp;quot;:&amp;quot;xpath&amp;quot;,&amp;quot;selector&amp;quot;:&amp;quot;//td[@class=&amp;apos;text-center privateRoomBadgeTb&amp;apos;]//span[@class=&amp;apos;pull - left private_icn&amp;apos;]&amp;quot;}
  (Session info: chrome=78.0.3904.108)
  (Driver info: chromedriver=2.43.600210 (68dcf5eebde37173d4027fa8635e332711d2874a),platform=Windows NT 10.0.17763 x86_64) (WARNING: The server did not provide any stacktrace information)
Command duration or timeout: 0 milliseconds
For documentation on this error, please visit: http://seleniumhq.org/exceptions/no_such_element.html
Build info: version: &amp;apos;3.10.0&amp;apos;, revision: &amp;apos;176b4a9&amp;apos;, time: &amp;apos;2018-03-02T19:03:16.397Z&amp;apos;
System info: host: &amp;apos;DESKTOP-U3PMRBE&amp;apos;, ip: &amp;apos;169.254.86.53&amp;apos;, os.name: &amp;apos;Windows 10&amp;apos;, os.arch: &amp;apos;amd64&amp;apos;, os.version: &amp;apos;10.0&amp;apos;, java.version: &amp;apos;1.8.0_221&amp;apos;
Driver info: org.openqa.selenium.chrome.ChromeDriver
Capabilities {acceptInsecureCerts: false, acceptSslCerts: false, applicationCacheEnabled: false, browserConnectionEnabled: false, browserName: chrome, chrome: {chromedriverVersion: 2.43.600210 (68dcf5eebde371..., userDataDir: C:\Users\smsc\AppData\Local...}, cssSelectorsEnabled: true, databaseEnabled: false, goog:chromeOptions: {debuggerAddress: localhost:12434}, handlesAlerts: true, hasTouchScreen: false, javascriptEnabled: true, locationContextEnabled: true, mobileEmulationEnabled: false, nativeEvents: true, networkConnectionEnabled: false, pageLoadStrategy: normal, platform: XP, platformName: XP, rotatable: false, setWindowRect: true, takesHeapSnapshot: true, takesScreenshot: true, unexpectedAlertBehaviour: , unhandledPromptBehavior: , version: 78.0.3904.108, webStorageEnabled: true}
Session ID: 2ba5b836e46ed9f0519fd2a3ffb71725
*** Element info: {Using=xpath, value=//td[@class=&amp;apos;text-center privateRoomBadgeTb&amp;apos;]//span[@class=&amp;apos;pull - left private_icn&amp;apos;]}">
      <![CDATA[org.openqa.selenium.NoSuchElementException: no such element: Unable to locate element: {"method":"xpath","selector":"//td[@class='text-center privateRoomBadgeTb']//span[@class='pull - left private_icn']"}
  (Session info: chrome=78.0.3904.108)
  (Driver info: chromedriver=2.43.600210 (68dcf5eebde37173d4027fa8635e332711d2874a),platform=Windows NT 10.0.17763 x86_64) (WARNING: The server did not provide any stacktrace information)
Command duration or timeout: 0 milliseconds
For documentation on this error, please visit: http://seleniumhq.org/exceptions/no_such_element.html
Build info: version: '3.10.0', revision: '176b4a9', time: '2018-03-02T19:03:16.397Z'
System info: host: 'DESKTOP-U3PMRBE', ip: '169.254.86.53', os.name: 'Windows 10', os.arch: 'amd64', os.version: '10.0', java.version: '1.8.0_221'
Driver info: org.openqa.selenium.chrome.ChromeDriver
Capabilities {acceptInsecureCerts: false, acceptSslCerts: false, applicationCacheEnabled: false, browserConnectionEnabled: false, browserName: chrome, chrome: {chromedriverVersion: 2.43.600210 (68dcf5eebde371..., userDataDir: C:\Users\smsc\AppData\Local...}, cssSelectorsEnabled: true, databaseEnabled: false, goog:chromeOptions: {debuggerAddress: localhost:12434}, handlesAlerts: true, hasTouchScreen: false, javascriptEnabled: true, locationContextEnabled: true, mobileEmulationEnabled: false, nativeEvents: true, networkConnectionEnabled: false, pageLoadStrategy: normal, platform: XP, platformName: XP, rotatable: false, setWindowRect: true, takesHeapSnapshot: true, takesScreenshot: true, unexpectedAlertBehaviour: , unhandledPromptBehavior: , version: 78.0.3904.108, webStorageEnabled: true}
Session ID: 2ba5b836e46ed9f0519fd2a3ffb71725
*** Element info: {Using=xpath, value=//td[@class='text-center privateRoomBadgeTb']//span[@class='pull - left private_icn']}
at org.openqa.selenium.remote.ErrorHandler.createThrowable(ErrorHandler.java:214)
at org.openqa.selenium.remote.ErrorHandler.throwIfResponseFailed(ErrorHandler.java:166)
at org.openqa.selenium.remote.http.JsonHttpResponseCodec.reconstructValue(JsonHttpResponseCodec.java:40)
at org.openqa.selenium.remote.http.AbstractHttpResponseCodec.decode(AbstractHttpResponseCodec.java:80)
at org.openqa.selenium.remote.http.AbstractHttpResponseCodec.decode(AbstractHttpResponseCodec.java:44)
at org.openqa.selenium.remote.HttpCommandExecutor.execute(HttpCommandExecutor.java:160)
at org.openqa.selenium.remote.service.DriverCommandExecutor.execute(DriverCommandExecutor.java:83)
at org.openqa.selenium.remote.RemoteWebDriver.execute(RemoteWebDriver.java:601)
at org.openqa.selenium.remote.RemoteWebDriver.findElement(RemoteWebDriver.java:371)
at org.openqa.selenium.remote.RemoteWebDriver.findElementByXPath(RemoteWebDriver.java:473)
at org.openqa.selenium.By$ByXPath.findElement(By.java:361)
at org.openqa.selenium.remote.RemoteWebDriver.findElement(RemoteWebDriver.java:363)
at GT.GT.GrpTalks.participantMovingBackTocallInListView(GrpTalks.java:483)
at GT.GT.CreateAndCallGroupTest.verifyPrivateRoomFuntionalityInLiveCallListView(CreateAndCallGroupTest.java:3871)
at java.util.ArrayList.forEach(Unknown Source)
... Removed 31 stack frames]]>
    </failure>
  </testcase> <!-- verifyPrivateRoomFuntionalityInLiveCallListView -->
  <testcase name="verifyQuickDialButtonFunctionalityofGroupsInMyGrpTalk" time="7.251" classname="GT.GT.CreateAndCallGroupTest"/>
  <testcase name="verifyRemoveContactFromSavedGroupOnMyGrpTalkPage" time="26.876" classname="GT.GT.CreateAndCallGroupTest"/>
  <testcase name="verifyRemoveFunctionalityOfSavedGroupsOnMyGrpTalkPage" time="17.477" classname="GT.GT.CreateAndCallGroupTest"/>
  <testcase name="verifyRepeatDaysFunctionalityOnEditGrpTalks" time="29.402" classname="GT.GT.CreateAndCallGroupTest"/>
  <testcase name="verifyRetryCallFunctionality" time="101.249" classname="GT.GT.CreateAndCallGroupTest"/>
  <testcase name="verifySaveGroupWithNormalAndMuteClips" time="46.53" classname="GT.GT.CreateAndCallGroupTest"/>
  <testcase name="verifyScheduleGroupWithNormalAndMuteClips" time="56.263" classname="GT.GT.CreateAndCallGroupTest"/>
  <testcase name="verifyScheduleGrpTalk" time="31.876" classname="GT.GT.CreateAndCallGroupTest"/>
  <testcase name="verifySearchOptionWithPartialValidUserName" time="13.56" classname="GT.GT.CreateAndCallGroupTest"/>
  <testcase name="verifySearchOptionWithfullValidUserName" time="13.604" classname="GT.GT.CreateAndCallGroupTest"/>
  <testcase name="verifySelectContactFromContactList" time="11.842" classname="GT.GT.CreateAndCallGroupTest"/>
  <testcase name="verifySelectSpecificCharacterOfContactsInPhoneContacts" time="15.601" classname="GT.GT.CreateAndCallGroupTest">
    <failure type="java.lang.StringIndexOutOfBoundsException" message="String index out of range: 0">
      <![CDATA[java.lang.StringIndexOutOfBoundsException: String index out of range: 0
at java.lang.String.charAt(Unknown Source)
at GT.GT.CreatingGroup.verifyContactsStartsWithSpecialCharacters(CreatingGroup.java:521)
at GT.GT.CreateAndCallGroupTest.verifySelectSpecificCharacterOfContactsInPhoneContacts(CreateAndCallGroupTest.java:794)
at java.util.ArrayList.forEach(Unknown Source)
... Removed 27 stack frames]]>
    </failure>
  </testcase> <!-- verifySelectSpecificCharacterOfContactsInPhoneContacts -->
  <testcase name="verifyUnMuteFromMuteDialfunctionalityInGrpCall" time="130.372" classname="GT.GT.CreateAndCallGroupTest">
    <failure type="java.lang.AssertionError" message="expected [11] but found [10]">
      <![CDATA[java.lang.AssertionError: expected [11] but found [10]
at GT.GT.CreateAndCallGroupTest.verifyUnMuteFromMuteDialfunctionalityInGrpCall(CreateAndCallGroupTest.java:2144)
at java.util.ArrayList.forEach(Unknown Source)
... Removed 32 stack frames]]>
    </failure>
  </testcase> <!-- verifyUnMuteFromMuteDialfunctionalityInGrpCall -->
  <testcase name="verify_list_Of_Group_Users_On_MyGrpTalk_Page" time="29.25" classname="GT.GT.CreateAndCallGroupTest"/>
  <testcase name="verifyfunctionalityOfExcelReportDownloadOptionOnHistory" time="12.729" classname="GT.GT.CreateAndCallGroupTest"/>
  <testcase name="verifyselectedcontactstab" time="20.914" classname="GT.GT.CreateAndCallGroupTest"/>
  <testcase name="VerifyAllowNonMembersOptionInAdvancedSettingsOnOverlayInEditGrpTalk" time="39.653" classname="GT.GT.CreateAndCallGroupTest"/>
  <testcase name="VerifyDialInOptionAndAllowNonMembersOptionInAdvancedSettingsOnOverlayInEditGrpTalk" time="39.149" classname="GT.GT.CreateAndCallGroupTest"/>
</testsuite> <!-- CreateAndCallGroupTest -->
